SWAP(1,13)
# 3 4 14 69 82 70 28 100 73 17 34 83 91 74 66 40
SWAP(3,9)
# 3 4 14 17 82 70 28 100 73 69 34 83 91 74 66 40
SWAP(4,6)
# 3 4 14 17 28 70 82 100 73 69 34 83 91 74 66 40
SWAP(5,10)
# 3 4 14 17 28 34 82 100 73 69 70 83 91 74 66 40
SWAP(6,15)
# 3 4 14 17 28 34 40 100 73 69 70 83 91 74 66 82
SWAP(7,14)
# 3 4 14 17 28 34 40 66 73 69 70 83 91 74 100 82
SWAP(8,9)
# 3 4 14 17 28 34 40 66 69 73 70 83 91 74 100 82
SWAP(9,10)
# 3 4 14 17 28 34 40 66 69 70 73 83 91 74 100 82
SWAP(11,13)
# 3 4 14 17 28 34 40 66 69 70 73 74 91 83 100 82
SWAP(12,15)
# 3 4 14 17 28 34 40 66 69 70 73 74 82 83 100 91
SWAP(14,15)
# 3 4 14 17 28 34 40 66 69 70 73 74 82 83 91 100
3 4 14 17 28 34 40 66 69 70 73 74 82 83 91 100
120
