SWAP(0,3)
# 3 93 37 39 61 19 20 64 55 6 78 87 17 48 35 62 53 100 47 7
SWAP(1,9)
# 3 6 37 39 61 19 20 64 55 93 78 87 17 48 35 62 53 100 47 7
SWAP(2,19)
# 3 6 7 39 61 19 20 64 55 93 78 87 17 48 35 62 53 100 47 37
SWAP(3,12)
# 3 6 7 17 61 19 20 64 55 93 78 87 39 48 35 62 53 100 47 37
SWAP(4,5)
# 3 6 7 17 19 61 20 64 55 93 78 87 39 48 35 62 53 100 47 37
SWAP(5,6)
# 3 6 7 17 19 20 61 64 55 93 78 87 39 48 35 62 53 100 47 37
SWAP(6,14)
# 3 6 7 17 19 20 35 64 55 93 78 87 39 48 61 62 53 100 47 37
SWAP(7,19)
# 3 6 7 17 19 20 35 37 55 93 78 87 39 48 61 62 53 100 47 64
SWAP(8,12)
# 3 6 7 17 19 20 35 37 39 93 78 87 55 48 61 62 53 100 47 64
SWAP(9,18)
# 3 6 7 17 19 20 35 37 39 47 78 87 55 48 61 62 53 100 93 64
SWAP(10,13)
# 3 6 7 17 19 20 35 37 39 47 48 87 55 78 61 62 53 100 93 64
SWAP(11,16)
# 3 6 7 17 19 20 35 37 39 47 48 53 55 78 61 62 87 100 93 64
SWAP(13,14)
# 3 6 7 17 19 20 35 37 39 47 48 53 55 61 78 62 87 100 93 64
SWAP(14,15)
# 3 6 7 17 19 20 35 37 39 47 48 53 55 61 62 78 87 100 93 64
SWAP(15,19)
# 3 6 7 17 19 20 35 37 39 47 48 53 55 61 62 64 87 100 93 78
SWAP(16,19)
# 3 6 7 17 19 20 35 37 39 47 48 53 55 61 62 64 78 100 93 87
SWAP(17,19)
# 3 6 7 17 19 20 35 37 39 47 48 53 55 61 62 64 78 87 93 100
3 6 7 17 19 20 35 37 39 47 48 53 55 61 62 64 78 87 93 100
190
