SWAP(0,2)
# 4 68 23 28 95 52 30 73 96 5 38 83 76 55 36 54 72 6 17 10 49 86 43 46
SWAP(1,9)
# 4 5 23 28 95 52 30 73 96 68 38 83 76 55 36 54 72 6 17 10 49 86 43 46
SWAP(2,17)
# 4 5 6 28 95 52 30 73 96 68 38 83 76 55 36 54 72 23 17 10 49 86 43 46
SWAP(3,19)
# 4 5 6 10 95 52 30 73 96 68 38 83 76 55 36 54 72 23 17 28 49 86 43 46
SWAP(4,18)
# 4 5 6 10 17 52 30 73 96 68 38 83 76 55 36 54 72 23 95 28 49 86 43 46
SWAP(5,17)
# 4 5 6 10 17 23 30 73 96 68 38 83 76 55 36 54 72 52 95 28 49 86 43 46
SWAP(6,19)
# 4 5 6 10 17 23 28 73 96 68 38 83 76 55 36 54 72 52 95 30 49 86 43 46
SWAP(7,19)
# 4 5 6 10 17 23 28 30 96 68 38 83 76 55 36 54 72 52 95 73 49 86 43 46
SWAP(8,14)
# 4 5 6 10 17 23 28 30 36 68 38 83 76 55 96 54 72 52 95 73 49 86 43 46
SWAP(9,10)
# 4 5 6 10 17 23 28 30 36 38 68 83 76 55 96 54 72 52 95 73 49 86 43 46
SWAP(10,22)
# 4 5 6 10 17 23 28 30 36 38 43 83 76 55 96 54 72 52 95 73 49 86 68 46
SWAP(11,23)
# 4 5 6 10 17 23 28 30 36 38 43 46 76 55 96 54 72 52 95 73 49 86 68 83
SWAP(12,20)
# 4 5 6 10 17 23 28 30 36 38 43 46 49 55 96 54 72 52 95 73 76 86 68 83
SWAP(13,17)
# 4 5 6 10 17 23 28 30 36 38 43 46 49 52 96 54 72 55 95 73 76 86 68 83
SWAP(14,15)
# 4 5 6 10 17 23 28 30 36 38 43 46 49 52 54 96 72 55 95 73 76 86 68 83
SWAP(15,17)
# 4 5 6 10 17 23 28 30 36 38 43 46 49 52 54 55 72 96 95 73 76 86 68 83
SWAP(16,22)
# 4 5 6 10 17 23 28 30 36 38 43 46 49 52 54 55 68 96 95 73 76 86 72 83
SWAP(17,22)
# 4 5 6 10 17 23 28 30 36 38 43 46 49 52 54 55 68 72 95 73 76 86 96 83
SWAP(18,19)
# 4 5 6 10 17 23 28 30 36 38 43 46 49 52 54 55 68 72 73 95 76 86 96 83
SWAP(19,20)
# 4 5 6 10 17 23 28 30 36 38 43 46 49 52 54 55 68 72 73 76 95 86 96 83
SWAP(20,23)
# 4 5 6 10 17 23 28 30 36 38 43 46 49 52 54 55 68 72 73 76 83 86 96 95
SWAP(22,23)
# 4 5 6 10 17 23 28 30 36 38 43 46 49 52 54 55 68 72 73 76 83 86 95 96
4 5 6 10 17 23 28 30 36 38 43 46 49 52 54 55 68 72 73 76 83 86 95 96
276
