SWAP(0,4)
# 4 70 80 74 46 6 88 86 75 37 39 7 47 34 38 66 12 91 89 93 61 48 11 27 68 25 53 10
SWAP(1,5)
# 4 6 80 74 46 70 88 86 75 37 39 7 47 34 38 66 12 91 89 93 61 48 11 27 68 25 53 10
SWAP(2,11)
# 4 6 7 74 46 70 88 86 75 37 39 80 47 34 38 66 12 91 89 93 61 48 11 27 68 25 53 10
SWAP(3,27)
# 4 6 7 10 46 70 88 86 75 37 39 80 47 34 38 66 12 91 89 93 61 48 11 27 68 25 53 74
SWAP(4,22)
# 4 6 7 10 11 70 88 86 75 37 39 80 47 34 38 66 12 91 89 93 61 48 46 27 68 25 53 74
SWAP(5,16)
# 4 6 7 10 11 12 88 86 75 37 39 80 47 34 38 66 70 91 89 93 61 48 46 27 68 25 53 74
SWAP(6,25)
# 4 6 7 10 11 12 25 86 75 37 39 80 47 34 38 66 70 91 89 93 61 48 46 27 68 88 53 74
SWAP(7,23)
# 4 6 7 10 11 12 25 27 75 37 39 80 47 34 38 66 70 91 89 93 61 48 46 86 68 88 53 74
SWAP(8,13)
# 4 6 7 10 11 12 25 27 34 37 39 80 47 75 38 66 70 91 89 93 61 48 46 86 68 88 53 74
SWAP(10,14)
# 4 6 7 10 11 12 25 27 34 37 38 80 47 75 39 66 70 91 89 93 61 48 46 86 68 88 53 74
SWAP(11,14)
# 4 6 7 10 11 12 25 27 34 37 38 39 47 75 80 66 70 91 89 93 61 48 46 86 68 88 53 74
SWAP(12,22)
# 4 6 7 10 11 12 25 27 34 37 38 39 46 75 80 66 70 91 89 93 61 48 47 86 68 88 53 74
SWAP(13,22)
# 4 6 7 10 11 12 25 27 34 37 38 39 46 47 80 66 70 91 89 93 61 48 75 86 68 88 53 74
SWAP(14,21)
# 4 6 7 10 11 12 25 27 34 37 38 39 46 47 48 66 70 91 89 93 61 80 75 86 68 88 53 74
SWAP(15,26)
# 4 6 7 10 11 12 25 27 34 37 38 39 46 47 48 53 70 91 89 93 61 80 75 86 68 88 66 74
SWAP(16,20)
# 4 6 7 10 11 12 25 27 34 37 38 39 46 47 48 53 61 91 89 93 70 80 75 86 68 88 66 74
SWAP(17,26)
# 4 6 7 10 11 12 25 27 34 37 38 39 46 47 48 53 61 66 89 93 70 80 75 86 68 88 91 74
SWAP(18,24)
# 4 6 7 10 11 12 25 27 34 37 38 39 46 47 48 53 61 66 68 93 70 80 75 86 89 88 91 74
SWAP(19,20)
# 4 6 7 10 11 12 25 27 34 37 38 39 46 47 48 53 61 66 68 70 93 80 75 86 89 88 91 74
SWAP(20,27)
# 4 6 7 10 11 12 25 27 34 37 38 39 46 47 48 53 61 66 68 70 74 80 75 86 89 88 91 93
SWAP(21,22)
# 4 6 7 10 11 12 25 27 34 37 38 39 46 47 48 53 61 66 68 70 74 75 80 86 89 88 91 93
SWAP(24,25)
# 4 6 7 10 11 12 25 27 34 37 38 39 46 47 48 53 61 66 68 70 74 75 80 86 88 89 91 93
4 6 7 10 11 12 25 27 34 37 38 39 46 47 48 53 61 66 68 70 74 75 80 86 88 89 91 93
378
