SWAP(0,31)
# 3 41 88 14 26 96 82 34 86 21 61 65 18 45 28 70 98 13 51 6 40 50 76 19 44 53 52 83 12 10 74 42
SWAP(1,19)
# 3 6 88 14 26 96 82 34 86 21 61 65 18 45 28 70 98 13 51 41 40 50 76 19 44 53 52 83 12 10 74 42
SWAP(2,29)
# 3 6 10 14 26 96 82 34 86 21 61 65 18 45 28 70 98 13 51 41 40 50 76 19 44 53 52 83 12 88 74 42
SWAP(3,28)
# 3 6 10 12 26 96 82 34 86 21 61 65 18 45 28 70 98 13 51 41 40 50 76 19 44 53 52 83 14 88 74 42
SWAP(4,17)
# 3 6 10 12 13 96 82 34 86 21 61 65 18 45 28 70 98 26 51 41 40 50 76 19 44 53 52 83 14 88 74 42
SWAP(5,28)
# 3 6 10 12 13 14 82 34 86 21 61 65 18 45 28 70 98 26 51 41 40 50 76 19 44 53 52 83 96 88 74 42
SWAP(6,12)
# 3 6 10 12 13 14 18 34 86 21 61 65 82 45 28 70 98 26 51 41 40 50 76 19 44 53 52 83 96 88 74 42
SWAP(7,23)
# 3 6 10 12 13 14 18 19 86 21 61 65 82 45 28 70 98 26 51 41 40 50 76 34 44 53 52 83 96 88 74 42
SWAP(8,9)
# 3 6 10 12 13 14 18 19 21 86 61 65 82 45 28 70 98 26 51 41 40 50 76 34 44 53 52 83 96 88 74 42
SWAP(9,17)
# 3 6 10 12 13 14 18 19 21 26 61 65 82 45 28 70 98 86 51 41 40 50 76 34 44 53 52 83 96 88 74 42
SWAP(10,14)
# 3 6 10 12 13 14 18 19 21 26 28 65 82 45 61 70 98 86 51 41 40 50 76 34 44 53 52 83 96 88 74 42
SWAP(11,23)
# 3 6 10 12 13 14 18 19 21 26 28 34 82 45 61 70 98 86 51 41 40 50 76 65 44 53 52 83 96 88 74 42
SWAP(12,20)
# 3 6 10 12 13 14 18 19 21 26 28 34 40 45 61 70 98 86 51 41 82 50 76 65 44 53 52 83 96 88 74 42
SWAP(13,19)
# 3 6 10 12 13 14 18 19 21 26 28 34 40 41 61 70 98 86 51 45 82 50 76 65 44 53 52 83 96 88 74 42
SWAP(14,31)
# 3 6 10 12 13 14 18 19 21 26 28 34 40 41 42 70 98 86 51 45 82 50 76 65 44 53 52 83 96 88 74 61
SWAP(15,24)
# 3 6 10 12 13 14 18 19 21 26 28 34 40 41 42 44 98 86 51 45 82 50 76 65 70 53 52 83 96 88 74 61
SWAP(16,19)
# 3 6 10 12 13 14 18 19 21 26 28 34 40 41 42 44 45 86 51 98 82 50 76 65 70 53 52 83 96 88 74 61
SWAP(17,21)
# 3 6 10 12 13 14 18 19 21 26 28 34 40 41 42 44 45 50 51 98 82 86 76 65 70 53 52 83 96 88 74 61
SWAP(19,26)
# 3 6 10 12 13 14 18 19 21 26 28 34 40 41 42 44 45 50 51 52 82 86 76 65 70 53 98 83 96 88 74 61
SWAP(20,25)
# 3 6 10 12 13 14 18 19 21 26 28 34 40 41 42 44 45 50 51 52 53 86 76 65 70 82 98 83 96 88 74 61
SWAP(21,31)
# 3 6 10 12 13 14 18 19 21 26 28 34 40 41 42 44 45 50 51 52 53 61 76 65 70 82 98 83 96 88 74 86
SWAP(22,23)
# 3 6 10 12 13 14 18 19 21 26 28 34 40 41 42 44 45 50 51 52 53 61 65 76 70 82 98 83 96 88 74 86
SWAP(23,24)
# 3 6 10 12 13 14 18 19 21 26 28 34 40 41 42 44 45 50 51 52 53 61 65 70 76 82 98 83 96 88 74 86
SWAP(24,30)
# 3 6 10 12 13 14 18 19 21 26 28 34 40 41 42 44 45 50 51 52 53 61 65 70 74 82 98 83 96 88 76 86
SWAP(25,30)
# 3 6 10 12 13 14 18 19 21 26 28 34 40 41 42 44 45 50 51 52 53 61 65 70 74 76 98 83 96 88 82 86
SWAP(26,30)
# 3 6 10 12 13 14 18 19 21 26 28 34 40 41 42 44 45 50 51 52 53 61 65 70 74 76 82 83 96 88 98 86
SWAP(28,31)
# 3 6 10 12 13 14 18 19 21 26 28 34 40 41 42 44 45 50 51 52 53 61 65 70 74 76 82 83 86 88 98 96
SWAP(30,31)
# 3 6 10 12 13 14 18 19 21 26 28 34 40 41 42 44 45 50 51 52 53 61 65 70 74 76 82 83 86 88 96 98
3 6 10 12 13 14 18 19 21 26 28 34 40 41 42 44 45 50 51 52 53 61 65 70 74 76 82 83 86 88 96 98
496
