SWAP(0,23)
# 2 52 11 73 57 46 12 40 7 62 70 67 47 16 58 99 13 81 50 20 27 21 86 43 6 38 63 37 93 94 35 25 48 95 76 39
SWAP(1,24)
# 2 6 11 73 57 46 12 40 7 62 70 67 47 16 58 99 13 81 50 20 27 21 86 43 52 38 63 37 93 94 35 25 48 95 76 39
SWAP(2,8)
# 2 6 7 73 57 46 12 40 11 62 70 67 47 16 58 99 13 81 50 20 27 21 86 43 52 38 63 37 93 94 35 25 48 95 76 39
SWAP(3,8)
# 2 6 7 11 57 46 12 40 73 62 70 67 47 16 58 99 13 81 50 20 27 21 86 43 52 38 63 37 93 94 35 25 48 95 76 39
SWAP(4,6)
# 2 6 7 11 12 46 57 40 73 62 70 67 47 16 58 99 13 81 50 20 27 21 86 43 52 38 63 37 93 94 35 25 48 95 76 39
SWAP(5,16)
# 2 6 7 11 12 13 57 40 73 62 70 67 47 16 58 99 46 81 50 20 27 21 86 43 52 38 63 37 93 94 35 25 48 95 76 39
SWAP(6,13)
# 2 6 7 11 12 13 16 40 73 62 70 67 47 57 58 99 46 81 50 20 27 21 86 43 52 38 63 37 93 94 35 25 48 95 76 39
SWAP(7,19)
# 2 6 7 11 12 13 16 20 73 62 70 67 47 57 58 99 46 81 50 40 27 21 86 43 52 38 63 37 93 94 35 25 48 95 76 39
SWAP(8,21)
# 2 6 7 11 12 13 16 20 21 62 70 67 47 57 58 99 46 81 50 40 27 73 86 43 52 38 63 37 93 94 35 25 48 95 76 39
SWAP(9,31)
# 2 6 7 11 12 13 16 20 21 25 70 67 47 57 58 99 46 81 50 40 27 73 86 43 52 38 63 37 93 94 35 62 48 95 76 39
SWAP(10,20)
# 2 6 7 11 12 13 16 20 21 25 27 67 47 57 58 99 46 81 50 40 70 73 86 43 52 38 63 37 93 94 35 62 48 95 76 39
SWAP(11,30)
# 2 6 7 11 12 13 16 20 21 25 27 35 47 57 58 99 46 81 50 40 70 73 86 43 52 38 63 37 93 94 67 62 48 95 76 39
SWAP(12,27)
# 2 6 7 11 12 13 16 20 21 25 27 35 37 57 58 99 46 81 50 40 70 73 86 43 52 38 63 47 93 94 67 62 48 95 76 39
SWAP(13,25)
# 2 6 7 11 12 13 16 20 21 25 27 35 37 38 58 99 46 81 50 40 70 73 86 43 52 57 63 47 93 94 67 62 48 95 76 39
SWAP(14,35)
# 2 6 7 11 12 13 16 20 21 25 27 35 37 38 39 99 46 81 50 40 70 73 86 43 52 57 63 47 93 94 67 62 48 95 76 58
SWAP(15,19)
# 2 6 7 11 12 13 16 20 21 25 27 35 37 38 39 40 46 81 50 99 70 73 86 43 52 57 63 47 93 94 67 62 48 95 76 58
SWAP(16,23)
# 2 6 7 11 12 13 16 20 21 25 27 35 37 38 39 40 43 81 50 99 70 73 86 46 52 57 63 47 93 94 67 62 48 95 76 58
SWAP(17,23)
# 2 6 7 11 12 13 16 20 21 25 27 35 37 38 39 40 43 46 50 99 70 73 86 81 52 57 63 47 93 94 67 62 48 95 76 58
SWAP(18,27)
# 2 6 7 11 12 13 16 20 21 25 27 35 37 38 39 40 43 46 47 99 70 73 86 81 52 57 63 50 93 94 67 62 48 95 76 58
SWAP(19,32)
# 2 6 7 11 12 13 16 20 21 25 27 35 37 38 39 40 43 46 47 48 70 73 86 81 52 57 63 50 93 94 67 62 99 95 76 58
SWAP(20,27)
# 2 6 7 11 12 13 16 20 21 25 27 35 37 38 39 40 43 46 47 48 50 73 86 81 52 57 63 70 93 94 67 62 99 95 76 58
SWAP(21,24)
# 2 6 7 11 12 13 16 20 21 25 27 35 37 38 39 40 43 46 47 48 50 52 86 81 73 57 63 70 93 94 67 62 99 95 76 58
SWAP(22,25)
# 2 6 7 11 12 13 16 20 21 25 27 35 37 38 39 40 43 46 47 48 50 52 57 81 73 86 63 70 93 94 67 62 99 95 76 58
SWAP(23,35)
# 2 6 7 11 12 13 16 20 21 25 27 35 37 38 39 40 43 46 47 48 50 52 57 58 73 86 63 70 93 94 67 62 99 95 76 81
SWAP(24,31)
# 2 6 7 11 12 13 16 20 21 25 27 35 37 38 39 40 43 46 47 48 50 52 57 58 62 86 63 70 93 94 67 73 99 95 76 81
SWAP(25,26)
# 2 6 7 11 12 13 16 20 21 25 27 35 37 38 39 40 43 46 47 48 50 52 57 58 62 63 86 70 93 94 67 73 99 95 76 81
SWAP(26,30)
# 2 6 7 11 12 13 16 20 21 25 27 35 37 38 39 40 43 46 47 48 50 52 57 58 62 63 67 70 93 94 86 73 99 95 76 81
SWAP(28,31)
# 2 6 7 11 12 13 16 20 21 25 27 35 37 38 39 40 43 46 47 48 50 52 57 58 62 63 67 70 73 94 86 93 99 95 76 81
SWAP(29,34)
# 2 6 7 11 12 13 16 20 21 25 27 35 37 38 39 40 43 46 47 48 50 52 57 58 62 63 67 70 73 76 86 93 99 95 94 81
SWAP(30,35)
# 2 6 7 11 12 13 16 20 21 25 27 35 37 38 39 40 43 46 47 48 50 52 57 58 62 63 67 70 73 76 81 93 99 95 94 86
SWAP(31,35)
# 2 6 7 11 12 13 16 20 21 25 27 35 37 38 39 40 43 46 47 48 50 52 57 58 62 63 67 70 73 76 81 86 99 95 94 93
SWAP(32,35)
# 2 6 7 11 12 13 16 20 21 25 27 35 37 38 39 40 43 46 47 48 50 52 57 58 62 63 67 70 73 76 81 86 93 95 94 99
SWAP(33,34)
# 2 6 7 11 12 13 16 20 21 25 27 35 37 38 39 40 43 46 47 48 50 52 57 58 62 63 67 70 73 76 81 86 93 94 95 99
2 6 7 11 12 13 16 20 21 25 27 35 37 38 39 40 43 46 47 48 50 52 57 58 62 63 67 70 73 76 81 86 93 94 95 99
630
