SWAP(0,21)
# 3 17 9 45 55 99 21 75 80 24 19 93 76 63 62 13 8 4 22 58 39 68 23 18 27 6 70 96 53 94 77 83 42 69 67 43 32 56 30 26
SWAP(1,17)
# 3 4 9 45 55 99 21 75 80 24 19 93 76 63 62 13 8 17 22 58 39 68 23 18 27 6 70 96 53 94 77 83 42 69 67 43 32 56 30 26
SWAP(2,25)
# 3 4 6 45 55 99 21 75 80 24 19 93 76 63 62 13 8 17 22 58 39 68 23 18 27 9 70 96 53 94 77 83 42 69 67 43 32 56 30 26
SWAP(3,16)
# 3 4 6 8 55 99 21 75 80 24 19 93 76 63 62 13 45 17 22 58 39 68 23 18 27 9 70 96 53 94 77 83 42 69 67 43 32 56 30 26
SWAP(4,25)
# 3 4 6 8 9 99 21 75 80 24 19 93 76 63 62 13 45 17 22 58 39 68 23 18 27 55 70 96 53 94 77 83 42 69 67 43 32 56 30 26
SWAP(5,15)
# 3 4 6 8 9 13 21 75 80 24 19 93 76 63 62 99 45 17 22 58 39 68 23 18 27 55 70 96 53 94 77 83 42 69 67 43 32 56 30 26
SWAP(6,17)
# 3 4 6 8 9 13 17 75 80 24 19 93 76 63 62 99 45 21 22 58 39 68 23 18 27 55 70 96 53 94 77 83 42 69 67 43 32 56 30 26
SWAP(7,23)
# 3 4 6 8 9 13 17 18 80 24 19 93 76 63 62 99 45 21 22 58 39 68 23 75 27 55 70 96 53 94 77 83 42 69 67 43 32 56 30 26
SWAP(8,10)
# 3 4 6 8 9 13 17 18 19 24 80 93 76 63 62 99 45 21 22 58 39 68 23 75 27 55 70 96 53 94 77 83 42 69 67 43 32 56 30 26
SWAP(9,17)
# 3 4 6 8 9 13 17 18 19 21 80 93 76 63 62 99 45 24 22 58 39 68 23 75 27 55 70 96 53 94 77 83 42 69 67 43 32 56 30 26
SWAP(10,18)
# 3 4 6 8 9 13 17 18 19 21 22 93 76 63 62 99 45 24 80 58 39 68 23 75 27 55 70 96 53 94 77 83 42 69 67 43 32 56 30 26
SWAP(11,22)
# 3 4 6 8 9 13 17 18 19 21 22 23 76 63 62 99 45 24 80 58 39 68 93 75 27 55 70 96 53 94 77 83 42 69 67 43 32 56 30 26
SWAP(12,17)
# 3 4 6 8 9 13 17 18 19 21 22 23 24 63 62 99 45 76 80 58 39 68 93 75 27 55 70 96 53 94 77 83 42 69 67 43 32 56 30 26
SWAP(13,39)
# 3 4 6 8 9 13 17 18 19 21 22 23 24 26 62 99 45 76 80 58 39 68 93 75 27 55 70 96 53 94 77 83 42 69 67 43 32 56 30 63
SWAP(14,24)
# 3 4 6 8 9 13 17 18 19 21 22 23 24 26 27 99 45 76 80 58 39 68 93 75 62 55 70 96 53 94 77 83 42 69 67 43 32 56 30 63
SWAP(15,38)
# 3 4 6 8 9 13 17 18 19 21 22 23 24 26 27 30 45 76 80 58 39 68 93 75 62 55 70 96 53 94 77 83 42 69 67 43 32 56 99 63
SWAP(16,36)
# 3 4 6 8 9 13 17 18 19 21 22 23 24 26 27 30 32 76 80 58 39 68 93 75 62 55 70 96 53 94 77 83 42 69 67 43 45 56 99 63
SWAP(17,20)
# 3 4 6 8 9 13 17 18 19 21 22 23 24 26 27 30 32 39 80 58 76 68 93 75 62 55 70 96 53 94 77 83 42 69 67 43 45 56 99 63
SWAP(18,32)
# 3 4 6 8 9 13 17 18 19 21 22 23 24 26 27 30 32 39 42 58 76 68 93 75 62 55 70 96 53 94 77 83 80 69 67 43 45 56 99 63
SWAP(19,35)
# 3 4 6 8 9 13 17 18 19 21 22 23 24 26 27 30 32 39 42 43 76 68 93 75 62 55 70 96 53 94 77 83 80 69 67 58 45 56 99 63
SWAP(20,36)
# 3 4 6 8 9 13 17 18 19 21 22 23 24 26 27 30 32 39 42 43 45 68 93 75 62 55 70 96 53 94 77 83 80 69 67 58 76 56 99 63
SWAP(21,28)
# 3 4 6 8 9 13 17 18 19 21 22 23 24 26 27 30 32 39 42 43 45 53 93 75 62 55 70 96 68 94 77 83 80 69 67 58 76 56 99 63
SWAP(22,25)
# 3 4 6 8 9 13 17 18 19 21 22 23 24 26 27 30 32 39 42 43 45 53 55 75 62 93 70 96 68 94 77 83 80 69 67 58 76 56 99 63
SWAP(23,37)
# 3 4 6 8 9 13 17 18 19 21 22 23 24 26 27 30 32 39 42 43 45 53 55 56 62 93 70 96 68 94 77 83 80 69 67 58 76 75 99 63
SWAP(24,35)
# 3 4 6 8 9 13 17 18 19 21 22 23 24 26 27 30 32 39 42 43 45 53 55 56 58 93 70 96 68 94 77 83 80 69 67 62 76 75 99 63
SWAP(25,35)
# 3 4 6 8 9 13 17 18 19 21 22 23 24 26 27 30 32 39 42 43 45 53 55 56 58 62 70 96 68 94 77 83 80 69 67 93 76 75 99 63
SWAP(26,39)
# 3 4 6 8 9 13 17 18 19 21 22 23 24 26 27 30 32 39 42 43 45 53 55 56 58 62 63 96 68 94 77 83 80 69 67 93 76 75 99 70
SWAP(27,34)
# 3 4 6 8 9 13 17 18 19 21 22 23 24 26 27 30 32 39 42 43 45 53 55 56 58 62 63 67 68 94 77 83 80 69 96 93 76 75 99 70
SWAP(29,33)
# 3 4 6 8 9 13 17 18 19 21 22 23 24 26 27 30 32 39 42 43 45 53 55 56 58 62 63 67 68 69 77 83 80 94 96 93 76 75 99 70
SWAP(30,39)
# 3 4 6 8 9 13 17 18 19 21 22 23 24 26 27 30 32 39 42 43 45 53 55 56 58 62 63 67 68 69 70 83 80 94 96 93 76 75 99 77
SWAP(31,37)
# 3 4 6 8 9 13 17 18 19 21 22 23 24 26 27 30 32 39 42 43 45 53 55 56 58 62 63 67 68 69 70 75 80 94 96 93 76 83 99 77
SWAP(32,36)
# 3 4 6 8 9 13 17 18 19 21 22 23 24 26 27 30 32 39 42 43 45 53 55 56 58 62 63 67 68 69 70 75 76 94 96 93 80 83 99 77
SWAP(33,39)
# 3 4 6 8 9 13 17 18 19 21 22 23 24 26 27 30 32 39 42 43 45 53 55 56 58 62 63 67 68 69 70 75 76 77 96 93 80 83 99 94
SWAP(34,36)
# 3 4 6 8 9 13 17 18 19 21 22 23 24 26 27 30 32 39 42 43 45 53 55 56 58 62 63 67 68 69 70 75 76 77 80 93 96 83 99 94
SWAP(35,37)
# 3 4 6 8 9 13 17 18 19 21 22 23 24 26 27 30 32 39 42 43 45 53 55 56 58 62 63 67 68 69 70 75 76 77 80 83 96 93 99 94
SWAP(36,37)
# 3 4 6 8 9 13 17 18 19 21 22 23 24 26 27 30 32 39 42 43 45 53 55 56 58 62 63 67 68 69 70 75 76 77 80 83 93 96 99 94
SWAP(37,39)
# 3 4 6 8 9 13 17 18 19 21 22 23 24 26 27 30 32 39 42 43 45 53 55 56 58 62 63 67 68 69 70 75 76 77 80 83 93 94 99 96
SWAP(38,39)
# 3 4 6 8 9 13 17 18 19 21 22 23 24 26 27 30 32 39 42 43 45 53 55 56 58 62 63 67 68 69 70 75 76 77 80 83 93 94 96 99
3 4 6 8 9 13 17 18 19 21 22 23 24 26 27 30 32 39 42 43 45 53 55 56 58 62 63 67 68 69 70 75 76 77 80 83 93 94 96 99
780
