SWAP(0,42)
# 2 26 56 88 44 16 82 25 27 12 74 84 39 68 92 99 63 34 75 66 8 3 40 37 87 71 67 52 11 17 97 76 24 65 36 48 78 7 59 6 23 60 19 55
SWAP(1,21)
# 2 3 56 88 44 16 82 25 27 12 74 84 39 68 92 99 63 34 75 66 8 26 40 37 87 71 67 52 11 17 97 76 24 65 36 48 78 7 59 6 23 60 19 55
SWAP(2,39)
# 2 3 6 88 44 16 82 25 27 12 74 84 39 68 92 99 63 34 75 66 8 26 40 37 87 71 67 52 11 17 97 76 24 65 36 48 78 7 59 56 23 60 19 55
SWAP(3,37)
# 2 3 6 7 44 16 82 25 27 12 74 84 39 68 92 99 63 34 75 66 8 26 40 37 87 71 67 52 11 17 97 76 24 65 36 48 78 88 59 56 23 60 19 55
SWAP(4,20)
# 2 3 6 7 8 16 82 25 27 12 74 84 39 68 92 99 63 34 75 66 44 26 40 37 87 71 67 52 11 17 97 76 24 65 36 48 78 88 59 56 23 60 19 55
SWAP(5,28)
# 2 3 6 7 8 11 82 25 27 12 74 84 39 68 92 99 63 34 75 66 44 26 40 37 87 71 67 52 16 17 97 76 24 65 36 48 78 88 59 56 23 60 19 55
SWAP(6,9)
# 2 3 6 7 8 11 12 25 27 82 74 84 39 68 92 99 63 34 75 66 44 26 40 37 87 71 67 52 16 17 97 76 24 65 36 48 78 88 59 56 23 60 19 55
SWAP(7,28)
# 2 3 6 7 8 11 12 16 27 82 74 84 39 68 92 99 63 34 75 66 44 26 40 37 87 71 67 52 25 17 97 76 24 65 36 48 78 88 59 56 23 60 19 55
SWAP(8,29)
# 2 3 6 7 8 11 12 16 17 82 74 84 39 68 92 99 63 34 75 66 44 26 40 37 87 71 67 52 25 27 97 76 24 65 36 48 78 88 59 56 23 60 19 55
SWAP(9,42)
# 2 3 6 7 8 11 12 16 17 19 74 84 39 68 92 99 63 34 75 66 44 26 40 37 87 71 67 52 25 27 97 76 24 65 36 48 78 88 59 56 23 60 82 55
SWAP(10,40)
# 2 3 6 7 8 11 12 16 17 19 23 84 39 68 92 99 63 34 75 66 44 26 40 37 87 71 67 52 25 27 97 76 24 65 36 48 78 88 59 56 74 60 82 55
SWAP(11,32)
# 2 3 6 7 8 11 12 16 17 19 23 24 39 68 92 99 63 34 75 66 44 26 40 37 87 71 67 52 25 27 97 76 84 65 36 48 78 88 59 56 74 60 82 55
SWAP(12,28)
# 2 3 6 7 8 11 12 16 17 19 23 24 25 68 92 99 63 34 75 66 44 26 40 37 87 71 67 52 39 27 97 76 84 65 36 48 78 88 59 56 74 60 82 55
SWAP(13,21)
# 2 3 6 7 8 11 12 16 17 19 23 24 25 26 92 99 63 34 75 66 44 68 40 37 87 71 67 52 39 27 97 76 84 65 36 48 78 88 59 56 74 60 82 55
SWAP(14,29)
# 2 3 6 7 8 11 12 16 17 19 23 24 25 26 27 99 63 34 75 66 44 68 40 37 87 71 67 52 39 92 97 76 84 65 36 48 78 88 59 56 74 60 82 55
SWAP(15,17)
# 2 3 6 7 8 11 12 16 17 19 23 24 25 26 27 34 63 99 75 66 44 68 40 37 87 71 67 52 39 92 97 76 84 65 36 48 78 88 59 56 74 60 82 55
SWAP(16,34)
# 2 3 6 7 8 11 12 16 17 19 23 24 25 26 27 34 36 99 75 66 44 68 40 37 87 71 67 52 39 92 97 76 84 65 63 48 78 88 59 56 74 60 82 55
SWAP(17,23)
# 2 3 6 7 8 11 12 16 17 19 23 24 25 26 27 34 36 37 75 66 44 68 40 99 87 71 67 52 39 92 97 76 84 65 63 48 78 88 59 56 74 60 82 55
SWAP(18,28)
# 2 3 6 7 8 11 12 16 17 19 23 24 25 26 27 34 36 37 39 66 44 68 40 99 87 71 67 52 75 92 97 76 84 65 63 48 78 88 59 56 74 60 82 55
SWAP(19,22)
# 2 3 6 7 8 11 12 16 17 19 23 24 25 26 27 34 36 37 39 40 44 68 66 99 87 71 67 52 75 92 97 76 84 65 63 48 78 88 59 56 74 60 82 55
SWAP(21,35)
# 2 3 6 7 8 11 12 16 17 19 23 24 25 26 27 34 36 37 39 40 44 48 66 99 87 71 67 52 75 92 97 76 84 65 63 68 78 88 59 56 74 60 82 55
SWAP(22,27)
# 2 3 6 7 8 11 12 16 17 19 23 24 25 26 27 34 36 37 39 40 44 48 52 99 87 71 67 66 75 92 97 76 84 65 63 68 78 88 59 56 74 60 82 55
SWAP(23,43)
# 2 3 6 7 8 11 12 16 17 19 23 24 25 26 27 34 36 37 39 40 44 48 52 55 87 71 67 66 75 92 97 76 84 65 63 68 78 88 59 56 74 60 82 99
SWAP(24,39)
# 2 3 6 7 8 11 12 16 17 19 23 24 25 26 27 34 36 37 39 40 44 48 52 55 56 71 67 66 75 92 97 76 84 65 63 68 78 88 59 87 74 60 82 99
SWAP(25,38)
# 2 3 6 7 8 11 12 16 17 19 23 24 25 26 27 34 36 37 39 40 44 48 52 55 56 59 67 66 75 92 97 76 84 65 63 68 78 88 71 87 74 60 82 99
SWAP(26,41)
# 2 3 6 7 8 11 12 16 17 19 23 24 25 26 27 34 36 37 39 40 44 48 52 55 56 59 60 66 75 92 97 76 84 65 63 68 78 88 71 87 74 67 82 99
SWAP(27,34)
# 2 3 6 7 8 11 12 16 17 19 23 24 25 26 27 34 36 37 39 40 44 48 52 55 56 59 60 63 75 92 97 76 84 65 66 68 78 88 71 87 74 67 82 99
SWAP(28,33)
# 2 3 6 7 8 11 12 16 17 19 23 24 25 26 27 34 36 37 39 40 44 48 52 55 56 59 60 63 65 92 97 76 84 75 66 68 78 88 71 87 74 67 82 99
SWAP(29,34)
# 2 3 6 7 8 11 12 16 17 19 23 24 25 26 27 34 36 37 39 40 44 48 52 55 56 59 60 63 65 66 97 76 84 75 92 68 78 88 71 87 74 67 82 99
SWAP(30,41)
# 2 3 6 7 8 11 12 16 17 19 23 24 25 26 27 34 36 37 39 40 44 48 52 55 56 59 60 63 65 66 67 76 84 75 92 68 78 88 71 87 74 97 82 99
SWAP(31,35)
# 2 3 6 7 8 11 12 16 17 19 23 24 25 26 27 34 36 37 39 40 44 48 52 55 56 59 60 63 65 66 67 68 84 75 92 76 78 88 71 87 74 97 82 99
SWAP(32,38)
# 2 3 6 7 8 11 12 16 17 19 23 24 25 26 27 34 36 37 39 40 44 48 52 55 56 59 60 63 65 66 67 68 71 75 92 76 78 88 84 87 74 97 82 99
SWAP(33,40)
# 2 3 6 7 8 11 12 16 17 19 23 24 25 26 27 34 36 37 39 40 44 48 52 55 56 59 60 63 65 66 67 68 71 74 92 76 78 88 84 87 75 97 82 99
SWAP(34,40)
# 2 3 6 7 8 11 12 16 17 19 23 24 25 26 27 34 36 37 39 40 44 48 52 55 56 59 60 63 65 66 67 68 71 74 75 76 78 88 84 87 92 97 82 99
SWAP(37,42)
# 2 3 6 7 8 11 12 16 17 19 23 24 25 26 27 34 36 37 39 40 44 48 52 55 56 59 60 63 65 66 67 68 71 74 75 76 78 82 84 87 92 97 88 99
SWAP(40,42)
# 2 3 6 7 8 11 12 16 17 19 23 24 25 26 27 34 36 37 39 40 44 48 52 55 56 59 60 63 65 66 67 68 71 74 75 76 78 82 84 87 88 97 92 99
SWAP(41,42)
# 2 3 6 7 8 11 12 16 17 19 23 24 25 26 27 34 36 37 39 40 44 48 52 55 56 59 60 63 65 66 67 68 71 74 75 76 78 82 84 87 88 92 97 99
2 3 6 7 8 11 12 16 17 19 23 24 25 26 27 34 36 37 39 40 44 48 52 55 56 59 60 63 65 66 67 68 71 74 75 76 78 82 84 87 88 92 97 99
946
