SWAP(0,28)
# 3 10 43 29 8 78 98 42 33 40 57 93 68 79 62 99 75 46 35 85 31 45 12 72 67 84 86 83 73 38 47 32 88 91 7 27 56 30 87 19 39 25 95 64 92 23 41 49
SWAP(1,34)
# 3 7 43 29 8 78 98 42 33 40 57 93 68 79 62 99 75 46 35 85 31 45 12 72 67 84 86 83 73 38 47 32 88 91 10 27 56 30 87 19 39 25 95 64 92 23 41 49
SWAP(2,4)
# 3 7 8 29 43 78 98 42 33 40 57 93 68 79 62 99 75 46 35 85 31 45 12 72 67 84 86 83 73 38 47 32 88 91 10 27 56 30 87 19 39 25 95 64 92 23 41 49
SWAP(3,34)
# 3 7 8 10 43 78 98 42 33 40 57 93 68 79 62 99 75 46 35 85 31 45 12 72 67 84 86 83 73 38 47 32 88 91 29 27 56 30 87 19 39 25 95 64 92 23 41 49
SWAP(4,22)
# 3 7 8 10 12 78 98 42 33 40 57 93 68 79 62 99 75 46 35 85 31 45 43 72 67 84 86 83 73 38 47 32 88 91 29 27 56 30 87 19 39 25 95 64 92 23 41 49
SWAP(5,39)
# 3 7 8 10 12 19 98 42 33 40 57 93 68 79 62 99 75 46 35 85 31 45 43 72 67 84 86 83 73 38 47 32 88 91 29 27 56 30 87 78 39 25 95 64 92 23 41 49
SWAP(6,45)
# 3 7 8 10 12 19 23 42 33 40 57 93 68 79 62 99 75 46 35 85 31 45 43 72 67 84 86 83 73 38 47 32 88 91 29 27 56 30 87 78 39 25 95 64 92 98 41 49
SWAP(7,41)
# 3 7 8 10 12 19 23 25 33 40 57 93 68 79 62 99 75 46 35 85 31 45 43 72 67 84 86 83 73 38 47 32 88 91 29 27 56 30 87 78 39 42 95 64 92 98 41 49
SWAP(8,35)
# 3 7 8 10 12 19 23 25 27 40 57 93 68 79 62 99 75 46 35 85 31 45 43 72 67 84 86 83 73 38 47 32 88 91 29 33 56 30 87 78 39 42 95 64 92 98 41 49
SWAP(9,34)
# 3 7 8 10 12 19 23 25 27 29 57 93 68 79 62 99 75 46 35 85 31 45 43 72 67 84 86 83 73 38 47 32 88 91 40 33 56 30 87 78 39 42 95 64 92 98 41 49
SWAP(10,37)
# 3 7 8 10 12 19 23 25 27 29 30 93 68 79 62 99 75 46 35 85 31 45 43 72 67 84 86 83 73 38 47 32 88 91 40 33 56 57 87 78 39 42 95 64 92 98 41 49
SWAP(11,20)
# 3 7 8 10 12 19 23 25 27 29 30 31 68 79 62 99 75 46 35 85 93 45 43 72 67 84 86 83 73 38 47 32 88 91 40 33 56 57 87 78 39 42 95 64 92 98 41 49
SWAP(12,31)
# 3 7 8 10 12 19 23 25 27 29 30 31 32 79 62 99 75 46 35 85 93 45 43 72 67 84 86 83 73 38 47 68 88 91 40 33 56 57 87 78 39 42 95 64 92 98 41 49
SWAP(13,35)
# 3 7 8 10 12 19 23 25 27 29 30 31 32 33 62 99 75 46 35 85 93 45 43 72 67 84 86 83 73 38 47 68 88 91 40 79 56 57 87 78 39 42 95 64 92 98 41 49
SWAP(14,18)
# 3 7 8 10 12 19 23 25 27 29 30 31 32 33 35 99 75 46 62 85 93 45 43 72 67 84 86 83 73 38 47 68 88 91 40 79 56 57 87 78 39 42 95 64 92 98 41 49
SWAP(15,29)
# 3 7 8 10 12 19 23 25 27 29 30 31 32 33 35 38 75 46 62 85 93 45 43 72 67 84 86 83 73 99 47 68 88 91 40 79 56 57 87 78 39 42 95 64 92 98 41 49
SWAP(16,40)
# 3 7 8 10 12 19 23 25 27 29 30 31 32 33 35 38 39 46 62 85 93 45 43 72 67 84 86 83 73 99 47 68 88 91 40 79 56 57 87 78 75 42 95 64 92 98 41 49
SWAP(17,34)
# 3 7 8 10 12 19 23 25 27 29 30 31 32 33 35 38 39 40 62 85 93 45 43 72 67 84 86 83 73 99 47 68 88 91 46 79 56 57 87 78 75 42 95 64 92 98 41 49
SWAP(18,46)
# 3 7 8 10 12 19 23 25 27 29 30 31 32 33 35 38 39 40 41 85 93 45 43 72 67 84 86 83 73 99 47 68 88 91 46 79 56 57 87 78 75 42 95 64 92 98 62 49
SWAP(19,41)
# 3 7 8 10 12 19 23 25 27 29 30 31 32 33 35 38 39 40 41 42 93 45 43 72 67 84 86 83 73 99 47 68 88 91 46 79 56 57 87 78 75 85 95 64 92 98 62 49
SWAP(20,22)
# 3 7 8 10 12 19 23 25 27 29 30 31 32 33 35 38 39 40 41 42 43 45 93 72 67 84 86 83 73 99 47 68 88 91 46 79 56 57 87 78 75 85 95 64 92 98 62 49
SWAP(22,34)
# 3 7 8 10 12 19 23 25 27 29 30 31 32 33 35 38 39 40 41 42 43 45 46 72 67 84 86 83 73 99 47 68 88 91 93 79 56 57 87 78 75 85 95 64 92 98 62 49
SWAP(23,30)
# 3 7 8 10 12 19 23 25 27 29 30 31 32 33 35 38 39 40 41 42 43 45 46 47 67 84 86 83 73 99 72 68 88 91 93 79 56 57 87 78 75 85 95 64 92 98 62 49
SWAP(24,47)
# 3 7 8 10 12 19 23 25 27 29 30 31 32 33 35 38 39 40 41 42 43 45 46 47 49 84 86 83 73 99 72 68 88 91 93 79 56 57 87 78 75 85 95 64 92 98 62 67
SWAP(25,36)
# 3 7 8 10 12 19 23 25 27 29 30 31 32 33 35 38 39 40 41 42 43 45 46 47 49 56 86 83 73 99 72 68 88 91 93 79 84 57 87 78 75 85 95 64 92 98 62 67
SWAP(26,37)
# 3 7 8 10 12 19 23 25 27 29 30 31 32 33 35 38 39 40 41 42 43 45 46 47 49 56 57 83 73 99 72 68 88 91 93 79 84 86 87 78 75 85 95 64 92 98 62 67
SWAP(27,46)
# 3 7 8 10 12 19 23 25 27 29 30 31 32 33 35 38 39 40 41 42 43 45 46 47 49 56 57 62 73 99 72 68 88 91 93 79 84 86 87 78 75 85 95 64 92 98 83 67
SWAP(28,43)
# 3 7 8 10 12 19 23 25 27 29 30 31 32 33 35 38 39 40 41 42 43 45 46 47 49 56 57 62 64 99 72 68 88 91 93 79 84 86 87 78 75 85 95 73 92 98 83 67
SWAP(29,47)
# 3 7 8 10 12 19 23 25 27 29 30 31 32 33 35 38 39 40 41 42 43 45 46 47 49 56 57 62 64 67 72 68 88 91 93 79 84 86 87 78 75 85 95 73 92 98 83 99
SWAP(30,31)
# 3 7 8 10 12 19 23 25 27 29 30 31 32 33 35 38 39 40 41 42 43 45 46 47 49 56 57 62 64 67 68 72 88 91 93 79 84 86 87 78 75 85 95 73 92 98 83 99
SWAP(32,43)
# 3 7 8 10 12 19 23 25 27 29 30 31 32 33 35 38 39 40 41 42 43 45 46 47 49 56 57 62 64 67 68 72 73 91 93 79 84 86 87 78 75 85 95 88 92 98 83 99
SWAP(33,40)
# 3 7 8 10 12 19 23 25 27 29 30 31 32 33 35 38 39 40 41 42 43 45 46 47 49 56 57 62 64 67 68 72 73 75 93 79 84 86 87 78 91 85 95 88 92 98 83 99
SWAP(34,39)
# 3 7 8 10 12 19 23 25 27 29 30 31 32 33 35 38 39 40 41 42 43 45 46 47 49 56 57 62 64 67 68 72 73 75 78 79 84 86 87 93 91 85 95 88 92 98 83 99
SWAP(36,46)
# 3 7 8 10 12 19 23 25 27 29 30 31 32 33 35 38 39 40 41 42 43 45 46 47 49 56 57 62 64 67 68 72 73 75 78 79 83 86 87 93 91 85 95 88 92 98 84 99
SWAP(37,46)
# 3 7 8 10 12 19 23 25 27 29 30 31 32 33 35 38 39 40 41 42 43 45 46 47 49 56 57 62 64 67 68 72 73 75 78 79 83 84 87 93 91 85 95 88 92 98 86 99
SWAP(38,41)
# 3 7 8 10 12 19 23 25 27 29 30 31 32 33 35 38 39 40 41 42 43 45 46 47 49 56 57 62 64 67 68 72 73 75 78 79 83 84 85 93 91 87 95 88 92 98 86 99
SWAP(39,46)
# 3 7 8 10 12 19 23 25 27 29 30 31 32 33 35 38 39 40 41 42 43 45 46 47 49 56 57 62 64 67 68 72 73 75 78 79 83 84 85 86 91 87 95 88 92 98 93 99
SWAP(40,41)
# 3 7 8 10 12 19 23 25 27 29 30 31 32 33 35 38 39 40 41 42 43 45 46 47 49 56 57 62 64 67 68 72 73 75 78 79 83 84 85 86 87 91 95 88 92 98 93 99
SWAP(41,43)
# 3 7 8 10 12 19 23 25 27 29 30 31 32 33 35 38 39 40 41 42 43 45 46 47 49 56 57 62 64 67 68 72 73 75 78 79 83 84 85 86 87 88 95 91 92 98 93 99
SWAP(42,43)
# 3 7 8 10 12 19 23 25 27 29 30 31 32 33 35 38 39 40 41 42 43 45 46 47 49 56 57 62 64 67 68 72 73 75 78 79 83 84 85 86 87 88 91 95 92 98 93 99
SWAP(43,44)
# 3 7 8 10 12 19 23 25 27 29 30 31 32 33 35 38 39 40 41 42 43 45 46 47 49 56 57 62 64 67 68 72 73 75 78 79 83 84 85 86 87 88 91 92 95 98 93 99
SWAP(44,46)
# 3 7 8 10 12 19 23 25 27 29 30 31 32 33 35 38 39 40 41 42 43 45 46 47 49 56 57 62 64 67 68 72 73 75 78 79 83 84 85 86 87 88 91 92 93 98 95 99
SWAP(45,46)
# 3 7 8 10 12 19 23 25 27 29 30 31 32 33 35 38 39 40 41 42 43 45 46 47 49 56 57 62 64 67 68 72 73 75 78 79 83 84 85 86 87 88 91 92 93 95 98 99
3 7 8 10 12 19 23 25 27 29 30 31 32 33 35 38 39 40 41 42 43 45 46 47 49 56 57 62 64 67 68 72 73 75 78 79 83 84 85 86 87 88 91 92 93 95 98 99
1128
