INIT::::::: 78  6  5 43  1 90  1 65  3 34 11 27 98
SWAP( 0, 1)  6 78  5 43  1 90  1 65  3 34 11 27 98
SWAP( 1, 2)  6  5 78 43  1 90  1 65  3 34 11 27 98
SWAP( 2, 3)  6  5 43 78  1 90  1 65  3 34 11 27 98
SWAP( 3, 4)  6  5 43  1 78 90  1 65  3 34 11 27 98
SWAP( 5, 6)  6  5 43  1 78  1 90 65  3 34 11 27 98
SWAP( 6, 7)  6  5 43  1 78  1 65 90  3 34 11 27 98
SWAP( 7, 8)  6  5 43  1 78  1 65  3 90 34 11 27 98
SWAP( 8, 9)  6  5 43  1 78  1 65  3 34 90 11 27 98
SWAP( 9,10)  6  5 43  1 78  1 65  3 34 11 90 27 98
SWAP(10,11)  6  5 43  1 78  1 65  3 34 11 27 90 98
SWAP( 0, 1)  5  6 43  1 78  1 65  3 34 11 27 90 98
SWAP( 2, 3)  5  6  1 43 78  1 65  3 34 11 27 90 98
SWAP( 4, 5)  5  6  1 43  1 78 65  3 34 11 27 90 98
SWAP( 5, 6)  5  6  1 43  1 65 78  3 34 11 27 90 98
SWAP( 6, 7)  5  6  1 43  1 65  3 78 34 11 27 90 98
SWAP( 7, 8)  5  6  1 43  1 65  3 34 78 11 27 90 98
SWAP( 8, 9)  5  6  1 43  1 65  3 34 11 78 27 90 98
SWAP( 9,10)  5  6  1 43  1 65  3 34 11 27 78 90 98
SWAP( 1, 2)  5  1  6 43  1 65  3 34 11 27 78 90 98
SWAP( 3, 4)  5  1  6  1 43 65  3 34 11 27 78 90 98
SWAP( 5, 6)  5  1  6  1 43  3 65 34 11 27 78 90 98
SWAP( 6, 7)  5  1  6  1 43  3 34 65 11 27 78 90 98
SWAP( 7, 8)  5  1  6  1 43  3 34 11 65 27 78 90 98
SWAP( 8, 9)  5  1  6  1 43  3 34 11 27 65 78 90 98
SWAP( 0, 1)  1  5  6  1 43  3 34 11 27 65 78 90 98
SWAP( 2, 3)  1  5  1  6 43  3 34 11 27 65 78 90 98
SWAP( 4, 5)  1  5  1  6  3 43 34 11 27 65 78 90 98
SWAP( 5, 6)  1  5  1  6  3 34 43 11 27 65 78 90 98
SWAP( 6, 7)  1  5  1  6  3 34 11 43 27 65 78 90 98
SWAP( 7, 8)  1  5  1  6  3 34 11 27 43 65 78 90 98
SWAP( 1, 2)  1  1  5  6  3 34 11 27 43 65 78 90 98
SWAP( 3, 4)  1  1  5  3  6 34 11 27 43 65 78 90 98
SWAP( 5, 6)  1  1  5  3  6 11 34 27 43 65 78 90 98
SWAP( 6, 7)  1  1  5  3  6 11 27 34 43 65 78 90 98
SWAP( 2, 3)  1  1  3  5  6 11 27 34 43 65 78 90 98
DONE:::::::  1  1  3  5  6 11 27 34 43 65 78 90 98
78