SWAP(0,44)
# 1 69 92 41 65 43 24 26 64 87 57 90 20 93 42 67 29 11 25 13 30 50 4 78 63 40 34 89 49 88 77 19 9 84 81 21 48 68 52 17 23 27 39 22 8 62 70 73 59 54 56 74 51 55 32 99
SWAP(1,22)
# 1 4 92 41 65 43 24 26 64 87 57 90 20 93 42 67 29 11 25 13 30 50 69 78 63 40 34 89 49 88 77 19 9 84 81 21 48 68 52 17 23 27 39 22 8 62 70 73 59 54 56 74 51 55 32 99
SWAP(2,44)
# 1 4 8 41 65 43 24 26 64 87 57 90 20 93 42 67 29 11 25 13 30 50 69 78 63 40 34 89 49 88 77 19 9 84 81 21 48 68 52 17 23 27 39 22 92 62 70 73 59 54 56 74 51 55 32 99
SWAP(3,32)
# 1 4 8 9 65 43 24 26 64 87 57 90 20 93 42 67 29 11 25 13 30 50 69 78 63 40 34 89 49 88 77 19 41 84 81 21 48 68 52 17 23 27 39 22 92 62 70 73 59 54 56 74 51 55 32 99
SWAP(4,17)
# 1 4 8 9 11 43 24 26 64 87 57 90 20 93 42 67 29 65 25 13 30 50 69 78 63 40 34 89 49 88 77 19 41 84 81 21 48 68 52 17 23 27 39 22 92 62 70 73 59 54 56 74 51 55 32 99
SWAP(5,19)
# 1 4 8 9 11 13 24 26 64 87 57 90 20 93 42 67 29 65 25 43 30 50 69 78 63 40 34 89 49 88 77 19 41 84 81 21 48 68 52 17 23 27 39 22 92 62 70 73 59 54 56 74 51 55 32 99
SWAP(6,39)
# 1 4 8 9 11 13 17 26 64 87 57 90 20 93 42 67 29 65 25 43 30 50 69 78 63 40 34 89 49 88 77 19 41 84 81 21 48 68 52 24 23 27 39 22 92 62 70 73 59 54 56 74 51 55 32 99
SWAP(7,31)
# 1 4 8 9 11 13 17 19 64 87 57 90 20 93 42 67 29 65 25 43 30 50 69 78 63 40 34 89 49 88 77 26 41 84 81 21 48 68 52 24 23 27 39 22 92 62 70 73 59 54 56 74 51 55 32 99
SWAP(8,12)
# 1 4 8 9 11 13 17 19 20 87 57 90 64 93 42 67 29 65 25 43 30 50 69 78 63 40 34 89 49 88 77 26 41 84 81 21 48 68 52 24 23 27 39 22 92 62 70 73 59 54 56 74 51 55 32 99
SWAP(9,35)
# 1 4 8 9 11 13 17 19 20 21 57 90 64 93 42 67 29 65 25 43 30 50 69 78 63 40 34 89 49 88 77 26 41 84 81 87 48 68 52 24 23 27 39 22 92 62 70 73 59 54 56 74 51 55 32 99
SWAP(10,43)
# 1 4 8 9 11 13 17 19 20 21 22 90 64 93 42 67 29 65 25 43 30 50 69 78 63 40 34 89 49 88 77 26 41 84 81 87 48 68 52 24 23 27 39 57 92 62 70 73 59 54 56 74 51 55 32 99
SWAP(11,40)
# 1 4 8 9 11 13 17 19 20 21 22 23 64 93 42 67 29 65 25 43 30 50 69 78 63 40 34 89 49 88 77 26 41 84 81 87 48 68 52 24 90 27 39 57 92 62 70 73 59 54 56 74 51 55 32 99
SWAP(12,39)
# 1 4 8 9 11 13 17 19 20 21 22 23 24 93 42 67 29 65 25 43 30 50 69 78 63 40 34 89 49 88 77 26 41 84 81 87 48 68 52 64 90 27 39 57 92 62 70 73 59 54 56 74 51 55 32 99
SWAP(13,18)
# 1 4 8 9 11 13 17 19 20 21 22 23 24 25 42 67 29 65 93 43 30 50 69 78 63 40 34 89 49 88 77 26 41 84 81 87 48 68 52 64 90 27 39 57 92 62 70 73 59 54 56 74 51 55 32 99
SWAP(14,31)
# 1 4 8 9 11 13 17 19 20 21 22 23 24 25 26 67 29 65 93 43 30 50 69 78 63 40 34 89 49 88 77 42 41 84 81 87 48 68 52 64 90 27 39 57 92 62 70 73 59 54 56 74 51 55 32 99
SWAP(15,41)
# 1 4 8 9 11 13 17 19 20 21 22 23 24 25 26 27 29 65 93 43 30 50 69 78 63 40 34 89 49 88 77 42 41 84 81 87 48 68 52 64 90 67 39 57 92 62 70 73 59 54 56 74 51 55 32 99
SWAP(17,20)
# 1 4 8 9 11 13 17 19 20 21 22 23 24 25 26 27 29 30 93 43 65 50 69 78 63 40 34 89 49 88 77 42 41 84 81 87 48 68 52 64 90 67 39 57 92 62 70 73 59 54 56 74 51 55 32 99
SWAP(18,54)
# 1 4 8 9 11 13 17 19 20 21 22 23 24 25 26 27 29 30 32 43 65 50 69 78 63 40 34 89 49 88 77 42 41 84 81 87 48 68 52 64 90 67 39 57 92 62 70 73 59 54 56 74 51 55 93 99
SWAP(19,26)
# 1 4 8 9 11 13 17 19 20 21 22 23 24 25 26 27 29 30 32 34 65 50 69 78 63 40 43 89 49 88 77 42 41 84 81 87 48 68 52 64 90 67 39 57 92 62 70 73 59 54 56 74 51 55 93 99
SWAP(20,42)
# 1 4 8 9 11 13 17 19 20 21 22 23 24 25 26 27 29 30 32 34 39 50 69 78 63 40 43 89 49 88 77 42 41 84 81 87 48 68 52 64 90 67 65 57 92 62 70 73 59 54 56 74 51 55 93 99
SWAP(21,25)
# 1 4 8 9 11 13 17 19 20 21 22 23 24 25 26 27 29 30 32 34 39 40 69 78 63 50 43 89 49 88 77 42 41 84 81 87 48 68 52 64 90 67 65 57 92 62 70 73 59 54 56 74 51 55 93 99
SWAP(22,32)
# 1 4 8 9 11 13 17 19 20 21 22 23 24 25 26 27 29 30 32 34 39 40 41 78 63 50 43 89 49 88 77 42 69 84 81 87 48 68 52 64 90 67 65 57 92 62 70 73 59 54 56 74 51 55 93 99
SWAP(23,31)
# 1 4 8 9 11 13 17 19 20 21 22 23 24 25 26 27 29 30 32 34 39 40 41 42 63 50 43 89 49 88 77 78 69 84 81 87 48 68 52 64 90 67 65 57 92 62 70 73 59 54 56 74 51 55 93 99
SWAP(24,26)
# 1 4 8 9 11 13 17 19 20 21 22 23 24 25 26 27 29 30 32 34 39 40 41 42 43 50 63 89 49 88 77 78 69 84 81 87 48 68 52 64 90 67 65 57 92 62 70 73 59 54 56 74 51 55 93 99
SWAP(25,36)
# 1 4 8 9 11 13 17 19 20 21 22 23 24 25 26 27 29 30 32 34 39 40 41 42 43 48 63 89 49 88 77 78 69 84 81 87 50 68 52 64 90 67 65 57 92 62 70 73 59 54 56 74 51 55 93 99
SWAP(26,28)
# 1 4 8 9 11 13 17 19 20 21 22 23 24 25 26 27 29 30 32 34 39 40 41 42 43 48 49 89 63 88 77 78 69 84 81 87 50 68 52 64 90 67 65 57 92 62 70 73 59 54 56 74 51 55 93 99
SWAP(27,36)
# 1 4 8 9 11 13 17 19 20 21 22 23 24 25 26 27 29 30 32 34 39 40 41 42 43 48 49 50 63 88 77 78 69 84 81 87 89 68 52 64 90 67 65 57 92 62 70 73 59 54 56 74 51 55 93 99
SWAP(28,52)
# 1 4 8 9 11 13 17 19 20 21 22 23 24 25 26 27 29 30 32 34 39 40 41 42 43 48 49 50 51 88 77 78 69 84 81 87 89 68 52 64 90 67 65 57 92 62 70 73 59 54 56 74 63 55 93 99
SWAP(29,38)
# 1 4 8 9 11 13 17 19 20 21 22 23 24 25 26 27 29 30 32 34 39 40 41 42 43 48 49 50 51 52 77 78 69 84 81 87 89 68 88 64 90 67 65 57 92 62 70 73 59 54 56 74 63 55 93 99
SWAP(30,49)
# 1 4 8 9 11 13 17 19 20 21 22 23 24 25 26 27 29 30 32 34 39 40 41 42 43 48 49 50 51 52 54 78 69 84 81 87 89 68 88 64 90 67 65 57 92 62 70 73 59 77 56 74 63 55 93 99
SWAP(31,53)
# 1 4 8 9 11 13 17 19 20 21 22 23 24 25 26 27 29 30 32 34 39 40 41 42 43 48 49 50 51 52 54 55 69 84 81 87 89 68 88 64 90 67 65 57 92 62 70 73 59 77 56 74 63 78 93 99
SWAP(32,50)
# 1 4 8 9 11 13 17 19 20 21 22 23 24 25 26 27 29 30 32 34 39 40 41 42 43 48 49 50 51 52 54 55 56 84 81 87 89 68 88 64 90 67 65 57 92 62 70 73 59 77 69 74 63 78 93 99
SWAP(33,43)
# 1 4 8 9 11 13 17 19 20 21 22 23 24 25 26 27 29 30 32 34 39 40 41 42 43 48 49 50 51 52 54 55 56 57 81 87 89 68 88 64 90 67 65 84 92 62 70 73 59 77 69 74 63 78 93 99
SWAP(34,48)
# 1 4 8 9 11 13 17 19 20 21 22 23 24 25 26 27 29 30 32 34 39 40 41 42 43 48 49 50 51 52 54 55 56 57 59 87 89 68 88 64 90 67 65 84 92 62 70 73 81 77 69 74 63 78 93 99
SWAP(35,45)
# 1 4 8 9 11 13 17 19 20 21 22 23 24 25 26 27 29 30 32 34 39 40 41 42 43 48 49 50 51 52 54 55 56 57 59 62 89 68 88 64 90 67 65 84 92 87 70 73 81 77 69 74 63 78 93 99
SWAP(36,52)
# 1 4 8 9 11 13 17 19 20 21 22 23 24 25 26 27 29 30 32 34 39 40 41 42 43 48 49 50 51 52 54 55 56 57 59 62 63 68 88 64 90 67 65 84 92 87 70 73 81 77 69 74 89 78 93 99
SWAP(37,39)
# 1 4 8 9 11 13 17 19 20 21 22 23 24 25 26 27 29 30 32 34 39 40 41 42 43 48 49 50 51 52 54 55 56 57 59 62 63 64 88 68 90 67 65 84 92 87 70 73 81 77 69 74 89 78 93 99
SWAP(38,42)
# 1 4 8 9 11 13 17 19 20 21 22 23 24 25 26 27 29 30 32 34 39 40 41 42 43 48 49 50 51 52 54 55 56 57 59 62 63 64 65 68 90 67 88 84 92 87 70 73 81 77 69 74 89 78 93 99
SWAP(39,41)
# 1 4 8 9 11 13 17 19 20 21 22 23 24 25 26 27 29 30 32 34 39 40 41 42 43 48 49 50 51 52 54 55 56 57 59 62 63 64 65 67 90 68 88 84 92 87 70 73 81 77 69 74 89 78 93 99
SWAP(40,41)
# 1 4 8 9 11 13 17 19 20 21 22 23 24 25 26 27 29 30 32 34 39 40 41 42 43 48 49 50 51 52 54 55 56 57 59 62 63 64 65 67 68 90 88 84 92 87 70 73 81 77 69 74 89 78 93 99
SWAP(41,50)
# 1 4 8 9 11 13 17 19 20 21 22 23 24 25 26 27 29 30 32 34 39 40 41 42 43 48 49 50 51 52 54 55 56 57 59 62 63 64 65 67 68 69 88 84 92 87 70 73 81 77 90 74 89 78 93 99
SWAP(42,46)
# 1 4 8 9 11 13 17 19 20 21 22 23 24 25 26 27 29 30 32 34 39 40 41 42 43 48 49 50 51 52 54 55 56 57 59 62 63 64 65 67 68 69 70 84 92 87 88 73 81 77 90 74 89 78 93 99
SWAP(43,47)
# 1 4 8 9 11 13 17 19 20 21 22 23 24 25 26 27 29 30 32 34 39 40 41 42 43 48 49 50 51 52 54 55 56 57 59 62 63 64 65 67 68 69 70 73 92 87 88 84 81 77 90 74 89 78 93 99
SWAP(44,51)
# 1 4 8 9 11 13 17 19 20 21 22 23 24 25 26 27 29 30 32 34 39 40 41 42 43 48 49 50 51 52 54 55 56 57 59 62 63 64 65 67 68 69 70 73 74 87 88 84 81 77 90 92 89 78 93 99
SWAP(45,49)
# 1 4 8 9 11 13 17 19 20 21 22 23 24 25 26 27 29 30 32 34 39 40 41 42 43 48 49 50 51 52 54 55 56 57 59 62 63 64 65 67 68 69 70 73 74 77 88 84 81 87 90 92 89 78 93 99
SWAP(46,53)
# 1 4 8 9 11 13 17 19 20 21 22 23 24 25 26 27 29 30 32 34 39 40 41 42 43 48 49 50 51 52 54 55 56 57 59 62 63 64 65 67 68 69 70 73 74 77 78 84 81 87 90 92 89 88 93 99
SWAP(47,48)
# 1 4 8 9 11 13 17 19 20 21 22 23 24 25 26 27 29 30 32 34 39 40 41 42 43 48 49 50 51 52 54 55 56 57 59 62 63 64 65 67 68 69 70 73 74 77 78 81 84 87 90 92 89 88 93 99
SWAP(50,53)
# 1 4 8 9 11 13 17 19 20 21 22 23 24 25 26 27 29 30 32 34 39 40 41 42 43 48 49 50 51 52 54 55 56 57 59 62 63 64 65 67 68 69 70 73 74 77 78 81 84 87 88 92 89 90 93 99
SWAP(51,52)
# 1 4 8 9 11 13 17 19 20 21 22 23 24 25 26 27 29 30 32 34 39 40 41 42 43 48 49 50 51 52 54 55 56 57 59 62 63 64 65 67 68 69 70 73 74 77 78 81 84 87 88 89 92 90 93 99
SWAP(52,53)
# 1 4 8 9 11 13 17 19 20 21 22 23 24 25 26 27 29 30 32 34 39 40 41 42 43 48 49 50 51 52 54 55 56 57 59 62 63 64 65 67 68 69 70 73 74 77 78 81 84 87 88 89 90 92 93 99
1 4 8 9 11 13 17 19 20 21 22 23 24 25 26 27 29 30 32 34 39 40 41 42 43 48 49 50 51 52 54 55 56 57 59 62 63 64 65 67 68 69 70 73 74 77 78 81 84 87 88 89 90 92 93 99
1540
