INIT::::::: 48 97 25 38 76 39 75 38 49 18 20 38 47
SWAP( 1, 2) 48 25 97 38 76 39 75 38 49 18 20 38 47
SWAP( 2, 3) 48 25 38 97 76 39 75 38 49 18 20 38 47
SWAP( 3, 4) 48 25 38 76 97 39 75 38 49 18 20 38 47
SWAP( 4, 5) 48 25 38 76 39 97 75 38 49 18 20 38 47
SWAP( 5, 6) 48 25 38 76 39 75 97 38 49 18 20 38 47
SWAP( 6, 7) 48 25 38 76 39 75 38 97 49 18 20 38 47
SWAP( 7, 8) 48 25 38 76 39 75 38 49 97 18 20 38 47
SWAP( 8, 9) 48 25 38 76 39 75 38 49 18 97 20 38 47
SWAP( 9,10) 48 25 38 76 39 75 38 49 18 20 97 38 47
SWAP(10,11) 48 25 38 76 39 75 38 49 18 20 38 97 47
SWAP(11,12) 48 25 38 76 39 75 38 49 18 20 38 47 97
SWAP( 0, 1) 25 48 38 76 39 75 38 49 18 20 38 47 97
SWAP( 1, 2) 25 38 48 76 39 75 38 49 18 20 38 47 97
SWAP( 3, 4) 25 38 48 39 76 75 38 49 18 20 38 47 97
SWAP( 4, 5) 25 38 48 39 75 76 38 49 18 20 38 47 97
SWAP( 5, 6) 25 38 48 39 75 38 76 49 18 20 38 47 97
SWAP( 6, 7) 25 38 48 39 75 38 49 76 18 20 38 47 97
SWAP( 7, 8) 25 38 48 39 75 38 49 18 76 20 38 47 97
SWAP( 8, 9) 25 38 48 39 75 38 49 18 20 76 38 47 97
SWAP( 9,10) 25 38 48 39 75 38 49 18 20 38 76 47 97
SWAP(10,11) 25 38 48 39 75 38 49 18 20 38 47 76 97
SWAP( 2, 3) 25 38 39 48 75 38 49 18 20 38 47 76 97
SWAP( 4, 5) 25 38 39 48 38 75 49 18 20 38 47 76 97
SWAP( 5, 6) 25 38 39 48 38 49 75 18 20 38 47 76 97
SWAP( 6, 7) 25 38 39 48 38 49 18 75 20 38 47 76 97
SWAP( 7, 8) 25 38 39 48 38 49 18 20 75 38 47 76 97
SWAP( 8, 9) 25 38 39 48 38 49 18 20 38 75 47 76 97
SWAP( 9,10) 25 38 39 48 38 49 18 20 38 47 75 76 97
SWAP( 3, 4) 25 38 39 38 48 49 18 20 38 47 75 76 97
SWAP( 5, 6) 25 38 39 38 48 18 49 20 38 47 75 76 97
SWAP( 6, 7) 25 38 39 38 48 18 20 49 38 47 75 76 97
SWAP( 7, 8) 25 38 39 38 48 18 20 38 49 47 75 76 97
SWAP( 8, 9) 25 38 39 38 48 18 20 38 47 49 75 76 97
SWAP( 2, 3) 25 38 38 39 48 18 20 38 47 49 75 76 97
SWAP( 4, 5) 25 38 38 39 18 48 20 38 47 49 75 76 97
SWAP( 5, 6) 25 38 38 39 18 20 48 38 47 49 75 76 97
SWAP( 6, 7) 25 38 38 39 18 20 38 48 47 49 75 76 97
SWAP( 7, 8) 25 38 38 39 18 20 38 47 48 49 75 76 97
SWAP( 3, 4) 25 38 38 18 39 20 38 47 48 49 75 76 97
SWAP( 4, 5) 25 38 38 18 20 39 38 47 48 49 75 76 97
SWAP( 5, 6) 25 38 38 18 20 38 39 47 48 49 75 76 97
SWAP( 2, 3) 25 38 18 38 20 38 39 47 48 49 75 76 97
SWAP( 3, 4) 25 38 18 20 38 38 39 47 48 49 75 76 97
SWAP( 1, 2) 25 18 38 20 38 38 39 47 48 49 75 76 97
SWAP( 2, 3) 25 18 20 38 38 38 39 47 48 49 75 76 97
SWAP( 0, 1) 18 25 20 38 38 38 39 47 48 49 75 76 97
SWAP( 1, 2) 18 20 25 38 38 38 39 47 48 49 75 76 97
DONE::::::: 18 20 25 38 38 38 39 47 48 49 75 76 97
78