SWAP(0,43)
# 1 91 63 99 29 21 31 71 8 50 65 69 55 49 14 27 9 15 58 88 79 33 2 81 74 90 64 12 41 36 45 57 87 42 7 11 18 94 78 83 54 43 89 60 61 62 26 38 20 97 40 82 19 67 32 30 93 16 96 70 72 86 75 6
SWAP(1,22)
# 1 2 63 99 29 21 31 71 8 50 65 69 55 49 14 27 9 15 58 88 79 33 91 81 74 90 64 12 41 36 45 57 87 42 7 11 18 94 78 83 54 43 89 60 61 62 26 38 20 97 40 82 19 67 32 30 93 16 96 70 72 86 75 6
SWAP(2,63)
# 1 2 6 99 29 21 31 71 8 50 65 69 55 49 14 27 9 15 58 88 79 33 91 81 74 90 64 12 41 36 45 57 87 42 7 11 18 94 78 83 54 43 89 60 61 62 26 38 20 97 40 82 19 67 32 30 93 16 96 70 72 86 75 63
SWAP(3,34)
# 1 2 6 7 29 21 31 71 8 50 65 69 55 49 14 27 9 15 58 88 79 33 91 81 74 90 64 12 41 36 45 57 87 42 99 11 18 94 78 83 54 43 89 60 61 62 26 38 20 97 40 82 19 67 32 30 93 16 96 70 72 86 75 63
SWAP(4,8)
# 1 2 6 7 8 21 31 71 29 50 65 69 55 49 14 27 9 15 58 88 79 33 91 81 74 90 64 12 41 36 45 57 87 42 99 11 18 94 78 83 54 43 89 60 61 62 26 38 20 97 40 82 19 67 32 30 93 16 96 70 72 86 75 63
SWAP(5,16)
# 1 2 6 7 8 9 31 71 29 50 65 69 55 49 14 27 21 15 58 88 79 33 91 81 74 90 64 12 41 36 45 57 87 42 99 11 18 94 78 83 54 43 89 60 61 62 26 38 20 97 40 82 19 67 32 30 93 16 96 70 72 86 75 63
SWAP(6,35)
# 1 2 6 7 8 9 11 71 29 50 65 69 55 49 14 27 21 15 58 88 79 33 91 81 74 90 64 12 41 36 45 57 87 42 99 31 18 94 78 83 54 43 89 60 61 62 26 38 20 97 40 82 19 67 32 30 93 16 96 70 72 86 75 63
SWAP(7,27)
# 1 2 6 7 8 9 11 12 29 50 65 69 55 49 14 27 21 15 58 88 79 33 91 81 74 90 64 71 41 36 45 57 87 42 99 31 18 94 78 83 54 43 89 60 61 62 26 38 20 97 40 82 19 67 32 30 93 16 96 70 72 86 75 63
SWAP(8,14)
# 1 2 6 7 8 9 11 12 14 50 65 69 55 49 29 27 21 15 58 88 79 33 91 81 74 90 64 71 41 36 45 57 87 42 99 31 18 94 78 83 54 43 89 60 61 62 26 38 20 97 40 82 19 67 32 30 93 16 96 70 72 86 75 63
SWAP(9,17)
# 1 2 6 7 8 9 11 12 14 15 65 69 55 49 29 27 21 50 58 88 79 33 91 81 74 90 64 71 41 36 45 57 87 42 99 31 18 94 78 83 54 43 89 60 61 62 26 38 20 97 40 82 19 67 32 30 93 16 96 70 72 86 75 63
SWAP(10,57)
# 1 2 6 7 8 9 11 12 14 15 16 69 55 49 29 27 21 50 58 88 79 33 91 81 74 90 64 71 41 36 45 57 87 42 99 31 18 94 78 83 54 43 89 60 61 62 26 38 20 97 40 82 19 67 32 30 93 65 96 70 72 86 75 63
SWAP(11,36)
# 1 2 6 7 8 9 11 12 14 15 16 18 55 49 29 27 21 50 58 88 79 33 91 81 74 90 64 71 41 36 45 57 87 42 99 31 69 94 78 83 54 43 89 60 61 62 26 38 20 97 40 82 19 67 32 30 93 65 96 70 72 86 75 63
SWAP(12,52)
# 1 2 6 7 8 9 11 12 14 15 16 18 19 49 29 27 21 50 58 88 79 33 91 81 74 90 64 71 41 36 45 57 87 42 99 31 69 94 78 83 54 43 89 60 61 62 26 38 20 97 40 82 55 67 32 30 93 65 96 70 72 86 75 63
SWAP(13,48)
# 1 2 6 7 8 9 11 12 14 15 16 18 19 20 29 27 21 50 58 88 79 33 91 81 74 90 64 71 41 36 45 57 87 42 99 31 69 94 78 83 54 43 89 60 61 62 26 38 49 97 40 82 55 67 32 30 93 65 96 70 72 86 75 63
SWAP(14,16)
# 1 2 6 7 8 9 11 12 14 15 16 18 19 20 21 27 29 50 58 88 79 33 91 81 74 90 64 71 41 36 45 57 87 42 99 31 69 94 78 83 54 43 89 60 61 62 26 38 49 97 40 82 55 67 32 30 93 65 96 70 72 86 75 63
SWAP(15,46)
# 1 2 6 7 8 9 11 12 14 15 16 18 19 20 21 26 29 50 58 88 79 33 91 81 74 90 64 71 41 36 45 57 87 42 99 31 69 94 78 83 54 43 89 60 61 62 27 38 49 97 40 82 55 67 32 30 93 65 96 70 72 86 75 63
SWAP(16,46)
# 1 2 6 7 8 9 11 12 14 15 16 18 19 20 21 26 27 50 58 88 79 33 91 81 74 90 64 71 41 36 45 57 87 42 99 31 69 94 78 83 54 43 89 60 61 62 29 38 49 97 40 82 55 67 32 30 93 65 96 70 72 86 75 63
SWAP(17,46)
# 1 2 6 7 8 9 11 12 14 15 16 18 19 20 21 26 27 29 58 88 79 33 91 81 74 90 64 71 41 36 45 57 87 42 99 31 69 94 78 83 54 43 89 60 61 62 50 38 49 97 40 82 55 67 32 30 93 65 96 70 72 86 75 63
SWAP(18,55)
# 1 2 6 7 8 9 11 12 14 15 16 18 19 20 21 26 27 29 30 88 79 33 91 81 74 90 64 71 41 36 45 57 87 42 99 31 69 94 78 83 54 43 89 60 61 62 50 38 49 97 40 82 55 67 32 58 93 65 96 70 72 86 75 63
SWAP(19,35)
# 1 2 6 7 8 9 11 12 14 15 16 18 19 20 21 26 27 29 30 31 79 33 91 81 74 90 64 71 41 36 45 57 87 42 99 88 69 94 78 83 54 43 89 60 61 62 50 38 49 97 40 82 55 67 32 58 93 65 96 70 72 86 75 63
SWAP(20,54)
# 1 2 6 7 8 9 11 12 14 15 16 18 19 20 21 26 27 29 30 31 32 33 91 81 74 90 64 71 41 36 45 57 87 42 99 88 69 94 78 83 54 43 89 60 61 62 50 38 49 97 40 82 55 67 79 58 93 65 96 70 72 86 75 63
SWAP(22,29)
# 1 2 6 7 8 9 11 12 14 15 16 18 19 20 21 26 27 29 30 31 32 33 36 81 74 90 64 71 41 91 45 57 87 42 99 88 69 94 78 83 54 43 89 60 61 62 50 38 49 97 40 82 55 67 79 58 93 65 96 70 72 86 75 63
SWAP(23,47)
# 1 2 6 7 8 9 11 12 14 15 16 18 19 20 21 26 27 29 30 31 32 33 36 38 74 90 64 71 41 91 45 57 87 42 99 88 69 94 78 83 54 43 89 60 61 62 50 81 49 97 40 82 55 67 79 58 93 65 96 70 72 86 75 63
SWAP(24,50)
# 1 2 6 7 8 9 11 12 14 15 16 18 19 20 21 26 27 29 30 31 32 33 36 38 40 90 64 71 41 91 45 57 87 42 99 88 69 94 78 83 54 43 89 60 61 62 50 81 49 97 74 82 55 67 79 58 93 65 96 70 72 86 75 63
SWAP(25,28)
# 1 2 6 7 8 9 11 12 14 15 16 18 19 20 21 26 27 29 30 31 32 33 36 38 40 41 64 71 90 91 45 57 87 42 99 88 69 94 78 83 54 43 89 60 61 62 50 81 49 97 74 82 55 67 79 58 93 65 96 70 72 86 75 63
SWAP(26,33)
# 1 2 6 7 8 9 11 12 14 15 16 18 19 20 21 26 27 29 30 31 32 33 36 38 40 41 42 71 90 91 45 57 87 64 99 88 69 94 78 83 54 43 89 60 61 62 50 81 49 97 74 82 55 67 79 58 93 65 96 70 72 86 75 63
SWAP(27,41)
# 1 2 6 7 8 9 11 12 14 15 16 18 19 20 21 26 27 29 30 31 32 33 36 38 40 41 42 43 90 91 45 57 87 64 99 88 69 94 78 83 54 71 89 60 61 62 50 81 49 97 74 82 55 67 79 58 93 65 96 70 72 86 75 63
SWAP(28,30)
# 1 2 6 7 8 9 11 12 14 15 16 18 19 20 21 26 27 29 30 31 32 33 36 38 40 41 42 43 45 91 90 57 87 64 99 88 69 94 78 83 54 71 89 60 61 62 50 81 49 97 74 82 55 67 79 58 93 65 96 70 72 86 75 63
SWAP(29,48)
# 1 2 6 7 8 9 11 12 14 15 16 18 19 20 21 26 27 29 30 31 32 33 36 38 40 41 42 43 45 49 90 57 87 64 99 88 69 94 78 83 54 71 89 60 61 62 50 81 91 97 74 82 55 67 79 58 93 65 96 70 72 86 75 63
SWAP(30,46)
# 1 2 6 7 8 9 11 12 14 15 16 18 19 20 21 26 27 29 30 31 32 33 36 38 40 41 42 43 45 49 50 57 87 64 99 88 69 94 78 83 54 71 89 60 61 62 90 81 91 97 74 82 55 67 79 58 93 65 96 70 72 86 75 63
SWAP(31,40)
# 1 2 6 7 8 9 11 12 14 15 16 18 19 20 21 26 27 29 30 31 32 33 36 38 40 41 42 43 45 49 50 54 87 64 99 88 69 94 78 83 57 71 89 60 61 62 90 81 91 97 74 82 55 67 79 58 93 65 96 70 72 86 75 63
SWAP(32,52)
# 1 2 6 7 8 9 11 12 14 15 16 18 19 20 21 26 27 29 30 31 32 33 36 38 40 41 42 43 45 49 50 54 55 64 99 88 69 94 78 83 57 71 89 60 61 62 90 81 91 97 74 82 87 67 79 58 93 65 96 70 72 86 75 63
SWAP(33,40)
# 1 2 6 7 8 9 11 12 14 15 16 18 19 20 21 26 27 29 30 31 32 33 36 38 40 41 42 43 45 49 50 54 55 57 99 88 69 94 78 83 64 71 89 60 61 62 90 81 91 97 74 82 87 67 79 58 93 65 96 70 72 86 75 63
SWAP(34,55)
# 1 2 6 7 8 9 11 12 14 15 16 18 19 20 21 26 27 29 30 31 32 33 36 38 40 41 42 43 45 49 50 54 55 57 58 88 69 94 78 83 64 71 89 60 61 62 90 81 91 97 74 82 87 67 79 99 93 65 96 70 72 86 75 63
SWAP(35,43)
# 1 2 6 7 8 9 11 12 14 15 16 18 19 20 21 26 27 29 30 31 32 33 36 38 40 41 42 43 45 49 50 54 55 57 58 60 69 94 78 83 64 71 89 88 61 62 90 81 91 97 74 82 87 67 79 99 93 65 96 70 72 86 75 63
SWAP(36,44)
# 1 2 6 7 8 9 11 12 14 15 16 18 19 20 21 26 27 29 30 31 32 33 36 38 40 41 42 43 45 49 50 54 55 57 58 60 61 94 78 83 64 71 89 88 69 62 90 81 91 97 74 82 87 67 79 99 93 65 96 70 72 86 75 63
SWAP(37,45)
# 1 2 6 7 8 9 11 12 14 15 16 18 19 20 21 26 27 29 30 31 32 33 36 38 40 41 42 43 45 49 50 54 55 57 58 60 61 62 78 83 64 71 89 88 69 94 90 81 91 97 74 82 87 67 79 99 93 65 96 70 72 86 75 63
SWAP(38,63)
# 1 2 6 7 8 9 11 12 14 15 16 18 19 20 21 26 27 29 30 31 32 33 36 38 40 41 42 43 45 49 50 54 55 57 58 60 61 62 63 83 64 71 89 88 69 94 90 81 91 97 74 82 87 67 79 99 93 65 96 70 72 86 75 78
SWAP(39,40)
# 1 2 6 7 8 9 11 12 14 15 16 18 19 20 21 26 27 29 30 31 32 33 36 38 40 41 42 43 45 49 50 54 55 57 58 60 61 62 63 64 83 71 89 88 69 94 90 81 91 97 74 82 87 67 79 99 93 65 96 70 72 86 75 78
SWAP(40,57)
# 1 2 6 7 8 9 11 12 14 15 16 18 19 20 21 26 27 29 30 31 32 33 36 38 40 41 42 43 45 49 50 54 55 57 58 60 61 62 63 64 65 71 89 88 69 94 90 81 91 97 74 82 87 67 79 99 93 83 96 70 72 86 75 78
SWAP(41,53)
# 1 2 6 7 8 9 11 12 14 15 16 18 19 20 21 26 27 29 30 31 32 33 36 38 40 41 42 43 45 49 50 54 55 57 58 60 61 62 63 64 65 67 89 88 69 94 90 81 91 97 74 82 87 71 79 99 93 83 96 70 72 86 75 78
SWAP(42,44)
# 1 2 6 7 8 9 11 12 14 15 16 18 19 20 21 26 27 29 30 31 32 33 36 38 40 41 42 43 45 49 50 54 55 57 58 60 61 62 63 64 65 67 69 88 89 94 90 81 91 97 74 82 87 71 79 99 93 83 96 70 72 86 75 78
SWAP(43,59)
# 1 2 6 7 8 9 11 12 14 15 16 18 19 20 21 26 27 29 30 31 32 33 36 38 40 41 42 43 45 49 50 54 55 57 58 60 61 62 63 64 65 67 69 70 89 94 90 81 91 97 74 82 87 71 79 99 93 83 96 88 72 86 75 78
SWAP(44,53)
# 1 2 6 7 8 9 11 12 14 15 16 18 19 20 21 26 27 29 30 31 32 33 36 38 40 41 42 43 45 49 50 54 55 57 58 60 61 62 63 64 65 67 69 70 71 94 90 81 91 97 74 82 87 89 79 99 93 83 96 88 72 86 75 78
SWAP(45,60)
# 1 2 6 7 8 9 11 12 14 15 16 18 19 20 21 26 27 29 30 31 32 33 36 38 40 41 42 43 45 49 50 54 55 57 58 60 61 62 63 64 65 67 69 70 71 72 90 81 91 97 74 82 87 89 79 99 93 83 96 88 94 86 75 78
SWAP(46,50)
# 1 2 6 7 8 9 11 12 14 15 16 18 19 20 21 26 27 29 30 31 32 33 36 38 40 41 42 43 45 49 50 54 55 57 58 60 61 62 63 64 65 67 69 70 71 72 74 81 91 97 90 82 87 89 79 99 93 83 96 88 94 86 75 78
SWAP(47,62)
# 1 2 6 7 8 9 11 12 14 15 16 18 19 20 21 26 27 29 30 31 32 33 36 38 40 41 42 43 45 49 50 54 55 57 58 60 61 62 63 64 65 67 69 70 71 72 74 75 91 97 90 82 87 89 79 99 93 83 96 88 94 86 81 78
SWAP(48,63)
# 1 2 6 7 8 9 11 12 14 15 16 18 19 20 21 26 27 29 30 31 32 33 36 38 40 41 42 43 45 49 50 54 55 57 58 60 61 62 63 64 65 67 69 70 71 72 74 75 78 97 90 82 87 89 79 99 93 83 96 88 94 86 81 91
SWAP(49,54)
# 1 2 6 7 8 9 11 12 14 15 16 18 19 20 21 26 27 29 30 31 32 33 36 38 40 41 42 43 45 49 50 54 55 57 58 60 61 62 63 64 65 67 69 70 71 72 74 75 78 79 90 82 87 89 97 99 93 83 96 88 94 86 81 91
SWAP(50,62)
# 1 2 6 7 8 9 11 12 14 15 16 18 19 20 21 26 27 29 30 31 32 33 36 38 40 41 42 43 45 49 50 54 55 57 58 60 61 62 63 64 65 67 69 70 71 72 74 75 78 79 81 82 87 89 97 99 93 83 96 88 94 86 90 91
SWAP(52,57)
# 1 2 6 7 8 9 11 12 14 15 16 18 19 20 21 26 27 29 30 31 32 33 36 38 40 41 42 43 45 49 50 54 55 57 58 60 61 62 63 64 65 67 69 70 71 72 74 75 78 79 81 82 83 89 97 99 93 87 96 88 94 86 90 91
SWAP(53,61)
# 1 2 6 7 8 9 11 12 14 15 16 18 19 20 21 26 27 29 30 31 32 33 36 38 40 41 42 43 45 49 50 54 55 57 58 60 61 62 63 64 65 67 69 70 71 72 74 75 78 79 81 82 83 86 97 99 93 87 96 88 94 89 90 91
SWAP(54,57)
# 1 2 6 7 8 9 11 12 14 15 16 18 19 20 21 26 27 29 30 31 32 33 36 38 40 41 42 43 45 49 50 54 55 57 58 60 61 62 63 64 65 67 69 70 71 72 74 75 78 79 81 82 83 86 87 99 93 97 96 88 94 89 90 91
SWAP(55,59)
# 1 2 6 7 8 9 11 12 14 15 16 18 19 20 21 26 27 29 30 31 32 33 36 38 40 41 42 43 45 49 50 54 55 57 58 60 61 62 63 64 65 67 69 70 71 72 74 75 78 79 81 82 83 86 87 88 93 97 96 99 94 89 90 91
SWAP(56,61)
# 1 2 6 7 8 9 11 12 14 15 16 18 19 20 21 26 27 29 30 31 32 33 36 38 40 41 42 43 45 49 50 54 55 57 58 60 61 62 63 64 65 67 69 70 71 72 74 75 78 79 81 82 83 86 87 88 89 97 96 99 94 93 90 91
SWAP(57,62)
# 1 2 6 7 8 9 11 12 14 15 16 18 19 20 21 26 27 29 30 31 32 33 36 38 40 41 42 43 45 49 50 54 55 57 58 60 61 62 63 64 65 67 69 70 71 72 74 75 78 79 81 82 83 86 87 88 89 90 96 99 94 93 97 91
SWAP(58,63)
# 1 2 6 7 8 9 11 12 14 15 16 18 19 20 21 26 27 29 30 31 32 33 36 38 40 41 42 43 45 49 50 54 55 57 58 60 61 62 63 64 65 67 69 70 71 72 74 75 78 79 81 82 83 86 87 88 89 90 91 99 94 93 97 96
SWAP(59,61)
# 1 2 6 7 8 9 11 12 14 15 16 18 19 20 21 26 27 29 30 31 32 33 36 38 40 41 42 43 45 49 50 54 55 57 58 60 61 62 63 64 65 67 69 70 71 72 74 75 78 79 81 82 83 86 87 88 89 90 91 93 94 99 97 96
SWAP(61,63)
# 1 2 6 7 8 9 11 12 14 15 16 18 19 20 21 26 27 29 30 31 32 33 36 38 40 41 42 43 45 49 50 54 55 57 58 60 61 62 63 64 65 67 69 70 71 72 74 75 78 79 81 82 83 86 87 88 89 90 91 93 94 96 97 99
1 2 6 7 8 9 11 12 14 15 16 18 19 20 21 26 27 29 30 31 32 33 36 38 40 41 42 43 45 49 50 54 55 57 58 60 61 62 63 64 65 67 69 70 71 72 74 75 78 79 81 82 83 86 87 88 89 90 91 93 94 96 97 99
2016
