SWAP(0,17)
# 1 21 24 32 62 55 27 58 22 57 12 90 49 51 35 53 50 96 73 33 86 78 54 31 8 14 66 34 69 15 68 52 13 97 11 47 91 18 88 16 98 82 87 64 26 67 72 75 93 74 81 46 7 3 30 48 45 5 79 29 83 85 56 2 61 77 80 100
SWAP(1,63)
# 1 2 24 32 62 55 27 58 22 57 12 90 49 51 35 53 50 96 73 33 86 78 54 31 8 14 66 34 69 15 68 52 13 97 11 47 91 18 88 16 98 82 87 64 26 67 72 75 93 74 81 46 7 3 30 48 45 5 79 29 83 85 56 21 61 77 80 100
SWAP(2,53)
# 1 2 3 32 62 55 27 58 22 57 12 90 49 51 35 53 50 96 73 33 86 78 54 31 8 14 66 34 69 15 68 52 13 97 11 47 91 18 88 16 98 82 87 64 26 67 72 75 93 74 81 46 7 24 30 48 45 5 79 29 83 85 56 21 61 77 80 100
SWAP(3,57)
# 1 2 3 5 62 55 27 58 22 57 12 90 49 51 35 53 50 96 73 33 86 78 54 31 8 14 66 34 69 15 68 52 13 97 11 47 91 18 88 16 98 82 87 64 26 67 72 75 93 74 81 46 7 24 30 48 45 32 79 29 83 85 56 21 61 77 80 100
SWAP(4,52)
# 1 2 3 5 7 55 27 58 22 57 12 90 49 51 35 53 50 96 73 33 86 78 54 31 8 14 66 34 69 15 68 52 13 97 11 47 91 18 88 16 98 82 87 64 26 67 72 75 93 74 81 46 62 24 30 48 45 32 79 29 83 85 56 21 61 77 80 100
SWAP(5,24)
# 1 2 3 5 7 8 27 58 22 57 12 90 49 51 35 53 50 96 73 33 86 78 54 31 55 14 66 34 69 15 68 52 13 97 11 47 91 18 88 16 98 82 87 64 26 67 72 75 93 74 81 46 62 24 30 48 45 32 79 29 83 85 56 21 61 77 80 100
SWAP(6,34)
# 1 2 3 5 7 8 11 58 22 57 12 90 49 51 35 53 50 96 73 33 86 78 54 31 55 14 66 34 69 15 68 52 13 97 27 47 91 18 88 16 98 82 87 64 26 67 72 75 93 74 81 46 62 24 30 48 45 32 79 29 83 85 56 21 61 77 80 100
SWAP(7,10)
# 1 2 3 5 7 8 11 12 22 57 58 90 49 51 35 53 50 96 73 33 86 78 54 31 55 14 66 34 69 15 68 52 13 97 27 47 91 18 88 16 98 82 87 64 26 67 72 75 93 74 81 46 62 24 30 48 45 32 79 29 83 85 56 21 61 77 80 100
SWAP(8,32)
# 1 2 3 5 7 8 11 12 13 57 58 90 49 51 35 53 50 96 73 33 86 78 54 31 55 14 66 34 69 15 68 52 22 97 27 47 91 18 88 16 98 82 87 64 26 67 72 75 93 74 81 46 62 24 30 48 45 32 79 29 83 85 56 21 61 77 80 100
SWAP(9,25)
# 1 2 3 5 7 8 11 12 13 14 58 90 49 51 35 53 50 96 73 33 86 78 54 31 55 57 66 34 69 15 68 52 22 97 27 47 91 18 88 16 98 82 87 64 26 67 72 75 93 74 81 46 62 24 30 48 45 32 79 29 83 85 56 21 61 77 80 100
SWAP(10,29)
# 1 2 3 5 7 8 11 12 13 14 15 90 49 51 35 53 50 96 73 33 86 78 54 31 55 57 66 34 69 58 68 52 22 97 27 47 91 18 88 16 98 82 87 64 26 67 72 75 93 74 81 46 62 24 30 48 45 32 79 29 83 85 56 21 61 77 80 100
SWAP(11,39)
# 1 2 3 5 7 8 11 12 13 14 15 16 49 51 35 53 50 96 73 33 86 78 54 31 55 57 66 34 69 58 68 52 22 97 27 47 91 18 88 90 98 82 87 64 26 67 72 75 93 74 81 46 62 24 30 48 45 32 79 29 83 85 56 21 61 77 80 100
SWAP(12,37)
# 1 2 3 5 7 8 11 12 13 14 15 16 18 51 35 53 50 96 73 33 86 78 54 31 55 57 66 34 69 58 68 52 22 97 27 47 91 49 88 90 98 82 87 64 26 67 72 75 93 74 81 46 62 24 30 48 45 32 79 29 83 85 56 21 61 77 80 100
SWAP(13,63)
# 1 2 3 5 7 8 11 12 13 14 15 16 18 21 35 53 50 96 73 33 86 78 54 31 55 57 66 34 69 58 68 52 22 97 27 47 91 49 88 90 98 82 87 64 26 67 72 75 93 74 81 46 62 24 30 48 45 32 79 29 83 85 56 51 61 77 80 100
SWAP(14,32)
# 1 2 3 5 7 8 11 12 13 14 15 16 18 21 22 53 50 96 73 33 86 78 54 31 55 57 66 34 69 58 68 52 35 97 27 47 91 49 88 90 98 82 87 64 26 67 72 75 93 74 81 46 62 24 30 48 45 32 79 29 83 85 56 51 61 77 80 100
SWAP(15,53)
# 1 2 3 5 7 8 11 12 13 14 15 16 18 21 22 24 50 96 73 33 86 78 54 31 55 57 66 34 69 58 68 52 35 97 27 47 91 49 88 90 98 82 87 64 26 67 72 75 93 74 81 46 62 53 30 48 45 32 79 29 83 85 56 51 61 77 80 100
SWAP(16,44)
# 1 2 3 5 7 8 11 12 13 14 15 16 18 21 22 24 26 96 73 33 86 78 54 31 55 57 66 34 69 58 68 52 35 97 27 47 91 49 88 90 98 82 87 64 50 67 72 75 93 74 81 46 62 53 30 48 45 32 79 29 83 85 56 51 61 77 80 100
SWAP(17,34)
# 1 2 3 5 7 8 11 12 13 14 15 16 18 21 22 24 26 27 73 33 86 78 54 31 55 57 66 34 69 58 68 52 35 97 96 47 91 49 88 90 98 82 87 64 50 67 72 75 93 74 81 46 62 53 30 48 45 32 79 29 83 85 56 51 61 77 80 100
SWAP(18,59)
# 1 2 3 5 7 8 11 12 13 14 15 16 18 21 22 24 26 27 29 33 86 78 54 31 55 57 66 34 69 58 68 52 35 97 96 47 91 49 88 90 98 82 87 64 50 67 72 75 93 74 81 46 62 53 30 48 45 32 79 73 83 85 56 51 61 77 80 100
SWAP(19,54)
# 1 2 3 5 7 8 11 12 13 14 15 16 18 21 22 24 26 27 29 30 86 78 54 31 55 57 66 34 69 58 68 52 35 97 96 47 91 49 88 90 98 82 87 64 50 67 72 75 93 74 81 46 62 53 33 48 45 32 79 73 83 85 56 51 61 77 80 100
SWAP(20,23)
# 1 2 3 5 7 8 11 12 13 14 15 16 18 21 22 24 26 27 29 30 31 78 54 86 55 57 66 34 69 58 68 52 35 97 96 47 91 49 88 90 98 82 87 64 50 67 72 75 93 74 81 46 62 53 33 48 45 32 79 73 83 85 56 51 61 77 80 100
SWAP(21,57)
# 1 2 3 5 7 8 11 12 13 14 15 16 18 21 22 24 26 27 29 30 31 32 54 86 55 57 66 34 69 58 68 52 35 97 96 47 91 49 88 90 98 82 87 64 50 67 72 75 93 74 81 46 62 53 33 48 45 78 79 73 83 85 56 51 61 77 80 100
SWAP(22,54)
# 1 2 3 5 7 8 11 12 13 14 15 16 18 21 22 24 26 27 29 30 31 32 33 86 55 57 66 34 69 58 68 52 35 97 96 47 91 49 88 90 98 82 87 64 50 67 72 75 93 74 81 46 62 53 54 48 45 78 79 73 83 85 56 51 61 77 80 100
SWAP(23,27)
# 1 2 3 5 7 8 11 12 13 14 15 16 18 21 22 24 26 27 29 30 31 32 33 34 55 57 66 86 69 58 68 52 35 97 96 47 91 49 88 90 98 82 87 64 50 67 72 75 93 74 81 46 62 53 54 48 45 78 79 73 83 85 56 51 61 77 80 100
SWAP(24,32)
# 1 2 3 5 7 8 11 12 13 14 15 16 18 21 22 24 26 27 29 30 31 32 33 34 35 57 66 86 69 58 68 52 55 97 96 47 91 49 88 90 98 82 87 64 50 67 72 75 93 74 81 46 62 53 54 48 45 78 79 73 83 85 56 51 61 77 80 100
SWAP(25,56)
# 1 2 3 5 7 8 11 12 13 14 15 16 18 21 22 24 26 27 29 30 31 32 33 34 35 45 66 86 69 58 68 52 55 97 96 47 91 49 88 90 98 82 87 64 50 67 72 75 93 74 81 46 62 53 54 48 57 78 79 73 83 85 56 51 61 77 80 100
SWAP(26,51)
# 1 2 3 5 7 8 11 12 13 14 15 16 18 21 22 24 26 27 29 30 31 32 33 34 35 45 46 86 69 58 68 52 55 97 96 47 91 49 88 90 98 82 87 64 50 67 72 75 93 74 81 66 62 53 54 48 57 78 79 73 83 85 56 51 61 77 80 100
SWAP(27,35)
# 1 2 3 5 7 8 11 12 13 14 15 16 18 21 22 24 26 27 29 30 31 32 33 34 35 45 46 47 69 58 68 52 55 97 96 86 91 49 88 90 98 82 87 64 50 67 72 75 93 74 81 66 62 53 54 48 57 78 79 73 83 85 56 51 61 77 80 100
SWAP(28,55)
# 1 2 3 5 7 8 11 12 13 14 15 16 18 21 22 24 26 27 29 30 31 32 33 34 35 45 46 47 48 58 68 52 55 97 96 86 91 49 88 90 98 82 87 64 50 67 72 75 93 74 81 66 62 53 54 69 57 78 79 73 83 85 56 51 61 77 80 100
SWAP(29,37)
# 1 2 3 5 7 8 11 12 13 14 15 16 18 21 22 24 26 27 29 30 31 32 33 34 35 45 46 47 48 49 68 52 55 97 96 86 91 58 88 90 98 82 87 64 50 67 72 75 93 74 81 66 62 53 54 69 57 78 79 73 83 85 56 51 61 77 80 100
SWAP(30,44)
# 1 2 3 5 7 8 11 12 13 14 15 16 18 21 22 24 26 27 29 30 31 32 33 34 35 45 46 47 48 49 50 52 55 97 96 86 91 58 88 90 98 82 87 64 68 67 72 75 93 74 81 66 62 53 54 69 57 78 79 73 83 85 56 51 61 77 80 100
SWAP(31,63)
# 1 2 3 5 7 8 11 12 13 14 15 16 18 21 22 24 26 27 29 30 31 32 33 34 35 45 46 47 48 49 50 51 55 97 96 86 91 58 88 90 98 82 87 64 68 67 72 75 93 74 81 66 62 53 54 69 57 78 79 73 83 85 56 52 61 77 80 100
SWAP(32,63)
# 1 2 3 5 7 8 11 12 13 14 15 16 18 21 22 24 26 27 29 30 31 32 33 34 35 45 46 47 48 49 50 51 52 97 96 86 91 58 88 90 98 82 87 64 68 67 72 75 93 74 81 66 62 53 54 69 57 78 79 73 83 85 56 55 61 77 80 100
SWAP(33,53)
# 1 2 3 5 7 8 11 12 13 14 15 16 18 21 22 24 26 27 29 30 31 32 33 34 35 45 46 47 48 49 50 51 52 53 96 86 91 58 88 90 98 82 87 64 68 67 72 75 93 74 81 66 62 97 54 69 57 78 79 73 83 85 56 55 61 77 80 100
SWAP(34,54)
# 1 2 3 5 7 8 11 12 13 14 15 16 18 21 22 24 26 27 29 30 31 32 33 34 35 45 46 47 48 49 50 51 52 53 54 86 91 58 88 90 98 82 87 64 68 67 72 75 93 74 81 66 62 97 96 69 57 78 79 73 83 85 56 55 61 77 80 100
SWAP(35,63)
# 1 2 3 5 7 8 11 12 13 14 15 16 18 21 22 24 26 27 29 30 31 32 33 34 35 45 46 47 48 49 50 51 52 53 54 55 91 58 88 90 98 82 87 64 68 67 72 75 93 74 81 66 62 97 96 69 57 78 79 73 83 85 56 86 61 77 80 100
SWAP(36,62)
# 1 2 3 5 7 8 11 12 13 14 15 16 18 21 22 24 26 27 29 30 31 32 33 34 35 45 46 47 48 49 50 51 52 53 54 55 56 58 88 90 98 82 87 64 68 67 72 75 93 74 81 66 62 97 96 69 57 78 79 73 83 85 91 86 61 77 80 100
SWAP(37,56)
# 1 2 3 5 7 8 11 12 13 14 15 16 18 21 22 24 26 27 29 30 31 32 33 34 35 45 46 47 48 49 50 51 52 53 54 55 56 57 88 90 98 82 87 64 68 67 72 75 93 74 81 66 62 97 96 69 58 78 79 73 83 85 91 86 61 77 80 100
SWAP(38,56)
# 1 2 3 5 7 8 11 12 13 14 15 16 18 21 22 24 26 27 29 30 31 32 33 34 35 45 46 47 48 49 50 51 52 53 54 55 56 57 58 90 98 82 87 64 68 67 72 75 93 74 81 66 62 97 96 69 88 78 79 73 83 85 91 86 61 77 80 100
SWAP(39,64)
# 1 2 3 5 7 8 11 12 13 14 15 16 18 21 22 24 26 27 29 30 31 32 33 34 35 45 46 47 48 49 50 51 52 53 54 55 56 57 58 61 98 82 87 64 68 67 72 75 93 74 81 66 62 97 96 69 88 78 79 73 83 85 91 86 90 77 80 100
SWAP(40,52)
# 1 2 3 5 7 8 11 12 13 14 15 16 18 21 22 24 26 27 29 30 31 32 33 34 35 45 46 47 48 49 50 51 52 53 54 55 56 57 58 61 62 82 87 64 68 67 72 75 93 74 81 66 98 97 96 69 88 78 79 73 83 85 91 86 90 77 80 100
SWAP(41,43)
# 1 2 3 5 7 8 11 12 13 14 15 16 18 21 22 24 26 27 29 30 31 32 33 34 35 45 46 47 48 49 50 51 52 53 54 55 56 57 58 61 62 64 87 82 68 67 72 75 93 74 81 66 98 97 96 69 88 78 79 73 83 85 91 86 90 77 80 100
SWAP(42,51)
# 1 2 3 5 7 8 11 12 13 14 15 16 18 21 22 24 26 27 29 30 31 32 33 34 35 45 46 47 48 49 50 51 52 53 54 55 56 57 58 61 62 64 66 82 68 67 72 75 93 74 81 87 98 97 96 69 88 78 79 73 83 85 91 86 90 77 80 100
SWAP(43,45)
# 1 2 3 5 7 8 11 12 13 14 15 16 18 21 22 24 26 27 29 30 31 32 33 34 35 45 46 47 48 49 50 51 52 53 54 55 56 57 58 61 62 64 66 67 68 82 72 75 93 74 81 87 98 97 96 69 88 78 79 73 83 85 91 86 90 77 80 100
SWAP(45,55)
# 1 2 3 5 7 8 11 12 13 14 15 16 18 21 22 24 26 27 29 30 31 32 33 34 35 45 46 47 48 49 50 51 52 53 54 55 56 57 58 61 62 64 66 67 68 69 72 75 93 74 81 87 98 97 96 82 88 78 79 73 83 85 91 86 90 77 80 100
SWAP(47,59)
# 1 2 3 5 7 8 11 12 13 14 15 16 18 21 22 24 26 27 29 30 31 32 33 34 35 45 46 47 48 49 50 51 52 53 54 55 56 57 58 61 62 64 66 67 68 69 72 73 93 74 81 87 98 97 96 82 88 78 79 75 83 85 91 86 90 77 80 100
SWAP(48,49)
# 1 2 3 5 7 8 11 12 13 14 15 16 18 21 22 24 26 27 29 30 31 32 33 34 35 45 46 47 48 49 50 51 52 53 54 55 56 57 58 61 62 64 66 67 68 69 72 73 74 93 81 87 98 97 96 82 88 78 79 75 83 85 91 86 90 77 80 100
SWAP(49,59)
# 1 2 3 5 7 8 11 12 13 14 15 16 18 21 22 24 26 27 29 30 31 32 33 34 35 45 46 47 48 49 50 51 52 53 54 55 56 57 58 61 62 64 66 67 68 69 72 73 74 75 81 87 98 97 96 82 88 78 79 93 83 85 91 86 90 77 80 100
SWAP(50,65)
# 1 2 3 5 7 8 11 12 13 14 15 16 18 21 22 24 26 27 29 30 31 32 33 34 35 45 46 47 48 49 50 51 52 53 54 55 56 57 58 61 62 64 66 67 68 69 72 73 74 75 77 87 98 97 96 82 88 78 79 93 83 85 91 86 90 81 80 100
SWAP(51,57)
# 1 2 3 5 7 8 11 12 13 14 15 16 18 21 22 24 26 27 29 30 31 32 33 34 35 45 46 47 48 49 50 51 52 53 54 55 56 57 58 61 62 64 66 67 68 69 72 73 74 75 77 78 98 97 96 82 88 87 79 93 83 85 91 86 90 81 80 100
SWAP(52,58)
# 1 2 3 5 7 8 11 12 13 14 15 16 18 21 22 24 26 27 29 30 31 32 33 34 35 45 46 47 48 49 50 51 52 53 54 55 56 57 58 61 62 64 66 67 68 69 72 73 74 75 77 78 79 97 96 82 88 87 98 93 83 85 91 86 90 81 80 100
SWAP(53,66)
# 1 2 3 5 7 8 11 12 13 14 15 16 18 21 22 24 26 27 29 30 31 32 33 34 35 45 46 47 48 49 50 51 52 53 54 55 56 57 58 61 62 64 66 67 68 69 72 73 74 75 77 78 79 80 96 82 88 87 98 93 83 85 91 86 90 81 97 100
SWAP(54,65)
# 1 2 3 5 7 8 11 12 13 14 15 16 18 21 22 24 26 27 29 30 31 32 33 34 35 45 46 47 48 49 50 51 52 53 54 55 56 57 58 61 62 64 66 67 68 69 72 73 74 75 77 78 79 80 81 82 88 87 98 93 83 85 91 86 90 96 97 100
SWAP(56,60)
# 1 2 3 5 7 8 11 12 13 14 15 16 18 21 22 24 26 27 29 30 31 32 33 34 35 45 46 47 48 49 50 51 52 53 54 55 56 57 58 61 62 64 66 67 68 69 72 73 74 75 77 78 79 80 81 82 83 87 98 93 88 85 91 86 90 96 97 100
SWAP(57,61)
# 1 2 3 5 7 8 11 12 13 14 15 16 18 21 22 24 26 27 29 30 31 32 33 34 35 45 46 47 48 49 50 51 52 53 54 55 56 57 58 61 62 64 66 67 68 69 72 73 74 75 77 78 79 80 81 82 83 85 98 93 88 87 91 86 90 96 97 100
SWAP(58,63)
# 1 2 3 5 7 8 11 12 13 14 15 16 18 21 22 24 26 27 29 30 31 32 33 34 35 45 46 47 48 49 50 51 52 53 54 55 56 57 58 61 62 64 66 67 68 69 72 73 74 75 77 78 79 80 81 82 83 85 86 93 88 87 91 98 90 96 97 100
SWAP(59,61)
# 1 2 3 5 7 8 11 12 13 14 15 16 18 21 22 24 26 27 29 30 31 32 33 34 35 45 46 47 48 49 50 51 52 53 54 55 56 57 58 61 62 64 66 67 68 69 72 73 74 75 77 78 79 80 81 82 83 85 86 87 88 93 91 98 90 96 97 100
SWAP(61,64)
# 1 2 3 5 7 8 11 12 13 14 15 16 18 21 22 24 26 27 29 30 31 32 33 34 35 45 46 47 48 49 50 51 52 53 54 55 56 57 58 61 62 64 66 67 68 69 72 73 74 75 77 78 79 80 81 82 83 85 86 87 88 90 91 98 93 96 97 100
SWAP(63,64)
# 1 2 3 5 7 8 11 12 13 14 15 16 18 21 22 24 26 27 29 30 31 32 33 34 35 45 46 47 48 49 50 51 52 53 54 55 56 57 58 61 62 64 66 67 68 69 72 73 74 75 77 78 79 80 81 82 83 85 86 87 88 90 91 93 98 96 97 100
SWAP(64,65)
# 1 2 3 5 7 8 11 12 13 14 15 16 18 21 22 24 26 27 29 30 31 32 33 34 35 45 46 47 48 49 50 51 52 53 54 55 56 57 58 61 62 64 66 67 68 69 72 73 74 75 77 78 79 80 81 82 83 85 86 87 88 90 91 93 96 98 97 100
SWAP(65,66)
# 1 2 3 5 7 8 11 12 13 14 15 16 18 21 22 24 26 27 29 30 31 32 33 34 35 45 46 47 48 49 50 51 52 53 54 55 56 57 58 61 62 64 66 67 68 69 72 73 74 75 77 78 79 80 81 82 83 85 86 87 88 90 91 93 96 97 98 100
1 2 3 5 7 8 11 12 13 14 15 16 18 21 22 24 26 27 29 30 31 32 33 34 35 45 46 47 48 49 50 51 52 53 54 55 56 57 58 61 62 64 66 67 68 69 72 73 74 75 77 78 79 80 81 82 83 85 86 87 88 90 91 93 96 97 98 100
2278
