SWAP(0,40)
# 1 53 30 27 57 8 85 19 69 46 90 14 84 28 25 26 4 88 23 78 37 41 56 62 77 61 72 47 55 74 89 13 97 91 79 65 7 17 58 16 15 34 18 80 42 54 11 31 38 2 92 48 35 43 67 24 21 81 52 39 5 96 36 64 66 68 73 33 29 3 60 94
SWAP(1,49)
# 1 2 30 27 57 8 85 19 69 46 90 14 84 28 25 26 4 88 23 78 37 41 56 62 77 61 72 47 55 74 89 13 97 91 79 65 7 17 58 16 15 34 18 80 42 54 11 31 38 53 92 48 35 43 67 24 21 81 52 39 5 96 36 64 66 68 73 33 29 3 60 94
SWAP(2,69)
# 1 2 3 27 57 8 85 19 69 46 90 14 84 28 25 26 4 88 23 78 37 41 56 62 77 61 72 47 55 74 89 13 97 91 79 65 7 17 58 16 15 34 18 80 42 54 11 31 38 53 92 48 35 43 67 24 21 81 52 39 5 96 36 64 66 68 73 33 29 30 60 94
SWAP(3,16)
# 1 2 3 4 57 8 85 19 69 46 90 14 84 28 25 26 27 88 23 78 37 41 56 62 77 61 72 47 55 74 89 13 97 91 79 65 7 17 58 16 15 34 18 80 42 54 11 31 38 53 92 48 35 43 67 24 21 81 52 39 5 96 36 64 66 68 73 33 29 30 60 94
SWAP(4,60)
# 1 2 3 4 5 8 85 19 69 46 90 14 84 28 25 26 27 88 23 78 37 41 56 62 77 61 72 47 55 74 89 13 97 91 79 65 7 17 58 16 15 34 18 80 42 54 11 31 38 53 92 48 35 43 67 24 21 81 52 39 57 96 36 64 66 68 73 33 29 30 60 94
SWAP(5,36)
# 1 2 3 4 5 7 85 19 69 46 90 14 84 28 25 26 27 88 23 78 37 41 56 62 77 61 72 47 55 74 89 13 97 91 79 65 8 17 58 16 15 34 18 80 42 54 11 31 38 53 92 48 35 43 67 24 21 81 52 39 57 96 36 64 66 68 73 33 29 30 60 94
SWAP(6,36)
# 1 2 3 4 5 7 8 19 69 46 90 14 84 28 25 26 27 88 23 78 37 41 56 62 77 61 72 47 55 74 89 13 97 91 79 65 85 17 58 16 15 34 18 80 42 54 11 31 38 53 92 48 35 43 67 24 21 81 52 39 57 96 36 64 66 68 73 33 29 30 60 94
SWAP(7,46)
# 1 2 3 4 5 7 8 11 69 46 90 14 84 28 25 26 27 88 23 78 37 41 56 62 77 61 72 47 55 74 89 13 97 91 79 65 85 17 58 16 15 34 18 80 42 54 19 31 38 53 92 48 35 43 67 24 21 81 52 39 57 96 36 64 66 68 73 33 29 30 60 94
SWAP(8,31)
# 1 2 3 4 5 7 8 11 13 46 90 14 84 28 25 26 27 88 23 78 37 41 56 62 77 61 72 47 55 74 89 69 97 91 79 65 85 17 58 16 15 34 18 80 42 54 19 31 38 53 92 48 35 43 67 24 21 81 52 39 57 96 36 64 66 68 73 33 29 30 60 94
SWAP(9,11)
# 1 2 3 4 5 7 8 11 13 14 90 46 84 28 25 26 27 88 23 78 37 41 56 62 77 61 72 47 55 74 89 69 97 91 79 65 85 17 58 16 15 34 18 80 42 54 19 31 38 53 92 48 35 43 67 24 21 81 52 39 57 96 36 64 66 68 73 33 29 30 60 94
SWAP(10,40)
# 1 2 3 4 5 7 8 11 13 14 15 46 84 28 25 26 27 88 23 78 37 41 56 62 77 61 72 47 55 74 89 69 97 91 79 65 85 17 58 16 90 34 18 80 42 54 19 31 38 53 92 48 35 43 67 24 21 81 52 39 57 96 36 64 66 68 73 33 29 30 60 94
SWAP(11,39)
# 1 2 3 4 5 7 8 11 13 14 15 16 84 28 25 26 27 88 23 78 37 41 56 62 77 61 72 47 55 74 89 69 97 91 79 65 85 17 58 46 90 34 18 80 42 54 19 31 38 53 92 48 35 43 67 24 21 81 52 39 57 96 36 64 66 68 73 33 29 30 60 94
SWAP(12,37)
# 1 2 3 4 5 7 8 11 13 14 15 16 17 28 25 26 27 88 23 78 37 41 56 62 77 61 72 47 55 74 89 69 97 91 79 65 85 84 58 46 90 34 18 80 42 54 19 31 38 53 92 48 35 43 67 24 21 81 52 39 57 96 36 64 66 68 73 33 29 30 60 94
SWAP(13,42)
# 1 2 3 4 5 7 8 11 13 14 15 16 17 18 25 26 27 88 23 78 37 41 56 62 77 61 72 47 55 74 89 69 97 91 79 65 85 84 58 46 90 34 28 80 42 54 19 31 38 53 92 48 35 43 67 24 21 81 52 39 57 96 36 64 66 68 73 33 29 30 60 94
SWAP(14,46)
# 1 2 3 4 5 7 8 11 13 14 15 16 17 18 19 26 27 88 23 78 37 41 56 62 77 61 72 47 55 74 89 69 97 91 79 65 85 84 58 46 90 34 28 80 42 54 25 31 38 53 92 48 35 43 67 24 21 81 52 39 57 96 36 64 66 68 73 33 29 30 60 94
SWAP(15,56)
# 1 2 3 4 5 7 8 11 13 14 15 16 17 18 19 21 27 88 23 78 37 41 56 62 77 61 72 47 55 74 89 69 97 91 79 65 85 84 58 46 90 34 28 80 42 54 25 31 38 53 92 48 35 43 67 24 26 81 52 39 57 96 36 64 66 68 73 33 29 30 60 94
SWAP(16,18)
# 1 2 3 4 5 7 8 11 13 14 15 16 17 18 19 21 23 88 27 78 37 41 56 62 77 61 72 47 55 74 89 69 97 91 79 65 85 84 58 46 90 34 28 80 42 54 25 31 38 53 92 48 35 43 67 24 26 81 52 39 57 96 36 64 66 68 73 33 29 30 60 94
SWAP(17,55)
# 1 2 3 4 5 7 8 11 13 14 15 16 17 18 19 21 23 24 27 78 37 41 56 62 77 61 72 47 55 74 89 69 97 91 79 65 85 84 58 46 90 34 28 80 42 54 25 31 38 53 92 48 35 43 67 88 26 81 52 39 57 96 36 64 66 68 73 33 29 30 60 94
SWAP(18,46)
# 1 2 3 4 5 7 8 11 13 14 15 16 17 18 19 21 23 24 25 78 37 41 56 62 77 61 72 47 55 74 89 69 97 91 79 65 85 84 58 46 90 34 28 80 42 54 27 31 38 53 92 48 35 43 67 88 26 81 52 39 57 96 36 64 66 68 73 33 29 30 60 94
SWAP(19,56)
# 1 2 3 4 5 7 8 11 13 14 15 16 17 18 19 21 23 24 25 26 37 41 56 62 77 61 72 47 55 74 89 69 97 91 79 65 85 84 58 46 90 34 28 80 42 54 27 31 38 53 92 48 35 43 67 88 78 81 52 39 57 96 36 64 66 68 73 33 29 30 60 94
SWAP(20,46)
# 1 2 3 4 5 7 8 11 13 14 15 16 17 18 19 21 23 24 25 26 27 41 56 62 77 61 72 47 55 74 89 69 97 91 79 65 85 84 58 46 90 34 28 80 42 54 37 31 38 53 92 48 35 43 67 88 78 81 52 39 57 96 36 64 66 68 73 33 29 30 60 94
SWAP(21,42)
# 1 2 3 4 5 7 8 11 13 14 15 16 17 18 19 21 23 24 25 26 27 28 56 62 77 61 72 47 55 74 89 69 97 91 79 65 85 84 58 46 90 34 41 80 42 54 37 31 38 53 92 48 35 43 67 88 78 81 52 39 57 96 36 64 66 68 73 33 29 30 60 94
SWAP(22,68)
# 1 2 3 4 5 7 8 11 13 14 15 16 17 18 19 21 23 24 25 26 27 28 29 62 77 61 72 47 55 74 89 69 97 91 79 65 85 84 58 46 90 34 41 80 42 54 37 31 38 53 92 48 35 43 67 88 78 81 52 39 57 96 36 64 66 68 73 33 56 30 60 94
SWAP(23,69)
# 1 2 3 4 5 7 8 11 13 14 15 16 17 18 19 21 23 24 25 26 27 28 29 30 77 61 72 47 55 74 89 69 97 91 79 65 85 84 58 46 90 34 41 80 42 54 37 31 38 53 92 48 35 43 67 88 78 81 52 39 57 96 36 64 66 68 73 33 56 62 60 94
SWAP(24,47)
# 1 2 3 4 5 7 8 11 13 14 15 16 17 18 19 21 23 24 25 26 27 28 29 30 31 61 72 47 55 74 89 69 97 91 79 65 85 84 58 46 90 34 41 80 42 54 37 77 38 53 92 48 35 43 67 88 78 81 52 39 57 96 36 64 66 68 73 33 56 62 60 94
SWAP(25,67)
# 1 2 3 4 5 7 8 11 13 14 15 16 17 18 19 21 23 24 25 26 27 28 29 30 31 33 72 47 55 74 89 69 97 91 79 65 85 84 58 46 90 34 41 80 42 54 37 77 38 53 92 48 35 43 67 88 78 81 52 39 57 96 36 64 66 68 73 61 56 62 60 94
SWAP(26,41)
# 1 2 3 4 5 7 8 11 13 14 15 16 17 18 19 21 23 24 25 26 27 28 29 30 31 33 34 47 55 74 89 69 97 91 79 65 85 84 58 46 90 72 41 80 42 54 37 77 38 53 92 48 35 43 67 88 78 81 52 39 57 96 36 64 66 68 73 61 56 62 60 94
SWAP(27,52)
# 1 2 3 4 5 7 8 11 13 14 15 16 17 18 19 21 23 24 25 26 27 28 29 30 31 33 34 35 55 74 89 69 97 91 79 65 85 84 58 46 90 72 41 80 42 54 37 77 38 53 92 48 47 43 67 88 78 81 52 39 57 96 36 64 66 68 73 61 56 62 60 94
SWAP(28,62)
# 1 2 3 4 5 7 8 11 13 14 15 16 17 18 19 21 23 24 25 26 27 28 29 30 31 33 34 35 36 74 89 69 97 91 79 65 85 84 58 46 90 72 41 80 42 54 37 77 38 53 92 48 47 43 67 88 78 81 52 39 57 96 55 64 66 68 73 61 56 62 60 94
SWAP(29,46)
# 1 2 3 4 5 7 8 11 13 14 15 16 17 18 19 21 23 24 25 26 27 28 29 30 31 33 34 35 36 37 89 69 97 91 79 65 85 84 58 46 90 72 41 80 42 54 74 77 38 53 92 48 47 43 67 88 78 81 52 39 57 96 55 64 66 68 73 61 56 62 60 94
SWAP(30,48)
# 1 2 3 4 5 7 8 11 13 14 15 16 17 18 19 21 23 24 25 26 27 28 29 30 31 33 34 35 36 37 38 69 97 91 79 65 85 84 58 46 90 72 41 80 42 54 74 77 89 53 92 48 47 43 67 88 78 81 52 39 57 96 55 64 66 68 73 61 56 62 60 94
SWAP(31,59)
# 1 2 3 4 5 7 8 11 13 14 15 16 17 18 19 21 23 24 25 26 27 28 29 30 31 33 34 35 36 37 38 39 97 91 79 65 85 84 58 46 90 72 41 80 42 54 74 77 89 53 92 48 47 43 67 88 78 81 52 69 57 96 55 64 66 68 73 61 56 62 60 94
SWAP(32,42)
# 1 2 3 4 5 7 8 11 13 14 15 16 17 18 19 21 23 24 25 26 27 28 29 30 31 33 34 35 36 37 38 39 41 91 79 65 85 84 58 46 90 72 97 80 42 54 74 77 89 53 92 48 47 43 67 88 78 81 52 69 57 96 55 64 66 68 73 61 56 62 60 94
SWAP(33,44)
# 1 2 3 4 5 7 8 11 13 14 15 16 17 18 19 21 23 24 25 26 27 28 29 30 31 33 34 35 36 37 38 39 41 42 79 65 85 84 58 46 90 72 97 80 91 54 74 77 89 53 92 48 47 43 67 88 78 81 52 69 57 96 55 64 66 68 73 61 56 62 60 94
SWAP(34,53)
# 1 2 3 4 5 7 8 11 13 14 15 16 17 18 19 21 23 24 25 26 27 28 29 30 31 33 34 35 36 37 38 39 41 42 43 65 85 84 58 46 90 72 97 80 91 54 74 77 89 53 92 48 47 79 67 88 78 81 52 69 57 96 55 64 66 68 73 61 56 62 60 94
SWAP(35,39)
# 1 2 3 4 5 7 8 11 13 14 15 16 17 18 19 21 23 24 25 26 27 28 29 30 31 33 34 35 36 37 38 39 41 42 43 46 85 84 58 65 90 72 97 80 91 54 74 77 89 53 92 48 47 79 67 88 78 81 52 69 57 96 55 64 66 68 73 61 56 62 60 94
SWAP(36,52)
# 1 2 3 4 5 7 8 11 13 14 15 16 17 18 19 21 23 24 25 26 27 28 29 30 31 33 34 35 36 37 38 39 41 42 43 46 47 84 58 65 90 72 97 80 91 54 74 77 89 53 92 48 85 79 67 88 78 81 52 69 57 96 55 64 66 68 73 61 56 62 60 94
SWAP(37,51)
# 1 2 3 4 5 7 8 11 13 14 15 16 17 18 19 21 23 24 25 26 27 28 29 30 31 33 34 35 36 37 38 39 41 42 43 46 47 48 58 65 90 72 97 80 91 54 74 77 89 53 92 84 85 79 67 88 78 81 52 69 57 96 55 64 66 68 73 61 56 62 60 94
SWAP(38,58)
# 1 2 3 4 5 7 8 11 13 14 15 16 17 18 19 21 23 24 25 26 27 28 29 30 31 33 34 35 36 37 38 39 41 42 43 46 47 48 52 65 90 72 97 80 91 54 74 77 89 53 92 84 85 79 67 88 78 81 58 69 57 96 55 64 66 68 73 61 56 62 60 94
SWAP(39,49)
# 1 2 3 4 5 7 8 11 13 14 15 16 17 18 19 21 23 24 25 26 27 28 29 30 31 33 34 35 36 37 38 39 41 42 43 46 47 48 52 53 90 72 97 80 91 54 74 77 89 65 92 84 85 79 67 88 78 81 58 69 57 96 55 64 66 68 73 61 56 62 60 94
SWAP(40,45)
# 1 2 3 4 5 7 8 11 13 14 15 16 17 18 19 21 23 24 25 26 27 28 29 30 31 33 34 35 36 37 38 39 41 42 43 46 47 48 52 53 54 72 97 80 91 90 74 77 89 65 92 84 85 79 67 88 78 81 58 69 57 96 55 64 66 68 73 61 56 62 60 94
SWAP(41,62)
# 1 2 3 4 5 7 8 11 13 14 15 16 17 18 19 21 23 24 25 26 27 28 29 30 31 33 34 35 36 37 38 39 41 42 43 46 47 48 52 53 54 55 97 80 91 90 74 77 89 65 92 84 85 79 67 88 78 81 58 69 57 96 72 64 66 68 73 61 56 62 60 94
SWAP(42,68)
# 1 2 3 4 5 7 8 11 13 14 15 16 17 18 19 21 23 24 25 26 27 28 29 30 31 33 34 35 36 37 38 39 41 42 43 46 47 48 52 53 54 55 56 80 91 90 74 77 89 65 92 84 85 79 67 88 78 81 58 69 57 96 72 64 66 68 73 61 97 62 60 94
SWAP(43,60)
# 1 2 3 4 5 7 8 11 13 14 15 16 17 18 19 21 23 24 25 26 27 28 29 30 31 33 34 35 36 37 38 39 41 42 43 46 47 48 52 53 54 55 56 57 91 90 74 77 89 65 92 84 85 79 67 88 78 81 58 69 80 96 72 64 66 68 73 61 97 62 60 94
SWAP(44,58)
# 1 2 3 4 5 7 8 11 13 14 15 16 17 18 19 21 23 24 25 26 27 28 29 30 31 33 34 35 36 37 38 39 41 42 43 46 47 48 52 53 54 55 56 57 58 90 74 77 89 65 92 84 85 79 67 88 78 81 91 69 80 96 72 64 66 68 73 61 97 62 60 94
SWAP(45,70)
# 1 2 3 4 5 7 8 11 13 14 15 16 17 18 19 21 23 24 25 26 27 28 29 30 31 33 34 35 36 37 38 39 41 42 43 46 47 48 52 53 54 55 56 57 58 60 74 77 89 65 92 84 85 79 67 88 78 81 91 69 80 96 72 64 66 68 73 61 97 62 90 94
SWAP(46,67)
# 1 2 3 4 5 7 8 11 13 14 15 16 17 18 19 21 23 24 25 26 27 28 29 30 31 33 34 35 36 37 38 39 41 42 43 46 47 48 52 53 54 55 56 57 58 60 61 77 89 65 92 84 85 79 67 88 78 81 91 69 80 96 72 64 66 68 73 74 97 62 90 94
SWAP(47,69)
# 1 2 3 4 5 7 8 11 13 14 15 16 17 18 19 21 23 24 25 26 27 28 29 30 31 33 34 35 36 37 38 39 41 42 43 46 47 48 52 53 54 55 56 57 58 60 61 62 89 65 92 84 85 79 67 88 78 81 91 69 80 96 72 64 66 68 73 74 97 77 90 94
SWAP(48,63)
# 1 2 3 4 5 7 8 11 13 14 15 16 17 18 19 21 23 24 25 26 27 28 29 30 31 33 34 35 36 37 38 39 41 42 43 46 47 48 52 53 54 55 56 57 58 60 61 62 64 65 92 84 85 79 67 88 78 81 91 69 80 96 72 89 66 68 73 74 97 77 90 94
SWAP(50,64)
# 1 2 3 4 5 7 8 11 13 14 15 16 17 18 19 21 23 24 25 26 27 28 29 30 31 33 34 35 36 37 38 39 41 42 43 46 47 48 52 53 54 55 56 57 58 60 61 62 64 65 66 84 85 79 67 88 78 81 91 69 80 96 72 89 92 68 73 74 97 77 90 94
SWAP(51,54)
# 1 2 3 4 5 7 8 11 13 14 15 16 17 18 19 21 23 24 25 26 27 28 29 30 31 33 34 35 36 37 38 39 41 42 43 46 47 48 52 53 54 55 56 57 58 60 61 62 64 65 66 67 85 79 84 88 78 81 91 69 80 96 72 89 92 68 73 74 97 77 90 94
SWAP(52,65)
# 1 2 3 4 5 7 8 11 13 14 15 16 17 18 19 21 23 24 25 26 27 28 29 30 31 33 34 35 36 37 38 39 41 42 43 46 47 48 52 53 54 55 56 57 58 60 61 62 64 65 66 67 68 79 84 88 78 81 91 69 80 96 72 89 92 85 73 74 97 77 90 94
SWAP(53,59)
# 1 2 3 4 5 7 8 11 13 14 15 16 17 18 19 21 23 24 25 26 27 28 29 30 31 33 34 35 36 37 38 39 41 42 43 46 47 48 52 53 54 55 56 57 58 60 61 62 64 65 66 67 68 69 84 88 78 81 91 79 80 96 72 89 92 85 73 74 97 77 90 94
SWAP(54,62)
# 1 2 3 4 5 7 8 11 13 14 15 16 17 18 19 21 23 24 25 26 27 28 29 30 31 33 34 35 36 37 38 39 41 42 43 46 47 48 52 53 54 55 56 57 58 60 61 62 64 65 66 67 68 69 72 88 78 81 91 79 80 96 84 89 92 85 73 74 97 77 90 94
SWAP(55,66)
# 1 2 3 4 5 7 8 11 13 14 15 16 17 18 19 21 23 24 25 26 27 28 29 30 31 33 34 35 36 37 38 39 41 42 43 46 47 48 52 53 54 55 56 57 58 60 61 62 64 65 66 67 68 69 72 73 78 81 91 79 80 96 84 89 92 85 88 74 97 77 90 94
SWAP(56,67)
# 1 2 3 4 5 7 8 11 13 14 15 16 17 18 19 21 23 24 25 26 27 28 29 30 31 33 34 35 36 37 38 39 41 42 43 46 47 48 52 53 54 55 56 57 58 60 61 62 64 65 66 67 68 69 72 73 74 81 91 79 80 96 84 89 92 85 88 78 97 77 90 94
SWAP(57,69)
# 1 2 3 4 5 7 8 11 13 14 15 16 17 18 19 21 23 24 25 26 27 28 29 30 31 33 34 35 36 37 38 39 41 42 43 46 47 48 52 53 54 55 56 57 58 60 61 62 64 65 66 67 68 69 72 73 74 77 91 79 80 96 84 89 92 85 88 78 97 81 90 94
SWAP(58,67)
# 1 2 3 4 5 7 8 11 13 14 15 16 17 18 19 21 23 24 25 26 27 28 29 30 31 33 34 35 36 37 38 39 41 42 43 46 47 48 52 53 54 55 56 57 58 60 61 62 64 65 66 67 68 69 72 73 74 77 78 79 80 96 84 89 92 85 88 91 97 81 90 94
SWAP(61,69)
# 1 2 3 4 5 7 8 11 13 14 15 16 17 18 19 21 23 24 25 26 27 28 29 30 31 33 34 35 36 37 38 39 41 42 43 46 47 48 52 53 54 55 56 57 58 60 61 62 64 65 66 67 68 69 72 73 74 77 78 79 80 81 84 89 92 85 88 91 97 96 90 94
SWAP(63,65)
# 1 2 3 4 5 7 8 11 13 14 15 16 17 18 19 21 23 24 25 26 27 28 29 30 31 33 34 35 36 37 38 39 41 42 43 46 47 48 52 53 54 55 56 57 58 60 61 62 64 65 66 67 68 69 72 73 74 77 78 79 80 81 84 85 92 89 88 91 97 96 90 94
SWAP(64,66)
# 1 2 3 4 5 7 8 11 13 14 15 16 17 18 19 21 23 24 25 26 27 28 29 30 31 33 34 35 36 37 38 39 41 42 43 46 47 48 52 53 54 55 56 57 58 60 61 62 64 65 66 67 68 69 72 73 74 77 78 79 80 81 84 85 88 89 92 91 97 96 90 94
SWAP(66,70)
# 1 2 3 4 5 7 8 11 13 14 15 16 17 18 19 21 23 24 25 26 27 28 29 30 31 33 34 35 36 37 38 39 41 42 43 46 47 48 52 53 54 55 56 57 58 60 61 62 64 65 66 67 68 69 72 73 74 77 78 79 80 81 84 85 88 89 90 91 97 96 92 94
SWAP(68,70)
# 1 2 3 4 5 7 8 11 13 14 15 16 17 18 19 21 23 24 25 26 27 28 29 30 31 33 34 35 36 37 38 39 41 42 43 46 47 48 52 53 54 55 56 57 58 60 61 62 64 65 66 67 68 69 72 73 74 77 78 79 80 81 84 85 88 89 90 91 92 96 97 94
SWAP(69,71)
# 1 2 3 4 5 7 8 11 13 14 15 16 17 18 19 21 23 24 25 26 27 28 29 30 31 33 34 35 36 37 38 39 41 42 43 46 47 48 52 53 54 55 56 57 58 60 61 62 64 65 66 67 68 69 72 73 74 77 78 79 80 81 84 85 88 89 90 91 92 94 97 96
SWAP(70,71)
# 1 2 3 4 5 7 8 11 13 14 15 16 17 18 19 21 23 24 25 26 27 28 29 30 31 33 34 35 36 37 38 39 41 42 43 46 47 48 52 53 54 55 56 57 58 60 61 62 64 65 66 67 68 69 72 73 74 77 78 79 80 81 84 85 88 89 90 91 92 94 96 97
1 2 3 4 5 7 8 11 13 14 15 16 17 18 19 21 23 24 25 26 27 28 29 30 31 33 34 35 36 37 38 39 41 42 43 46 47 48 52 53 54 55 56 57 58 60 61 62 64 65 66 67 68 69 72 73 74 77 78 79 80 81 84 85 88 89 90 91 92 94 96 97
2556
