SWAP(0,3)
# 1 87 24 79 50 91 13 19 75 5 48 12 76 15 88 36 49 23 44 27 51 57 10 98 21 85 32 29 71 45 41 52 25 89 94 42 69 72 26 4 100 3 73 68 17 11 61 77 66 83 70 31 80 20 55 67 35 90 96 40 60 18 6 38 16 65 92 30 56 99 9 84 33 43 58 47
SWAP(1,41)
# 1 3 24 79 50 91 13 19 75 5 48 12 76 15 88 36 49 23 44 27 51 57 10 98 21 85 32 29 71 45 41 52 25 89 94 42 69 72 26 4 100 87 73 68 17 11 61 77 66 83 70 31 80 20 55 67 35 90 96 40 60 18 6 38 16 65 92 30 56 99 9 84 33 43 58 47
SWAP(2,39)
# 1 3 4 79 50 91 13 19 75 5 48 12 76 15 88 36 49 23 44 27 51 57 10 98 21 85 32 29 71 45 41 52 25 89 94 42 69 72 26 24 100 87 73 68 17 11 61 77 66 83 70 31 80 20 55 67 35 90 96 40 60 18 6 38 16 65 92 30 56 99 9 84 33 43 58 47
SWAP(3,9)
# 1 3 4 5 50 91 13 19 75 79 48 12 76 15 88 36 49 23 44 27 51 57 10 98 21 85 32 29 71 45 41 52 25 89 94 42 69 72 26 24 100 87 73 68 17 11 61 77 66 83 70 31 80 20 55 67 35 90 96 40 60 18 6 38 16 65 92 30 56 99 9 84 33 43 58 47
SWAP(4,62)
# 1 3 4 5 6 91 13 19 75 79 48 12 76 15 88 36 49 23 44 27 51 57 10 98 21 85 32 29 71 45 41 52 25 89 94 42 69 72 26 24 100 87 73 68 17 11 61 77 66 83 70 31 80 20 55 67 35 90 96 40 60 18 50 38 16 65 92 30 56 99 9 84 33 43 58 47
SWAP(5,70)
# 1 3 4 5 6 9 13 19 75 79 48 12 76 15 88 36 49 23 44 27 51 57 10 98 21 85 32 29 71 45 41 52 25 89 94 42 69 72 26 24 100 87 73 68 17 11 61 77 66 83 70 31 80 20 55 67 35 90 96 40 60 18 50 38 16 65 92 30 56 99 91 84 33 43 58 47
SWAP(6,22)
# 1 3 4 5 6 9 10 19 75 79 48 12 76 15 88 36 49 23 44 27 51 57 13 98 21 85 32 29 71 45 41 52 25 89 94 42 69 72 26 24 100 87 73 68 17 11 61 77 66 83 70 31 80 20 55 67 35 90 96 40 60 18 50 38 16 65 92 30 56 99 91 84 33 43 58 47
SWAP(7,45)
# 1 3 4 5 6 9 10 11 75 79 48 12 76 15 88 36 49 23 44 27 51 57 13 98 21 85 32 29 71 45 41 52 25 89 94 42 69 72 26 24 100 87 73 68 17 19 61 77 66 83 70 31 80 20 55 67 35 90 96 40 60 18 50 38 16 65 92 30 56 99 91 84 33 43 58 47
SWAP(8,11)
# 1 3 4 5 6 9 10 11 12 79 48 75 76 15 88 36 49 23 44 27 51 57 13 98 21 85 32 29 71 45 41 52 25 89 94 42 69 72 26 24 100 87 73 68 17 19 61 77 66 83 70 31 80 20 55 67 35 90 96 40 60 18 50 38 16 65 92 30 56 99 91 84 33 43 58 47
SWAP(9,22)
# 1 3 4 5 6 9 10 11 12 13 48 75 76 15 88 36 49 23 44 27 51 57 79 98 21 85 32 29 71 45 41 52 25 89 94 42 69 72 26 24 100 87 73 68 17 19 61 77 66 83 70 31 80 20 55 67 35 90 96 40 60 18 50 38 16 65 92 30 56 99 91 84 33 43 58 47
SWAP(10,13)
# 1 3 4 5 6 9 10 11 12 13 15 75 76 48 88 36 49 23 44 27 51 57 79 98 21 85 32 29 71 45 41 52 25 89 94 42 69 72 26 24 100 87 73 68 17 19 61 77 66 83 70 31 80 20 55 67 35 90 96 40 60 18 50 38 16 65 92 30 56 99 91 84 33 43 58 47
SWAP(11,64)
# 1 3 4 5 6 9 10 11 12 13 15 16 76 48 88 36 49 23 44 27 51 57 79 98 21 85 32 29 71 45 41 52 25 89 94 42 69 72 26 24 100 87 73 68 17 19 61 77 66 83 70 31 80 20 55 67 35 90 96 40 60 18 50 38 75 65 92 30 56 99 91 84 33 43 58 47
SWAP(12,44)
# 1 3 4 5 6 9 10 11 12 13 15 16 17 48 88 36 49 23 44 27 51 57 79 98 21 85 32 29 71 45 41 52 25 89 94 42 69 72 26 24 100 87 73 68 76 19 61 77 66 83 70 31 80 20 55 67 35 90 96 40 60 18 50 38 75 65 92 30 56 99 91 84 33 43 58 47
SWAP(13,61)
# 1 3 4 5 6 9 10 11 12 13 15 16 17 18 88 36 49 23 44 27 51 57 79 98 21 85 32 29 71 45 41 52 25 89 94 42 69 72 26 24 100 87 73 68 76 19 61 77 66 83 70 31 80 20 55 67 35 90 96 40 60 48 50 38 75 65 92 30 56 99 91 84 33 43 58 47
SWAP(14,45)
# 1 3 4 5 6 9 10 11 12 13 15 16 17 18 19 36 49 23 44 27 51 57 79 98 21 85 32 29 71 45 41 52 25 89 94 42 69 72 26 24 100 87 73 68 76 88 61 77 66 83 70 31 80 20 55 67 35 90 96 40 60 48 50 38 75 65 92 30 56 99 91 84 33 43 58 47
SWAP(15,53)
# 1 3 4 5 6 9 10 11 12 13 15 16 17 18 19 20 49 23 44 27 51 57 79 98 21 85 32 29 71 45 41 52 25 89 94 42 69 72 26 24 100 87 73 68 76 88 61 77 66 83 70 31 80 36 55 67 35 90 96 40 60 48 50 38 75 65 92 30 56 99 91 84 33 43 58 47
SWAP(16,24)
# 1 3 4 5 6 9 10 11 12 13 15 16 17 18 19 20 21 23 44 27 51 57 79 98 49 85 32 29 71 45 41 52 25 89 94 42 69 72 26 24 100 87 73 68 76 88 61 77 66 83 70 31 80 36 55 67 35 90 96 40 60 48 50 38 75 65 92 30 56 99 91 84 33 43 58 47
SWAP(18,39)
# 1 3 4 5 6 9 10 11 12 13 15 16 17 18 19 20 21 23 24 27 51 57 79 98 49 85 32 29 71 45 41 52 25 89 94 42 69 72 26 44 100 87 73 68 76 88 61 77 66 83 70 31 80 36 55 67 35 90 96 40 60 48 50 38 75 65 92 30 56 99 91 84 33 43 58 47
SWAP(19,32)
# 1 3 4 5 6 9 10 11 12 13 15 16 17 18 19 20 21 23 24 25 51 57 79 98 49 85 32 29 71 45 41 52 27 89 94 42 69 72 26 44 100 87 73 68 76 88 61 77 66 83 70 31 80 36 55 67 35 90 96 40 60 48 50 38 75 65 92 30 56 99 91 84 33 43 58 47
SWAP(20,38)
# 1 3 4 5 6 9 10 11 12 13 15 16 17 18 19 20 21 23 24 25 26 57 79 98 49 85 32 29 71 45 41 52 27 89 94 42 69 72 51 44 100 87 73 68 76 88 61 77 66 83 70 31 80 36 55 67 35 90 96 40 60 48 50 38 75 65 92 30 56 99 91 84 33 43 58 47
SWAP(21,32)
# 1 3 4 5 6 9 10 11 12 13 15 16 17 18 19 20 21 23 24 25 26 27 79 98 49 85 32 29 71 45 41 52 57 89 94 42 69 72 51 44 100 87 73 68 76 88 61 77 66 83 70 31 80 36 55 67 35 90 96 40 60 48 50 38 75 65 92 30 56 99 91 84 33 43 58 47
SWAP(22,27)
# 1 3 4 5 6 9 10 11 12 13 15 16 17 18 19 20 21 23 24 25 26 27 29 98 49 85 32 79 71 45 41 52 57 89 94 42 69 72 51 44 100 87 73 68 76 88 61 77 66 83 70 31 80 36 55 67 35 90 96 40 60 48 50 38 75 65 92 30 56 99 91 84 33 43 58 47
SWAP(23,67)
# 1 3 4 5 6 9 10 11 12 13 15 16 17 18 19 20 21 23 24 25 26 27 29 30 49 85 32 79 71 45 41 52 57 89 94 42 69 72 51 44 100 87 73 68 76 88 61 77 66 83 70 31 80 36 55 67 35 90 96 40 60 48 50 38 75 65 92 98 56 99 91 84 33 43 58 47
SWAP(24,51)
# 1 3 4 5 6 9 10 11 12 13 15 16 17 18 19 20 21 23 24 25 26 27 29 30 31 85 32 79 71 45 41 52 57 89 94 42 69 72 51 44 100 87 73 68 76 88 61 77 66 83 70 49 80 36 55 67 35 90 96 40 60 48 50 38 75 65 92 98 56 99 91 84 33 43 58 47
SWAP(25,26)
# 1 3 4 5 6 9 10 11 12 13 15 16 17 18 19 20 21 23 24 25 26 27 29 30 31 32 85 79 71 45 41 52 57 89 94 42 69 72 51 44 100 87 73 68 76 88 61 77 66 83 70 49 80 36 55 67 35 90 96 40 60 48 50 38 75 65 92 98 56 99 91 84 33 43 58 47
SWAP(26,72)
# 1 3 4 5 6 9 10 11 12 13 15 16 17 18 19 20 21 23 24 25 26 27 29 30 31 32 33 79 71 45 41 52 57 89 94 42 69 72 51 44 100 87 73 68 76 88 61 77 66 83 70 49 80 36 55 67 35 90 96 40 60 48 50 38 75 65 92 98 56 99 91 84 85 43 58 47
SWAP(27,56)
# 1 3 4 5 6 9 10 11 12 13 15 16 17 18 19 20 21 23 24 25 26 27 29 30 31 32 33 35 71 45 41 52 57 89 94 42 69 72 51 44 100 87 73 68 76 88 61 77 66 83 70 49 80 36 55 67 79 90 96 40 60 48 50 38 75 65 92 98 56 99 91 84 85 43 58 47
SWAP(28,53)
# 1 3 4 5 6 9 10 11 12 13 15 16 17 18 19 20 21 23 24 25 26 27 29 30 31 32 33 35 36 45 41 52 57 89 94 42 69 72 51 44 100 87 73 68 76 88 61 77 66 83 70 49 80 71 55 67 79 90 96 40 60 48 50 38 75 65 92 98 56 99 91 84 85 43 58 47
SWAP(29,63)
# 1 3 4 5 6 9 10 11 12 13 15 16 17 18 19 20 21 23 24 25 26 27 29 30 31 32 33 35 36 38 41 52 57 89 94 42 69 72 51 44 100 87 73 68 76 88 61 77 66 83 70 49 80 71 55 67 79 90 96 40 60 48 50 45 75 65 92 98 56 99 91 84 85 43 58 47
SWAP(30,59)
# 1 3 4 5 6 9 10 11 12 13 15 16 17 18 19 20 21 23 24 25 26 27 29 30 31 32 33 35 36 38 40 52 57 89 94 42 69 72 51 44 100 87 73 68 76 88 61 77 66 83 70 49 80 71 55 67 79 90 96 41 60 48 50 45 75 65 92 98 56 99 91 84 85 43 58 47
SWAP(31,59)
# 1 3 4 5 6 9 10 11 12 13 15 16 17 18 19 20 21 23 24 25 26 27 29 30 31 32 33 35 36 38 40 41 57 89 94 42 69 72 51 44 100 87 73 68 76 88 61 77 66 83 70 49 80 71 55 67 79 90 96 52 60 48 50 45 75 65 92 98 56 99 91 84 85 43 58 47
SWAP(32,35)
# 1 3 4 5 6 9 10 11 12 13 15 16 17 18 19 20 21 23 24 25 26 27 29 30 31 32 33 35 36 38 40 41 42 89 94 57 69 72 51 44 100 87 73 68 76 88 61 77 66 83 70 49 80 71 55 67 79 90 96 52 60 48 50 45 75 65 92 98 56 99 91 84 85 43 58 47
SWAP(33,73)
# 1 3 4 5 6 9 10 11 12 13 15 16 17 18 19 20 21 23 24 25 26 27 29 30 31 32 33 35 36 38 40 41 42 43 94 57 69 72 51 44 100 87 73 68 76 88 61 77 66 83 70 49 80 71 55 67 79 90 96 52 60 48 50 45 75 65 92 98 56 99 91 84 85 89 58 47
SWAP(34,39)
# 1 3 4 5 6 9 10 11 12 13 15 16 17 18 19 20 21 23 24 25 26 27 29 30 31 32 33 35 36 38 40 41 42 43 44 57 69 72 51 94 100 87 73 68 76 88 61 77 66 83 70 49 80 71 55 67 79 90 96 52 60 48 50 45 75 65 92 98 56 99 91 84 85 89 58 47
SWAP(35,63)
# 1 3 4 5 6 9 10 11 12 13 15 16 17 18 19 20 21 23 24 25 26 27 29 30 31 32 33 35 36 38 40 41 42 43 44 45 69 72 51 94 100 87 73 68 76 88 61 77 66 83 70 49 80 71 55 67 79 90 96 52 60 48 50 57 75 65 92 98 56 99 91 84 85 89 58 47
SWAP(36,75)
# 1 3 4 5 6 9 10 11 12 13 15 16 17 18 19 20 21 23 24 25 26 27 29 30 31 32 33 35 36 38 40 41 42 43 44 45 47 72 51 94 100 87 73 68 76 88 61 77 66 83 70 49 80 71 55 67 79 90 96 52 60 48 50 57 75 65 92 98 56 99 91 84 85 89 58 69
SWAP(37,61)
# 1 3 4 5 6 9 10 11 12 13 15 16 17 18 19 20 21 23 24 25 26 27 29 30 31 32 33 35 36 38 40 41 42 43 44 45 47 48 51 94 100 87 73 68 76 88 61 77 66 83 70 49 80 71 55 67 79 90 96 52 60 72 50 57 75 65 92 98 56 99 91 84 85 89 58 69
SWAP(38,51)
# 1 3 4 5 6 9 10 11 12 13 15 16 17 18 19 20 21 23 24 25 26 27 29 30 31 32 33 35 36 38 40 41 42 43 44 45 47 48 49 94 100 87 73 68 76 88 61 77 66 83 70 51 80 71 55 67 79 90 96 52 60 72 50 57 75 65 92 98 56 99 91 84 85 89 58 69
SWAP(39,62)
# 1 3 4 5 6 9 10 11 12 13 15 16 17 18 19 20 21 23 24 25 26 27 29 30 31 32 33 35 36 38 40 41 42 43 44 45 47 48 49 50 100 87 73 68 76 88 61 77 66 83 70 51 80 71 55 67 79 90 96 52 60 72 94 57 75 65 92 98 56 99 91 84 85 89 58 69
SWAP(40,51)
# 1 3 4 5 6 9 10 11 12 13 15 16 17 18 19 20 21 23 24 25 26 27 29 30 31 32 33 35 36 38 40 41 42 43 44 45 47 48 49 50 51 87 73 68 76 88 61 77 66 83 70 100 80 71 55 67 79 90 96 52 60 72 94 57 75 65 92 98 56 99 91 84 85 89 58 69
SWAP(41,59)
# 1 3 4 5 6 9 10 11 12 13 15 16 17 18 19 20 21 23 24 25 26 27 29 30 31 32 33 35 36 38 40 41 42 43 44 45 47 48 49 50 51 52 73 68 76 88 61 77 66 83 70 100 80 71 55 67 79 90 96 87 60 72 94 57 75 65 92 98 56 99 91 84 85 89 58 69
SWAP(42,54)
# 1 3 4 5 6 9 10 11 12 13 15 16 17 18 19 20 21 23 24 25 26 27 29 30 31 32 33 35 36 38 40 41 42 43 44 45 47 48 49 50 51 52 55 68 76 88 61 77 66 83 70 100 80 71 73 67 79 90 96 87 60 72 94 57 75 65 92 98 56 99 91 84 85 89 58 69
SWAP(43,68)
# 1 3 4 5 6 9 10 11 12 13 15 16 17 18 19 20 21 23 24 25 26 27 29 30 31 32 33 35 36 38 40 41 42 43 44 45 47 48 49 50 51 52 55 56 76 88 61 77 66 83 70 100 80 71 73 67 79 90 96 87 60 72 94 57 75 65 92 98 68 99 91 84 85 89 58 69
SWAP(44,63)
# 1 3 4 5 6 9 10 11 12 13 15 16 17 18 19 20 21 23 24 25 26 27 29 30 31 32 33 35 36 38 40 41 42 43 44 45 47 48 49 50 51 52 55 56 57 88 61 77 66 83 70 100 80 71 73 67 79 90 96 87 60 72 94 76 75 65 92 98 68 99 91 84 85 89 58 69
SWAP(45,74)
# 1 3 4 5 6 9 10 11 12 13 15 16 17 18 19 20 21 23 24 25 26 27 29 30 31 32 33 35 36 38 40 41 42 43 44 45 47 48 49 50 51 52 55 56 57 58 61 77 66 83 70 100 80 71 73 67 79 90 96 87 60 72 94 76 75 65 92 98 68 99 91 84 85 89 88 69
SWAP(46,60)
# 1 3 4 5 6 9 10 11 12 13 15 16 17 18 19 20 21 23 24 25 26 27 29 30 31 32 33 35 36 38 40 41 42 43 44 45 47 48 49 50 51 52 55 56 57 58 60 77 66 83 70 100 80 71 73 67 79 90 96 87 61 72 94 76 75 65 92 98 68 99 91 84 85 89 88 69
SWAP(47,60)
# 1 3 4 5 6 9 10 11 12 13 15 16 17 18 19 20 21 23 24 25 26 27 29 30 31 32 33 35 36 38 40 41 42 43 44 45 47 48 49 50 51 52 55 56 57 58 60 61 66 83 70 100 80 71 73 67 79 90 96 87 77 72 94 76 75 65 92 98 68 99 91 84 85 89 88 69
SWAP(48,65)
# 1 3 4 5 6 9 10 11 12 13 15 16 17 18 19 20 21 23 24 25 26 27 29 30 31 32 33 35 36 38 40 41 42 43 44 45 47 48 49 50 51 52 55 56 57 58 60 61 65 83 70 100 80 71 73 67 79 90 96 87 77 72 94 76 75 66 92 98 68 99 91 84 85 89 88 69
SWAP(49,65)
# 1 3 4 5 6 9 10 11 12 13 15 16 17 18 19 20 21 23 24 25 26 27 29 30 31 32 33 35 36 38 40 41 42 43 44 45 47 48 49 50 51 52 55 56 57 58 60 61 65 66 70 100 80 71 73 67 79 90 96 87 77 72 94 76 75 83 92 98 68 99 91 84 85 89 88 69
SWAP(50,55)
# 1 3 4 5 6 9 10 11 12 13 15 16 17 18 19 20 21 23 24 25 26 27 29 30 31 32 33 35 36 38 40 41 42 43 44 45 47 48 49 50 51 52 55 56 57 58 60 61 65 66 67 100 80 71 73 70 79 90 96 87 77 72 94 76 75 83 92 98 68 99 91 84 85 89 88 69
SWAP(51,68)
# 1 3 4 5 6 9 10 11 12 13 15 16 17 18 19 20 21 23 24 25 26 27 29 30 31 32 33 35 36 38 40 41 42 43 44 45 47 48 49 50 51 52 55 56 57 58 60 61 65 66 67 68 80 71 73 70 79 90 96 87 77 72 94 76 75 83 92 98 100 99 91 84 85 89 88 69
SWAP(52,75)
# 1 3 4 5 6 9 10 11 12 13 15 16 17 18 19 20 21 23 24 25 26 27 29 30 31 32 33 35 36 38 40 41 42 43 44 45 47 48 49 50 51 52 55 56 57 58 60 61 65 66 67 68 69 71 73 70 79 90 96 87 77 72 94 76 75 83 92 98 100 99 91 84 85 89 88 80
SWAP(53,55)
# 1 3 4 5 6 9 10 11 12 13 15 16 17 18 19 20 21 23 24 25 26 27 29 30 31 32 33 35 36 38 40 41 42 43 44 45 47 48 49 50 51 52 55 56 57 58 60 61 65 66 67 68 69 70 73 71 79 90 96 87 77 72 94 76 75 83 92 98 100 99 91 84 85 89 88 80
SWAP(54,55)
# 1 3 4 5 6 9 10 11 12 13 15 16 17 18 19 20 21 23 24 25 26 27 29 30 31 32 33 35 36 38 40 41 42 43 44 45 47 48 49 50 51 52 55 56 57 58 60 61 65 66 67 68 69 70 71 73 79 90 96 87 77 72 94 76 75 83 92 98 100 99 91 84 85 89 88 80
SWAP(55,61)
# 1 3 4 5 6 9 10 11 12 13 15 16 17 18 19 20 21 23 24 25 26 27 29 30 31 32 33 35 36 38 40 41 42 43 44 45 47 48 49 50 51 52 55 56 57 58 60 61 65 66 67 68 69 70 71 72 79 90 96 87 77 73 94 76 75 83 92 98 100 99 91 84 85 89 88 80
SWAP(56,61)
# 1 3 4 5 6 9 10 11 12 13 15 16 17 18 19 20 21 23 24 25 26 27 29 30 31 32 33 35 36 38 40 41 42 43 44 45 47 48 49 50 51 52 55 56 57 58 60 61 65 66 67 68 69 70 71 72 73 90 96 87 77 79 94 76 75 83 92 98 100 99 91 84 85 89 88 80
SWAP(57,64)
# 1 3 4 5 6 9 10 11 12 13 15 16 17 18 19 20 21 23 24 25 26 27 29 30 31 32 33 35 36 38 40 41 42 43 44 45 47 48 49 50 51 52 55 56 57 58 60 61 65 66 67 68 69 70 71 72 73 75 96 87 77 79 94 76 90 83 92 98 100 99 91 84 85 89 88 80
SWAP(58,63)
# 1 3 4 5 6 9 10 11 12 13 15 16 17 18 19 20 21 23 24 25 26 27 29 30 31 32 33 35 36 38 40 41 42 43 44 45 47 48 49 50 51 52 55 56 57 58 60 61 65 66 67 68 69 70 71 72 73 75 76 87 77 79 94 96 90 83 92 98 100 99 91 84 85 89 88 80
SWAP(59,60)
# 1 3 4 5 6 9 10 11 12 13 15 16 17 18 19 20 21 23 24 25 26 27 29 30 31 32 33 35 36 38 40 41 42 43 44 45 47 48 49 50 51 52 55 56 57 58 60 61 65 66 67 68 69 70 71 72 73 75 76 77 87 79 94 96 90 83 92 98 100 99 91 84 85 89 88 80
SWAP(60,61)
# 1 3 4 5 6 9 10 11 12 13 15 16 17 18 19 20 21 23 24 25 26 27 29 30 31 32 33 35 36 38 40 41 42 43 44 45 47 48 49 50 51 52 55 56 57 58 60 61 65 66 67 68 69 70 71 72 73 75 76 77 79 87 94 96 90 83 92 98 100 99 91 84 85 89 88 80
SWAP(61,75)
# 1 3 4 5 6 9 10 11 12 13 15 16 17 18 19 20 21 23 24 25 26 27 29 30 31 32 33 35 36 38 40 41 42 43 44 45 47 48 49 50 51 52 55 56 57 58 60 61 65 66 67 68 69 70 71 72 73 75 76 77 79 80 94 96 90 83 92 98 100 99 91 84 85 89 88 87
SWAP(62,65)
# 1 3 4 5 6 9 10 11 12 13 15 16 17 18 19 20 21 23 24 25 26 27 29 30 31 32 33 35 36 38 40 41 42 43 44 45 47 48 49 50 51 52 55 56 57 58 60 61 65 66 67 68 69 70 71 72 73 75 76 77 79 80 83 96 90 94 92 98 100 99 91 84 85 89 88 87
SWAP(63,71)
# 1 3 4 5 6 9 10 11 12 13 15 16 17 18 19 20 21 23 24 25 26 27 29 30 31 32 33 35 36 38 40 41 42 43 44 45 47 48 49 50 51 52 55 56 57 58 60 61 65 66 67 68 69 70 71 72 73 75 76 77 79 80 83 84 90 94 92 98 100 99 91 96 85 89 88 87
SWAP(64,72)
# 1 3 4 5 6 9 10 11 12 13 15 16 17 18 19 20 21 23 24 25 26 27 29 30 31 32 33 35 36 38 40 41 42 43 44 45 47 48 49 50 51 52 55 56 57 58 60 61 65 66 67 68 69 70 71 72 73 75 76 77 79 80 83 84 85 94 92 98 100 99 91 96 90 89 88 87
SWAP(65,75)
# 1 3 4 5 6 9 10 11 12 13 15 16 17 18 19 20 21 23 24 25 26 27 29 30 31 32 33 35 36 38 40 41 42 43 44 45 47 48 49 50 51 52 55 56 57 58 60 61 65 66 67 68 69 70 71 72 73 75 76 77 79 80 83 84 85 87 92 98 100 99 91 96 90 89 88 94
SWAP(66,74)
# 1 3 4 5 6 9 10 11 12 13 15 16 17 18 19 20 21 23 24 25 26 27 29 30 31 32 33 35 36 38 40 41 42 43 44 45 47 48 49 50 51 52 55 56 57 58 60 61 65 66 67 68 69 70 71 72 73 75 76 77 79 80 83 84 85 87 88 98 100 99 91 96 90 89 92 94
SWAP(67,73)
# 1 3 4 5 6 9 10 11 12 13 15 16 17 18 19 20 21 23 24 25 26 27 29 30 31 32 33 35 36 38 40 41 42 43 44 45 47 48 49 50 51 52 55 56 57 58 60 61 65 66 67 68 69 70 71 72 73 75 76 77 79 80 83 84 85 87 88 89 100 99 91 96 90 98 92 94
SWAP(68,72)
# 1 3 4 5 6 9 10 11 12 13 15 16 17 18 19 20 21 23 24 25 26 27 29 30 31 32 33 35 36 38 40 41 42 43 44 45 47 48 49 50 51 52 55 56 57 58 60 61 65 66 67 68 69 70 71 72 73 75 76 77 79 80 83 84 85 87 88 89 90 99 91 96 100 98 92 94
SWAP(69,70)
# 1 3 4 5 6 9 10 11 12 13 15 16 17 18 19 20 21 23 24 25 26 27 29 30 31 32 33 35 36 38 40 41 42 43 44 45 47 48 49 50 51 52 55 56 57 58 60 61 65 66 67 68 69 70 71 72 73 75 76 77 79 80 83 84 85 87 88 89 90 91 99 96 100 98 92 94
SWAP(70,74)
# 1 3 4 5 6 9 10 11 12 13 15 16 17 18 19 20 21 23 24 25 26 27 29 30 31 32 33 35 36 38 40 41 42 43 44 45 47 48 49 50 51 52 55 56 57 58 60 61 65 66 67 68 69 70 71 72 73 75 76 77 79 80 83 84 85 87 88 89 90 91 92 96 100 98 99 94
SWAP(71,75)
# 1 3 4 5 6 9 10 11 12 13 15 16 17 18 19 20 21 23 24 25 26 27 29 30 31 32 33 35 36 38 40 41 42 43 44 45 47 48 49 50 51 52 55 56 57 58 60 61 65 66 67 68 69 70 71 72 73 75 76 77 79 80 83 84 85 87 88 89 90 91 92 94 100 98 99 96
SWAP(72,75)
# 1 3 4 5 6 9 10 11 12 13 15 16 17 18 19 20 21 23 24 25 26 27 29 30 31 32 33 35 36 38 40 41 42 43 44 45 47 48 49 50 51 52 55 56 57 58 60 61 65 66 67 68 69 70 71 72 73 75 76 77 79 80 83 84 85 87 88 89 90 91 92 94 96 98 99 100
1 3 4 5 6 9 10 11 12 13 15 16 17 18 19 20 21 23 24 25 26 27 29 30 31 32 33 35 36 38 40 41 42 43 44 45 47 48 49 50 51 52 55 56 57 58 60 61 65 66 67 68 69 70 71 72 73 75 76 77 79 80 83 84 85 87 88 89 90 91 92 94 96 98 99 100
2850
