INIT::::::: 74 93 26 48 65 47 38 46 59 20 93 72 39 58  3  9
SWAP( 1, 2) 74 26 93 48 65 47 38 46 59 20 93 72 39 58  3  9
SWAP( 2, 3) 74 26 48 93 65 47 38 46 59 20 93 72 39 58  3  9
SWAP( 3, 4) 74 26 48 65 93 47 38 46 59 20 93 72 39 58  3  9
SWAP( 4, 5) 74 26 48 65 47 93 38 46 59 20 93 72 39 58  3  9
SWAP( 5, 6) 74 26 48 65 47 38 93 46 59 20 93 72 39 58  3  9
SWAP( 6, 7) 74 26 48 65 47 38 46 93 59 20 93 72 39 58  3  9
SWAP( 7, 8) 74 26 48 65 47 38 46 59 93 20 93 72 39 58  3  9
SWAP( 8, 9) 74 26 48 65 47 38 46 59 20 93 93 72 39 58  3  9
SWAP(10,11) 74 26 48 65 47 38 46 59 20 93 72 93 39 58  3  9
SWAP(11,12) 74 26 48 65 47 38 46 59 20 93 72 39 93 58  3  9
SWAP(12,13) 74 26 48 65 47 38 46 59 20 93 72 39 58 93  3  9
SWAP(13,14) 74 26 48 65 47 38 46 59 20 93 72 39 58  3 93  9
SWAP(14,15) 74 26 48 65 47 38 46 59 20 93 72 39 58  3  9 93
SWAP( 0, 1) 26 74 48 65 47 38 46 59 20 93 72 39 58  3  9 93
SWAP( 1, 2) 26 48 74 65 47 38 46 59 20 93 72 39 58  3  9 93
SWAP( 2, 3) 26 48 65 74 47 38 46 59 20 93 72 39 58  3  9 93
SWAP( 3, 4) 26 48 65 47 74 38 46 59 20 93 72 39 58  3  9 93
SWAP( 4, 5) 26 48 65 47 38 74 46 59 20 93 72 39 58  3  9 93
SWAP( 5, 6) 26 48 65 47 38 46 74 59 20 93 72 39 58  3  9 93
SWAP( 6, 7) 26 48 65 47 38 46 59 74 20 93 72 39 58  3  9 93
SWAP( 7, 8) 26 48 65 47 38 46 59 20 74 93 72 39 58  3  9 93
SWAP( 9,10) 26 48 65 47 38 46 59 20 74 72 93 39 58  3  9 93
SWAP(10,11) 26 48 65 47 38 46 59 20 74 72 39 93 58  3  9 93
SWAP(11,12) 26 48 65 47 38 46 59 20 74 72 39 58 93  3  9 93
SWAP(12,13) 26 48 65 47 38 46 59 20 74 72 39 58  3 93  9 93
SWAP(13,14) 26 48 65 47 38 46 59 20 74 72 39 58  3  9 93 93
SWAP( 2, 3) 26 48 47 65 38 46 59 20 74 72 39 58  3  9 93 93
SWAP( 3, 4) 26 48 47 38 65 46 59 20 74 72 39 58  3  9 93 93
SWAP( 4, 5) 26 48 47 38 46 65 59 20 74 72 39 58  3  9 93 93
SWAP( 5, 6) 26 48 47 38 46 59 65 20 74 72 39 58  3  9 93 93
SWAP( 6, 7) 26 48 47 38 46 59 20 65 74 72 39 58  3  9 93 93
SWAP( 8, 9) 26 48 47 38 46 59 20 65 72 74 39 58  3  9 93 93
SWAP( 9,10) 26 48 47 38 46 59 20 65 72 39 74 58  3  9 93 93
SWAP(10,11) 26 48 47 38 46 59 20 65 72 39 58 74  3  9 93 93
SWAP(11,12) 26 48 47 38 46 59 20 65 72 39 58  3 74  9 93 93
SWAP(12,13) 26 48 47 38 46 59 20 65 72 39 58  3  9 74 93 93
SWAP( 1, 2) 26 47 48 38 46 59 20 65 72 39 58  3  9 74 93 93
SWAP( 2, 3) 26 47 38 48 46 59 20 65 72 39 58  3  9 74 93 93
SWAP( 3, 4) 26 47 38 46 48 59 20 65 72 39 58  3  9 74 93 93
SWAP( 5, 6) 26 47 38 46 48 20 59 65 72 39 58  3  9 74 93 93
SWAP( 8, 9) 26 47 38 46 48 20 59 65 39 72 58  3  9 74 93 93
SWAP( 9,10) 26 47 38 46 48 20 59 65 39 58 72  3  9 74 93 93
SWAP(10,11) 26 47 38 46 48 20 59 65 39 58  3 72  9 74 93 93
SWAP(11,12) 26 47 38 46 48 20 59 65 39 58  3  9 72 74 93 93
SWAP( 1, 2) 26 38 47 46 48 20 59 65 39 58  3  9 72 74 93 93
SWAP( 2, 3) 26 38 46 47 48 20 59 65 39 58  3  9 72 74 93 93
SWAP( 4, 5) 26 38 46 47 20 48 59 65 39 58  3  9 72 74 93 93
SWAP( 7, 8) 26 38 46 47 20 48 59 39 65 58  3  9 72 74 93 93
SWAP( 8, 9) 26 38 46 47 20 48 59 39 58 65  3  9 72 74 93 93
SWAP( 9,10) 26 38 46 47 20 48 59 39 58  3 65  9 72 74 93 93
SWAP(10,11) 26 38 46 47 20 48 59 39 58  3  9 65 72 74 93 93
SWAP( 3, 4) 26 38 46 20 47 48 59 39 58  3  9 65 72 74 93 93
SWAP( 6, 7) 26 38 46 20 47 48 39 59 58  3  9 65 72 74 93 93
SWAP( 7, 8) 26 38 46 20 47 48 39 58 59  3  9 65 72 74 93 93
SWAP( 8, 9) 26 38 46 20 47 48 39 58  3 59  9 65 72 74 93 93
SWAP( 9,10) 26 38 46 20 47 48 39 58  3  9 59 65 72 74 93 93
SWAP( 2, 3) 26 38 20 46 47 48 39 58  3  9 59 65 72 74 93 93
SWAP( 5, 6) 26 38 20 46 47 39 48 58  3  9 59 65 72 74 93 93
SWAP( 7, 8) 26 38 20 46 47 39 48  3 58  9 59 65 72 74 93 93
SWAP( 8, 9) 26 38 20 46 47 39 48  3  9 58 59 65 72 74 93 93
SWAP( 1, 2) 26 20 38 46 47 39 48  3  9 58 59 65 72 74 93 93
SWAP( 4, 5) 26 20 38 46 39 47 48  3  9 58 59 65 72 74 93 93
SWAP( 6, 7) 26 20 38 46 39 47  3 48  9 58 59 65 72 74 93 93
SWAP( 7, 8) 26 20 38 46 39 47  3  9 48 58 59 65 72 74 93 93
SWAP( 0, 1) 20 26 38 46 39 47  3  9 48 58 59 65 72 74 93 93
SWAP( 3, 4) 20 26 38 39 46 47  3  9 48 58 59 65 72 74 93 93
SWAP( 5, 6) 20 26 38 39 46  3 47  9 48 58 59 65 72 74 93 93
SWAP( 6, 7) 20 26 38 39 46  3  9 47 48 58 59 65 72 74 93 93
SWAP( 4, 5) 20 26 38 39  3 46  9 47 48 58 59 65 72 74 93 93
SWAP( 5, 6) 20 26 38 39  3  9 46 47 48 58 59 65 72 74 93 93
SWAP( 3, 4) 20 26 38  3 39  9 46 47 48 58 59 65 72 74 93 93
SWAP( 4, 5) 20 26 38  3  9 39 46 47 48 58 59 65 72 74 93 93
SWAP( 2, 3) 20 26  3 38  9 39 46 47 48 58 59 65 72 74 93 93
SWAP( 3, 4) 20 26  3  9 38 39 46 47 48 58 59 65 72 74 93 93
SWAP( 1, 2) 20  3 26  9 38 39 46 47 48 58 59 65 72 74 93 93
SWAP( 2, 3) 20  3  9 26 38 39 46 47 48 58 59 65 72 74 93 93
SWAP( 0, 1)  3 20  9 26 38 39 46 47 48 58 59 65 72 74 93 93
SWAP( 1, 2)  3  9 20 26 38 39 46 47 48 58 59 65 72 74 93 93
DONE:::::::  3  9 20 26 38 39 46 47 48 58 59 65 72 74 93 93
120