    M N P L L I L T F V A A L A A F D D I
  0 1 2 3 4 5 6 7 8 9 10 11 12 13 14 15 16 17 18 19
M 1 0 1 2 3 4 5 6 7 8 9 10 11 12 13 14 15 16 17 18
H 2 1 1 2 3 4 5 6 7 8 9 10 11 12 13 14 15 16 17 18
P 3 2 2 1 2 3 4 5 6 7 8 9 10 11 12 13 14 15 16 17
L 4 3 3 2 1 2 3 4 5 6 7 8 9 10 11 12 13 14 15 16
I 5 4 4 3 2 2 2 3 4 5 6 7 8 9 10 11 12 13 14 15
L 6 5 5 4 3 2 3 2 3 4 5 6 7 8 9 10 11 12 13 14
A 7 6 6 5 4 3 3 3 3 4 5 5 6 7 8 9 10 11 12 13
F 8 7 7 6 5 4 4 4 4 3 4 5 6 7 8 9 9 10 11 12
V 9 8 8 7 6 5 5 5 5 4 3 4 5 6 7 8 9 10 11 12
G 10 9 9 8 7 6 6 6 6 5 4 4 5 6 7 8 9 10 11 12
A 11 10 10 9 8 7 7 7 7 6 5 4 4 5 6 7 8 9 10 11
A 12 11 11 10 9 8 8 8 8 7 6 5 4 5 5 6 7 8 9 10
A 13 12 12 11 10 9 9 9 9 8 7 6 5 5 5 5 6 7 8 9
V 14 13 13 12 11 10 10 10 10 9 8 7 6 6 6 6 6 7 8 9
A 15 14 14 13 12 11 11 11 11 10 9 8 7 7 6 6 7 7 8 9
F 16 15 15 14 13 12 12 12 12 11 10 9 8 8 7 7 6 7 8 9
P 17 16 16 15 14 13 13 13 13 12 11 10 9 9 8 8 7 7 8 9
S 18 17 17 16 15 14 14 14 14 13 12 11 10 10 9 9 8 8 8 9
D 19 18 18 17 16 15 15 15 15 14 13 12 11 11 10 10 9 8 8 9
Y 20 19 19 18 17 16 16 16 16 15 14 13 12 12 11 11 10 9 9 9
