20 81.80 82.25 83.33
21 82.04 82.07 83.24
22 83.38 82.20 83.26
23 83.36 82.40 83.30
24 82.90 82.70 83.26
25 83.32 83.00 83.23
26 83.12 83.22 83.20
27 82.81 83.10 83.14
28 82.93 83.02 83.11
29 82.77 82.99 83.05
30 82.60 82.85 82.97
31 82.17 82.66 82.88
32 83.05 82.70 82.82
33 82.72 82.66 82.77
34 82.63 82.63 82.71
35 82.24 82.56 82.66
36 82.00 82.53 82.62
37 82.77 82.47 82.62
38 82.11 82.35 82.61
39 82.04 82.23 82.64
40 81.47 82.08 82.62
41 81.63 82.00 82.60
42 81.67 81.78 82.52
43 82.28 81.82 82.46
44 82.31 81.87 82.43
45 82.31 82.04 82.38
46 82.49 82.21 82.35
47 83.26 82.53 82.37
48 83.32 82.74 82.39
49 83.73 83.02 82.44
50 83.63 83.29 82.49
51 83.37 83.46 82.55
52 83.10 83.43 82.55
53 82.95 83.36 82.57
54 82.87 83.18 82.58
55 82.31 82.92 82.58
56 81.94 82.63 82.58
57 81.70 82.35 82.52
58 81.95 82.15 82.52
59 81.92 81.96 82.51
60 81.85 81.87 82.53
61 82.37 81.96 82.57
62 82.39 82.10 82.60
63 82.27 82.16 82.60
64 82.91 82.36 82.63
65 82.83 82.55 82.66
66 82.94 82.67 82.68
67 82.11 82.61 82.62
68 81.87 82.53 82.55
69 81.10 82.17 82.42
70 79.34 81.47 82.20
71 81.38 81.16 82.11
72 81.04 80.95 82.00
73 81.06 80.78 81.91
74 80.98 80.76 81.81
75 81.03 81.10 81.75
76 81.59 81.14 81.73
77 81.66 81.26 81.73
78 82.48 81.55 81.76
79 83.15 81.98 81.82
80 83.48 82.47 81.90
81 84.13 82.98 81.99
82 84.33 83.51 82.08
83 85.18 84.05 82.23
84 85.47 84.52 82.36
85 85.17 84.86 82.47
86 85.00 85.03 82.58
87 84.31 85.03 82.69
88 84.01 84.79 82.79
89 83.73 84.44 82.93
90 83.69 84.15 83.14
91 83.17 83.78 83.23
92 82.69 83.46 83.32
93 82.80 83.22 83.40
94 82.33 82.94 83.47
95 81.83 82.56 83.51
96 82.21 82.37 83.54
97 81.76 82.19 83.55
98 81.52 81.93 83.50
99 82.08 81.88 83.44
100 81.19 81.75 83.33
101 80.45 81.40 83.15
102 80.71 81.19 82.97
103 80.33 80.95 82.72
104 80.96 80.73 82.50
105 81.14 80.72 82.30
106 81.03 80.83 82.10
107 80.91 80.87 81.93
108 81.01 81.01 81.78
109 81.41 81.10 81.66
110 81.68 81.21 81.56
111 81.78 81.36 81.49
112 81.86 81.55 81.45
113 81.95 81.74 81.41
114 82.13 81.88 81.40
115 82.05 81.95 81.41
116 81.23 81.84 81.36
117 80.87 81.65 81.31
118 80.82 81.42 81.28
119 81.45 81.28 81.25
120 81.10 81.09 81.24
121 80.85 81.02 81.26
122 80.28 80.90 81.24
123 80.24 80.78 81.24
124 80.19 80.53 81.20
125 80.06 80.32 81.15
126 80.35 80.22 81.11
127 80.46 80.26 81.09
128 80.23 80.26 81.05
129 80.59 80.34 81.01
130 80.91 80.51 80.97
131 80.67 80.57 80.91
132 80.22 80.52 80.83
133 80.20 80.52 80.74
134 80.29 80.46 80.65
135 80.48 80.37 80.57
136 80.55 80.35 80.54
137 80.83 80.47 80.54
138 80.75 80.58 80.53
139 81.03 80.73 80.51
140 80.73 80.78 80.50
141 80.82 80.83 80.49
142 80.75 80.82 80.52
143 80.88 80.84 80.55
144 80.97 80.83 80.59
145 81.01 80.89 80.64
146 81.31 80.98 80.68
147 80.70 80.97 80.70
148 80.24 80.85 80.70
149 79.55 80.56 80.64
150 78.76 80.11 80.54
151 79.15 79.68 80.46
152 79.06 79.35 80.40
153 79.27 79.16 80.36
154 78.85 79.02 80.28
155 78.67 79.00 80.19
156 78.41 78.85 80.09
157 78.29 78.70 79.96
158 77.92 78.43 79.82
159 77.99 78.26 79.67
160 77.86 78.09 79.52
161 77.96 78.00 79.38
162 77.44 77.83 79.21
163 77.34 77.72 79.04
164 77.18 77.56 78.85
165 79.10 77.80 78.75
166 78.12 77.84 78.59
167 77.50 77.85 78.43
168 77.13 77.81 78.28
169 77.17 77.80 78.16
170 76.99 77.38 78.07
171 77.01 77.16 77.96
172 76.91 77.04 77.86
173 76.81 76.98 77.73
174 76.69 76.88 77.62
175 76.93 76.87 77.54
176 76.75 76.82 77.45
177 76.83 76.80 77.38
178 76.89 76.82 77.33
179 77.00 76.88 77.28
180 77.45 76.98 77.26
181 76.76 76.99 77.20
182 76.92 77.00 77.17
183 76.73 76.97 77.14
184 77.01 76.97 77.13
185 76.97 76.88 77.03
186 76.82 76.89 76.96
187 76.96 76.90 76.94
188 77.48 77.05 76.95
189 77.38 77.12 76.96
190 77.57 77.24 76.99
191 77.58 77.39 77.02
192 77.16 77.43 77.03
193 76.95 77.33 77.04
194 76.70 77.19 77.04
195 76.82 77.04 77.04
196 76.65 76.86 77.03
197 76.26 76.68 77.00
198 76.75 76.64 77.00
199 76.64 76.62 76.98
200 76.32 76.52 76.92
201 76.48 76.49 76.91
202 76.46 76.53 76.88
203 76.63 76.51 76.88
204 77.15 76.61 76.89
205 76.75 76.69 76.88
206 76.75 76.75 76.87
207 76.80 76.82 76.86
208 76.72 76.83 76.83
209 76.74 76.75 76.79
210 76.71 76.74 76.75
211 77.18 76.83 76.73
212 76.98 76.87 76.72
213 77.30 76.98 76.74
214 76.88 77.01 76.75
215 76.69 77.01 76.74
216 76.87 76.94 76.75
217 76.86 76.92 76.78
218 76.38 76.74 76.76
219 76.25 76.61 76.75
220 76.13 76.50 76.74
221 76.28 76.38 76.73
222 75.99 76.21 76.70
223 75.76 76.08 76.66
224 78.34 76.50 76.72
225 78.30 76.93 76.80
226 78.08 77.29 76.86
227 78.16 77.73 76.93
228 78.09 78.19 77.00
229 77.71 78.07 77.05
230 77.85 77.98 77.10
231 77.60 77.88 77.13
232 77.25 77.70 77.14
233 77.15 77.51 77.13
234 77.10 77.39 77.14
235 77.06 77.23 77.16
236 77.03 77.12 77.17
237 76.92 77.05 77.17
238 77.00 77.02 77.20
239 77.11 77.02 77.25
240 77.37 77.09 77.31
241 77.67 77.21 77.38
242 78.21 77.47 77.49
243 78.13 77.70 77.61
244 77.66 77.81 77.57
245 77.76 77.89 77.55
246 78.10 77.97 77.55
247 77.82 77.89 77.53
248 77.70 77.81 77.51
249 77.64 77.80 77.51
250 77.74 77.80 77.50
251 77.67 77.71 77.50
252 77.97 77.74 77.54
253 78.02 77.81 77.58
254 78.07 77.89 77.63
255 77.85 77.92 77.67
256 77.90 77.96 77.72
257 78.03 77.97 77.77
258 77.89 77.95 77.82
259 78.13 77.96 77.87
260 77.95 77.98 77.90
261 78.03 78.01 77.91
262 77.83 77.97 77.89
263 77.94 77.98 77.88
264 77.73 77.90 77.89
265 76.66 77.64 77.83
266 76.75 77.38 77.77
267 77.22 77.26 77.74
268 76.89 77.05 77.70
269 76.91 76.89 77.66
270 76.92 76.94 77.62
271 76.81 76.95 77.58
272 76.84 76.87 77.52
273 76.89 76.87 77.46
274 76.78 76.85 77.40
275 76.78 76.82 77.34
276 77.14 76.89 77.31
277 77.03 76.92 77.26
278 77.01 76.95 77.21
279 77.80 77.15 77.20
280 77.78 77.35 77.19
281 77.40 77.40 77.16
282 76.79 77.36 77.10
283 76.38 77.23 77.03
284 76.19 76.91 76.95
285 76.15 76.58 76.92
286 76.24 76.35 76.90
287 76.53 76.30 76.86
288 76.56 76.33 76.85
289 76.94 76.48 76.85
290 77.12 76.68 76.86
291 77.69 76.97 76.90
292 77.72 77.21 76.95
293 77.55 77.40 76.98
294 78.53 77.72 77.07
295 78.46 77.99 77.15
296 78.95 78.24 77.24
297 79.59 78.62 77.37
298 79.75 79.06 77.51
299 79.85 79.32 77.61
300 80.35 79.70 77.74
301 80.03 79.91 77.87
302 81.26 80.25 78.09
303 80.34 80.37 78.29
304 80.68 80.53 78.51
305 81.25 80.71 78.77
306 81.30 80.97 79.02
307 81.60 81.03 79.28
308 81.55 81.28 79.53
309 80.74 81.29 79.72
310 81.28 81.29 79.92
311 81.64 81.36 80.12
312 82.33 81.51 80.35
313 82.39 81.68 80.59
314 83.19 82.17 80.83
315 84.00 82.71 81.10
316 83.56 83.09 81.33
317 83.56 83.34 81.53
318 83.65 83.59 81.73
319 83.44 83.64 81.91
320 82.74 83.39 82.03
321 82.74 83.23 82.16
322 82.92 83.10 82.24
323 83.01 82.97 82.38
324 82.75 82.83 82.48
325 82.14 82.71 82.53
326 83.19 82.80 82.62
327 81.80 82.58 82.63
328 82.88 82.55 82.70
329 82.37 82.48 82.78
330 82.38 82.52 82.83
331 81.51 82.19 82.83
332 81.83 82.19 82.80
333 80.76 81.77 82.72
334 81.02 81.50 82.61
335 80.98 81.22 82.46
336 80.98 81.11 82.33
337 80.56 80.86 82.18
338 81.07 80.92 82.05
339 81.44 81.01 81.95
340 81.66 81.14 81.90
341 81.51 81.25 81.84
342 81.17 81.37 81.75
343 81.45 81.45 81.67
344 81.36 81.43 81.60
345 81.19 81.34 81.56
346 79.85 81.00 81.39
347 80.26 80.82 81.31
348 79.87 80.51 81.16
349 80.02 80.24 81.04
350 79.89 79.98 80.92
351 79.73 79.95 80.83
352 79.94 79.89 80.74
353 80.13 79.94 80.70
354 79.94 79.93 80.65
355 80.40 80.03 80.62
356 80.30 80.14 80.59
357 79.44 80.04 80.53
358 79.20 79.86 80.44
359 79.40 79.75 80.34
360 79.97 79.66 80.25
361 79.49 79.50 80.15
362 79.70 79.55 80.08
363 79.45 79.60 79.98
364 79.60 79.64 79.89
365 79.51 79.55 79.80
366 78.93 79.44 79.76
367 78.69 79.24 79.68
368 78.16 78.98 79.59
369 78.32 78.72 79.51
370 78.66 78.55 79.45
371 79.26 78.62 79.42
372 79.68 78.82 79.41
373 79.62 79.11 79.39
374 79.26 79.30 79.35
375 79.59 79.48 79.31
376 79.43 79.52 79.27
377 79.48 79.48 79.27
378 79.29 79.41 79.27
379 79.05 79.37 79.26
380 78.98 79.25 79.21
381 79.47 79.25 79.21
382 80.13 79.38 79.23
383 80.43 79.61 79.28
384 79.67 79.74 79.28
385 79.46 79.83 79.28
386 79.52 79.84 79.31
387 79.31 79.68 79.34
388 79.78 79.55 79.42
389 79.54 79.52 79.48
390 79.75 79.58 79.54
391 79.95 79.67 79.57
392 79.99 79.80 79.58
393 79.52 79.75 79.58
394 79.53 79.75 79.59
395 79.29 79.66 79.58
396 79.64 79.59 79.59
397 79.41 79.48 79.59
398 78.92 79.36 79.57
399 79.10 79.27 79.57
400 78.72 79.16 79.56
401 78.74 78.98 79.52
402 78.41 78.78 79.43
403 78.34 78.66 79.33
404 78.14 78.47 79.25
405 78.08 78.34 79.18
406 78.36 78.27 79.13
407 78.46 78.28 79.08
408 78.17 78.24 79.00
409 78.11 78.24 78.93
410 78.46 78.31 78.87
411 78.12 78.26 78.78
412 78.55 78.28 78.70
413 78.18 78.28 78.64
414 78.59 78.38 78.59
415 78.46 78.38 78.55
416 78.61 78.48 78.50
417 78.28 78.42 78.44
418 78.44 78.48 78.42
419 78.87 78.53 78.40
420 79.11 78.66 78.42
421 79.38 78.82 78.46
422 79.58 79.08 78.51
423 79.37 79.26 78.57
424 79.27 79.34 78.62
425 78.57 79.23 78.65
426 78.57 79.07 78.66
427 78.81 78.92 78.67
428 78.70 78.78 78.70
429 78.61 78.65 78.73
430 78.68 78.67 78.74
431 78.60 78.68 78.76
432 78.23 78.56 78.75
433 78.38 78.50 78.76
434 78.52 78.48 78.75
435 78.48 78.44 78.75
436 78.89 78.50 78.77
437 78.22 78.50 78.76
438 78.26 78.47 78.75
439 77.89 78.35 78.71
440 77.78 78.21 78.64
441 77.67 77.96 78.55
442 78.61 78.04 78.51
443 78.68 78.13 78.47
444 78.41 78.23 78.43
445 78.36 78.35 78.42
446 78.15 78.44 78.40
447 77.86 78.29 78.35
448 77.78 78.11 78.30
449 77.69 77.97 78.26
450 77.61 77.82 78.20
451 77.94 77.78 78.17
452 78.06 77.82 78.16
453 78.31 77.92 78.16
454 78.53 78.09 78.16
455 78.58 78.28 78.16
456 78.32 78.36 78.14
457 78.30 78.41 78.14
458 78.15 78.38 78.13
459 78.52 78.37 78.17
460 78.35 78.33 78.19
461 78.79 78.42 78.25
462 78.75 78.51 78.26
463 79.16 78.71 78.28
464 79.43 78.90 78.33
465 79.33 79.09 78.38
466 79.95 79.32 78.47
467 79.86 79.55 78.57
468 79.91 79.70 78.68
469 80.26 79.86 78.81
470 79.68 79.93 78.91
471 79.88 79.92 79.01
472 79.66 79.88 79.09
473 79.90 79.88 79.17
474 80.28 79.88 79.25
475 80.50 80.04 79.35
476 80.21 80.11 79.44
477 80.21 80.22 79.54
478 79.97 80.23 79.63
479 79.55 80.09 79.68
480 79.53 79.89 79.74
481 79.64 79.78 79.78
482 79.53 79.64 79.82
483 80.24 79.70 79.88
484 81.18 80.02 79.96
485 81.48 80.41 80.07
486 81.40 80.77 80.14
487 81.86 81.23 80.24
488 82.46 81.68 80.37
489 82.64 81.97 80.49
490 82.01 82.07 80.61
491 82.19 82.23 80.72
492 82.04 82.27 80.84
493 82.10 82.20 80.95
494 82.36 82.14 81.06
495 82.11 82.16 81.14
496 81.92 82.11 81.22
497 82.41 82.18 81.33
498 82.51 82.26 81.46
499 82.56 82.30 81.61
500 82.45 82.37 81.75
501 82.56 82.50 81.90
502 83.37 82.69 82.09
503 83.71 82.93 82.27
504 83.99 83.22 82.41
505 83.92 83.51 82.53
506 84.43 83.88 82.68
507 84.26 84.06 82.80
508 84.43 84.21 82.90
509 84.73 84.35 83.00
510 85.34 84.64 83.17
511 85.71 84.89 83.35
512 86.58 85.36 83.57
513 87.64 86.00 83.85
514 88.08 86.67 84.14
515 87.56 87.11 84.41
516 87.17 87.41 84.67
517 88.20 87.73 84.96
518 89.22 88.05 85.30
519 89.59 88.35 85.65
520 88.55 88.55 85.95
521 88.66 88.84 86.26
522 89.92 89.19 86.58
523 89.84 89.31 86.89
524 89.78 89.35 87.18
525 88.73 89.39 87.42
526 88.61 89.38 87.63
527 90.56 89.50 87.95
528 91.03 89.74 88.28
529 90.51 89.89 88.56
530 90.83 90.31 88.84
531 91.14 90.81 89.11
532 91.76 91.05 89.37
533 92.69 91.39 89.62
534 92.29 91.74 89.83
535 93.66 92.31 90.14
536 93.56 92.79 90.46
537 93.71 93.18 90.73
538 94.27 93.50 90.98
539 93.34 93.71 91.17
540 93.33 93.64 91.41
541 92.96 93.52 91.63
542 93.81 93.54 91.82
543 93.82 93.45 92.02
544 93.67 93.52 92.21
545 93.88 93.63 92.47
546 93.31 93.70 92.71
547 94.07 93.75 92.88
548 92.71 93.53 92.97
549 92.09 93.21 93.05
550 92.51 92.94 93.13
551 92.67 92.81 93.21
552 93.66 92.73 93.30
553 93.40 92.87 93.34
554 93.18 93.08 93.38
555 94.12 93.41 93.40
556 94.94 93.86 93.47
557 96.10 94.35 93.59
558 96.47 94.96 93.70
559 96.07 95.54 93.84
560 95.96 95.91 93.97
561 96.15 96.15 94.13
562 94.96 95.92 94.19
563 95.55 95.74 94.27
564 95.91 95.71 94.39
565 95.08 95.53 94.45
566 94.86 95.27 94.52
567 94.08 95.10 94.52
568 94.62 94.91 94.62
569 94.33 94.59 94.73
570 93.99 94.38 94.81
571 94.38 94.28 94.89
572 93.13 94.09 94.86
573 93.67 93.90 94.88
574 92.88 93.61 94.86
575 96.94 94.20 95.00
576 98.53 95.03 95.18
577 99.37 96.28 95.35
578 99.20 97.38 95.48
579 99.67 98.74 95.66
580 99.63 99.28 95.85
581 98.66 99.31 95.97
582 96.85 98.80 96.07
583 98.00 98.56 96.19
584 97.86 98.20 96.29
585 98.29 97.93 96.45
586 99.80 98.16 96.69
587 99.29 98.65 96.95
588 99.64 98.98 97.21
589 99.56 99.32 97.47
590 99.14 99.49 97.72
591 97.92 99.11 97.90
592 97.19 98.69 98.10
593 97.22 98.21 98.28
594 99.16 98.13 98.60
595 98.89 98.08 98.69
596 98.90 98.27 98.71
597 100.96 99.03 98.79
598 101.92 99.97 98.93
599 101.48 100.43 99.02
600 102.14 101.08 99.14
601 102.16 101.73 99.32
602 102.29 102.00 99.59
603 102.85 102.18 99.83
604 102.45 102.38 100.06
605 102.62 102.47 100.28
606 103.50 102.74 100.46
607 102.34 102.75 100.62
608 100.88 102.36 100.68
609 101.63 102.19 100.78
610 102.23 102.12 100.94
611 101.18 101.65 101.10
612 101.17 101.42 101.30
613 100.46 101.33 101.46
614 99.46 100.90 101.48
615 100.30 100.51 101.55
616 99.30 100.14 101.57
617 97.44 99.39 101.39
618 97.73 98.85 101.18
619 98.80 98.71 101.05
620 96.44 97.94 100.76
621 95.30 97.14 100.42
622 94.63 96.58 100.04
623 94.68 95.97 99.63
624 94.84 95.18 99.25
625 95.53 95.00 98.89
626 96.45 95.23 98.54
627 97.20 95.74 98.28
628 98.36 96.48 98.16
629 97.74 97.06 97.96
630 98.15 97.58 97.76
631 97.65 97.82 97.58
632 98.63 98.11 97.45
633 99.43 98.32 97.40
634 99.62 98.70 97.41
635 100.72 99.21 97.43
636 99.93 99.67 97.46
637 100.35 100.01 97.61
638 101.37 100.40 97.79
639 101.07 100.69 97.90
640 101.17 100.78 98.14
641 99.61 100.71 98.36
642 99.07 100.46 98.58
643 100.05 100.19 98.85
644 99.36 99.85 99.07
645 99.71 99.56 99.28
646 100.86 99.81 99.50
647 100.02 100.00 99.64
648 99.46 99.88 99.70
649 99.51 99.91 99.79
650 100.31 100.03 99.89
651 99.31 99.72 99.98
652 97.99 99.32 99.95
653 98.05 99.03 99.88
654 98.09 98.75 99.80
655 97.85 98.26 99.66
656 99.54 98.30 99.64
657 99.16 98.54 99.58
658 98.03 98.53 99.41
659 97.42 98.40 99.23
660 96.73 98.18 99.01
661 96.89 97.65 98.87
662 96.24 97.06 98.73
663 97.42 96.94 98.60
664 98.31 97.12 98.54
665 97.96 97.36 98.46
666 97.23 97.43 98.28
667 97.65 97.71 98.16
668 97.71 97.77 98.07
669 97.51 97.61 97.97
670 97.91 97.60 97.85
671 98.98 97.95 97.83
672 98.72 98.17 97.87
673 98.14 98.25 97.87
674 97.21 98.19 97.83
675 97.85 98.18 97.83
676 98.36 98.06 97.77
677 98.54 98.02 97.74
678 99.68 98.33 97.82
679 99.61 98.81 97.93
680 99.71 99.18 98.08
681 99.98 99.50 98.24
682 99.69 99.73 98.41
683 99.71 99.74 98.52
684 100.33 99.88 98.62
685 99.71 99.88 98.71
686 99.72 99.83 98.84
687 99.17 99.73 98.91
688 99.24 99.63 98.99
689 98.19 99.21 99.02
690 99.55 99.17 99.10
691 98.78 98.99 99.09
692 98.76 98.90 99.10
693 98.34 98.72 99.11
694 98.96 98.88 99.19
695 97.75 98.52 99.19
696 98.40 98.44 99.19
697 98.04 98.30 99.17
698 97.38 98.11 99.05
699 97.30 97.77 98.94
700 97.26 97.68 98.81
701 96.78 97.35 98.65
702 97.16 97.18 98.53
703 97.61 97.22 98.42
704 98.31 97.42 98.32
705 98.54 97.68 98.26
706 98.50 98.02 98.20
707 98.83 98.36 98.18
708 98.13 98.46 98.13
709 98.07 98.41 98.12
710 98.19 98.34 98.05
711 98.08 98.26 98.02
712 97.47 97.99 97.95
713 97.26 97.81 97.90
714 97.57 97.71 97.83
715 97.55 97.59 97.82
716 98.21 97.61 97.81
717 98.51 97.82 97.84
718 98.23 98.01 97.88
719 98.57 98.21 97.94
720 98.56 98.42 98.01
721 98.72 98.52 98.10
722 98.26 98.47 98.16
723 98.97 98.62 98.23
724 99.29 98.76 98.28
725 99.67 98.98 98.33
726 99.31 99.10 98.37
727 100.27 99.50 98.44
728 100.29 99.77 98.55
729 99.89 99.89 98.64
730 100.19 99.99 98.74
731 100.47 100.22 98.86
732 101.24 100.42 99.05
733 101.47 100.65 99.26
734 101.46 100.97 99.46
735 101.39 101.21 99.65
736 101.95 101.50 99.84
737 102.42 101.74 100.03
738 102.49 101.94 100.24
739 102.91 102.23 100.46
740 102.63 102.48 100.66
741 102.45 102.58 100.85
742 101.98 102.49 101.04
743 103.11 102.62 101.24
744 103.36 102.71 101.45
745 102.92 102.76 101.61
746 102.68 102.81 101.78
747 103.63 103.14 101.95
748 103.19 103.16 102.09
749 103.12 103.11 102.25
750 102.84 103.09 102.39
751 104.15 103.39 102.57
752 104.40 103.54 102.73
753 104.26 103.75 102.87
754 104.32 103.99 103.01
755 104.85 104.40 103.18
756 105.02 104.57 103.34
757 105.40 104.77 103.49
758 104.66 104.85 103.59
759 104.46 104.88 103.67
760 104.78 104.86 103.78
761 104.86 104.83 103.90
762 104.95 104.74 104.05
763 103.32 104.47 104.06
764 104.13 104.41 104.10
765 104.87 104.43 104.19
766 104.39 104.33 104.28
767 104.03 104.15 104.30
768 104.46 104.38 104.36
769 104.26 104.40 104.42
770 104.74 104.38 104.52
771 103.50 104.20 104.48
772 102.33 103.86 104.38
773 102.68 103.50 104.30
774 103.15 103.28 104.24
775 102.20 102.77 104.11
776 102.86 102.64 104.00
777 102.28 102.63 103.85
778 101.24 102.35 103.67
779 101.59 102.03 103.53
780 101.59 101.91 103.37
781 102.04 101.75 103.23
782 102.50 101.79 103.11
783 102.50 102.04 103.07
784 102.51 102.23 102.99
785 102.28 102.37 102.86
786 101.44 102.25 102.71
787 102.18 102.18 102.62
788 102.33 102.15 102.51
789 102.25 102.10 102.41
790 102.53 102.15 102.30
791 102.59 102.38 102.25
792 102.55 102.45 102.26
793 102.20 102.42 102.24
794 102.37 102.45 102.20
795 101.90 102.32 102.19
796 101.31 102.07 102.11
797 101.55 101.87 102.07
798 102.26 101.88 102.12
799 102.40 101.88 102.16
800 103.09 102.12 102.24
801 103.23 102.51 102.30
802 103.29 102.85 102.34
803 102.95 102.99 102.36
804 102.78 103.07 102.37
805 101.83 102.82 102.35
806 101.43 102.46 102.35
807 101.84 102.17 102.33
808 101.44 101.86 102.29
809 102.32 101.77 102.29
810 102.35 101.88 102.28
811 102.20 102.03 102.26
812 102.36 102.13 102.26
813 101.86 102.22 102.24
814 102.06 102.17 102.22
815 102.92 102.28 102.27
816 103.20 102.48 102.37
817 103.73 102.75 102.48
818 103.86 103.15 102.56
819 103.90 103.52 102.63
820 103.24 103.59 102.64
821 102.95 103.54 102.63
822 101.99 103.19 102.56
823 102.06 102.83 102.52
824 101.54 102.36 102.45
825 101.44 102.00 102.43
826 101.88 101.78 102.46
827 102.12 101.81 102.47
828 102.14 101.82 102.51
829 102.55 102.03 102.52
830 102.61 102.26 102.53
831 102.66 102.42 102.55
832 102.65 102.52 102.57
833 102.47 102.59 102.60
834 102.39 102.56 102.61
835 102.12 102.46 102.58
836 102.61 102.45 102.55
837 102.26 102.37 102.47
838 102.37 102.35 102.40
839 101.63 102.20 102.28
840 101.95 102.16 102.22
841 101.68 101.98 102.16
842 102.02 101.93 102.16
843 102.21 101.90 102.17
844 102.19 102.01 102.20
845 101.83 101.99 102.22
846 101.63 101.98 102.20
847 101.58 101.89 102.18
848 101.47 101.74 102.14
849 101.31 101.56 102.08
850 101.43 101.48 102.02
851 101.84 101.53 101.98
852 101.98 101.61 101.95
853 101.93 101.70 101.92
854 101.97 101.83 101.90
855 101.75 101.89 101.88
856 101.65 101.86 101.83
857 101.98 101.86 101.82
858 102.41 101.95 101.82
859 102.63 102.08 101.87
860 102.65 102.26 101.91
861 102.37 102.41 101.94
862 102.57 102.53 101.97
863 102.48 102.54 101.98
864 102.35 102.48 101.99
865 102.04 102.36 102.00
866 101.80 102.25 102.01
867 101.98 102.13 102.03
868 101.95 102.02 102.05
869 102.18 101.99 102.10
870 102.01 101.98 102.13
871 101.90 102.00 102.13
872 102.10 102.03 102.14
873 101.83 102.00 102.13
874 101.96 101.96 102.13
875 101.70 101.90 102.13
876 101.51 101.82 102.12
877 101.30 101.66 102.09
878 101.45 101.58 102.04
879 101.59 101.51 101.99
880 101.87 101.54 101.95
881 102.16 101.67 101.94
882 102.20 101.85 101.92
883 101.74 101.91 101.88
884 101.56 101.91 101.84
885 101.55 101.84 101.82
886 101.38 101.69 101.80
887 101.39 101.52 101.77
888 101.65 101.51 101.75
889 101.74 101.54 101.73
890 101.66 101.56 101.71
891 101.26 101.54 101.68
892 101.48 101.56 101.65
893 101.52 101.53 101.63
894 101.54 101.49 101.61
895 101.80 101.52 101.62
896 101.81 101.63 101.63
897 101.86 101.71 101.66
898 102.10 101.82 101.69
899 102.85 102.08 101.76
900 102.84 102.29 101.80
901 102.57 102.44 101.83
902 102.63 102.60 101.85
903 102.61 102.70 101.89
904 102.17 102.56 101.92
905 102.11 102.42 101.95
906 102.16 102.34 101.99
907 102.31 102.27 102.03
908 102.26 102.20 102.06
909 102.50 102.27 102.10
910 102.51 102.35 102.14
911 102.39 102.39 102.20
912 102.63 102.46 102.26
913 102.99 102.60 102.33
914 103.82 102.87 102.45
915 103.96 103.16 102.55
916 104.19 103.52 102.67
917 104.10 103.81 102.78
918 104.12 104.04 102.89
919 103.76 104.03 102.93
920 103.74 103.98 102.98
921 104.14 103.97 103.05
922 104.40 104.03 103.14
923 105.22 104.25 103.27
924 104.93 104.49 103.41
925 105.57 104.85 103.59
926 105.13 105.05 103.73
927 106.06 105.38 103.92
928 106.12 105.56 104.11
929 106.80 105.94 104.33
930 107.22 106.27 104.56
931 107.17 106.67 104.80
932 107.27 106.92 105.04
933 108.53 107.40 105.31
934 108.86 107.81 105.56
935 108.98 108.16 105.82
936 108.68 108.46 106.04
937 109.24 108.86 106.30
938 108.55 108.86 106.52
939 109.37 108.96 106.80
940 109.45 109.06 107.08
941 109.76 109.27 107.37
942 109.09 109.24 107.60
943 108.77 109.29 107.78
944 109.69 109.35 108.02
945 108.95 109.25 108.18
946 108.26 108.95 108.34
947 108.29 108.79 108.45
948 107.78 108.59 108.54
949 107.15 108.09 108.55
950 107.27 107.75 108.56
951 105.92 107.28 108.49
952 106.35 106.89 108.45
953 107.14 106.77 108.38
954 106.86 106.71 108.28
955 107.05 106.66 108.18
956 107.16 106.91 108.10
957 108.01 107.24 108.04
958 107.97 107.41 108.01
959 107.98 107.63 107.95
960 108.14 107.85 107.88
961 109.01 108.22 107.84
962 109.34 108.49 107.85
963 113.79 109.65 108.11
964 113.73 110.80 108.31
965 114.69 112.11 108.59
966 115.15 113.34 108.94
967 114.40 114.35 109.24
968 114.75 114.54 109.59
969 115.83 114.96 110.03
970 115.58 115.14 110.44
971 116.15 115.34 110.95
972 116.44 115.75 111.46
973 116.58 116.12 111.93
974 117.06 116.36 112.44
975 118.21 116.89 113.00
976 118.09 117.28 113.55
977 118.08 117.60 114.05
978 117.77 117.84 114.54
979 117.52 117.93 115.02
980 118.23 117.94 115.52
981 118.94 118.11 116.02
982 118.37 118.17 116.47
983 119.33 118.48 116.75
984 119.87 118.95 117.05
985 119.86 119.27 117.31
986 121.60 119.81 117.63
987 120.98 120.33 117.96
988 119.52 120.37 118.20
989 117.68 119.93 118.29
990 118.89 119.73 118.46
991 118.61 119.14 118.58
992 117.76 118.49 118.65
993 116.93 117.97 118.66
994 118.81 118.20 118.75
995 119.00 118.22 118.79
996 119.52 118.40 118.86
997 120.56 118.96 118.99
998 120.24 119.63 119.11
999 120.31 119.93 119.25
1000 120.51 120.23 119.36
1001 120.53 120.43 119.44
1002 120.34 120.39 119.54
1003 119.38 120.21 119.55
1004 118.84 119.92 119.49
1005 119.47 119.71 119.47
1006 119.87 119.58 119.39
1007 118.02 119.12 119.24
1008 117.65 118.77 119.15
1009 117.71 118.54 119.15
1010 116.44 117.94 119.03
1011 117.39 117.44 118.96
1012 117.90 117.42 118.97
1013 118.63 117.61 119.06
1014 118.14 117.70 119.02
1015 118.53 118.12 119.00
1016 117.71 118.18 118.91
1017 118.60 118.32 118.81
1018 117.83 118.16 118.69
1019 117.71 118.08 118.56
1020 118.25 118.02 118.45
1021 117.47 117.97 118.29
1022 117.35 117.72 118.14
1023 117.83 117.72 118.07
1024 117.30 117.64 117.99
1025 117.50 117.49 117.89
1026 118.93 117.78 117.84
1027 118.50 118.01 117.87
1028 120.20 118.49 118.00
1029 119.02 118.83 118.06
1030 118.59 119.05 118.17
1031 118.35 118.93 118.22
1032 119.26 119.08 118.28
1033 118.77 118.80 118.29
1034 119.10 118.81 118.34
1035 119.07 118.91 118.37
1036 118.92 119.02 118.43
1037 118.82 118.94 118.44
1038 119.04 118.99 118.50
1039 119.26 119.02 118.58
1040 119.89 119.19 118.66
1041 120.09 119.42 118.79
1042 119.59 119.57 118.90
1043 119.82 119.73 119.00
1044 120.08 119.89 119.14
1045 120.78 120.07 119.30
1046 121.47 120.35 119.43
1047 121.23 120.68 119.57
1048 121.54 121.02 119.63
1049 121.44 121.29 119.76
1050 121.41 121.42 119.90
1051 121.45 121.41 120.05
1052 121.34 121.44 120.16
1053 119.81 121.09 120.21
1054 120.72 120.95 120.29
1055 119.97 120.66 120.33
1056 119.80 120.33 120.38
1057 119.81 120.02 120.43
1058 119.40 119.94 120.45
1059 119.20 119.64 120.44
1060 119.29 119.50 120.41
1061 120.27 119.59 120.42
1062 119.92 119.62 120.44
1063 119.69 119.67 120.43
1064 119.70 119.77 120.41
1065 119.07 119.73 120.33
1066 119.55 119.59 120.23
1067 120.25 119.65 120.18
1068 120.27 119.77 120.12
1069 120.48 119.92 120.07
1070 120.23 120.16 120.01
1071 119.79 120.20 119.93
1072 119.62 120.08 119.84
1073 118.97 119.82 119.80
1074 119.05 119.53 119.72
1075 118.94 119.27 119.67
1076 119.36 119.19 119.64
1077 119.67 119.20 119.64
1078 120.04 119.41 119.67
1079 119.54 119.51 119.68
1080 118.96 119.51 119.67
1081 119.16 119.47 119.61
1082 118.99 119.34 119.57
1083 119.68 119.27 119.57
1084 119.37 119.23 119.55
1085 119.86 119.41 119.59
1086 119.76 119.53 119.60
1087 120.16 119.77 119.59
1088 119.79 119.79 119.57
1089 119.27 119.77 119.51
1090 119.39 119.67 119.47
1091 119.64 119.65 119.46
1092 119.90 119.60 119.47
1093 120.94 119.83 119.57
1094 121.06 120.19 119.67
1095 121.07 120.52 119.78
1096 121.63 120.92 119.89
1097 121.76 121.29 120.00
1098 123.00 121.70 120.15
1099 123.65 122.22 120.35
1100 123.75 122.76 120.59
1101 124.30 123.29 120.85
1102 124.82 123.90 121.14
1103 124.16 124.14 121.36
1104 124.36 124.28 121.61
1105 124.51 124.43 121.85
1106 125.50 124.67 122.13
1107 124.64 124.63 122.36
1108 124.47 124.70 122.59
1109 122.97 124.42 122.78
1110 123.47 124.21 122.98
1111 123.48 123.81 123.17
1112 123.47 123.57 123.35
1113 123.44 123.37 123.48
1114 123.39 123.45 123.59
1115 122.98 123.35 123.69
1116 122.70 123.20 123.74
1117 123.44 123.19 123.83
1118 123.88 123.28 123.87
1119 123.89 123.38 123.88
1120 123.56 123.49 123.87
1121 122.96 123.55 123.80
1122 122.48 123.35 123.69
1123 122.62 123.10 123.61
1124 123.39 123.00 123.56
1125 123.00 122.89 123.49
1126 122.57 122.81 123.34
1127 122.72 122.86 123.24
1128 122.40 122.82 123.14
1129 120.80 122.30 123.03
1130 121.65 122.03 122.94
1131 122.52 122.02 122.89
1132 123.64 122.20 122.90
1133 123.39 122.40 122.90
1134 123.85 123.01 122.92
1135 124.24 123.53 122.98
1136 124.36 123.90 123.07
1137 123.77 123.92 123.08
1138 124.10 124.06 123.10
1139 124.02 124.10 123.10
1140 123.64 123.98 123.11
1141 123.17 123.74 123.12
1142 123.54 123.69 123.17
1143 124.09 123.69 123.24
1144 124.02 123.69 123.27
1145 124.08 123.78 123.33
1146 124.06 123.96 123.40
1147 124.33 124.12 123.48
1148 124.83 124.26 123.60
1149 124.75 124.41 123.80
1150 124.42 124.48 123.94
1151 124.64 124.59 124.05
1152 125.13 124.75 124.12
1153 124.29 124.65 124.17
1154 124.43 124.58 124.20
1155 124.43 124.58 124.20
1156 124.45 124.55 124.21
1157 124.37 124.39 124.24
1158 123.83 124.30 124.23
1159 123.49 124.11 124.20
1160 121.73 123.57 124.10
1161 118.90 122.46 123.89
1162 119.09 121.41 123.67
1163 120.07 120.66 123.47
1164 121.12 120.18 123.32
1165 121.18 120.07 123.18
1166 121.02 120.50 123.03
1167 120.29 120.74 122.82
1168 120.67 120.86 122.61
1169 119.96 120.62 122.38
1170 119.07 120.20 122.11
1171 119.42 119.88 121.85
1172 120.27 119.88 121.60
1173 120.24 119.79 121.40
1174 120.82 119.96 121.22
1175 120.65 120.28 121.03
1176 120.64 120.52 120.84
1177 120.35 120.54 120.64
1178 120.60 120.61 120.48
1179 119.83 120.41 120.30
1180 120.20 120.32 120.22
1181 120.37 120.27 120.29
1182 120.46 120.29 120.36
1183 119.77 120.13 120.35
1184 119.97 120.15 120.29
1185 119.87 120.09 120.22
1186 119.91 120.00 120.17
1187 120.04 119.91 120.16
1188 120.48 120.05 120.15
1189 120.36 120.13 120.17
1190 120.04 120.17 120.21
1191 119.99 120.18 120.24
1192 119.94 120.16 120.23
1193 119.57 119.98 120.19
1194 118.99 119.71 120.10
1195 119.06 119.51 120.02
1196 119.33 119.38 119.96
1197 119.54 119.30 119.92
1198 119.93 119.37 119.88
1199 119.87 119.55 119.88
1200 120.95 119.92 119.92
1201 121.14 120.29 119.96
1202 120.79 120.54 119.98
1203 120.40 120.63 120.01
1204 120.66 120.79 120.04
1205 120.90 120.78 120.09
1206 120.58 120.67 120.13
1207 121.15 120.74 120.18
1208 121.57 120.97 120.24
1209 121.74 121.19 120.31
1210 123.33 121.67 120.47
1211 123.20 122.20 120.63
1212 123.03 122.57 120.79
1213 122.86 122.83 120.95
1214 122.53 122.99 121.13
1215 122.55 122.83 121.30
1216 123.28 122.85 121.50
1217 123.41 122.93 121.69
1218 123.56 123.07 121.88
1219 122.96 123.15 122.03
1220 122.88 123.22 122.13
1221 122.44 123.05 122.19
1222 122.61 122.89 122.28
1223 122.74 122.73 122.40
1224 122.82 122.70 122.51
1225 123.10 122.74 122.62
1226 122.89 122.83 122.73
1227 123.31 122.97 122.84
1228 122.71 122.97 122.90
1229 123.24 123.05 122.97
1230 123.27 123.08 122.97
1231 122.99 123.10 122.96
1232 121.55 122.75 122.89
1233 121.95 122.60 122.84
1234 120.83 122.12 122.75
1235 121.16 121.70 122.68
1236 121.80 121.46 122.61
1237 122.52 121.65 122.57
1238 122.51 121.76 122.51
1239 121.30 121.86 122.43
1240 121.23 121.87 122.35
1241 120.96 121.70 122.27
1242 120.15 121.23 122.15
1243 120.54 120.84 122.04
1244 120.39 120.65 121.92
1245 120.54 120.52 121.79
