20 109.08 108.58 110.21
21 109.05 108.65 110.13
22 109.68 108.69 110.07
23 108.40 108.81 110.00
24 107.26 108.69 109.82
25 108.20 108.52 109.66
26 109.16 108.54 109.57
27 110.44 108.69 109.55
28 110.79 109.17 109.50
29 109.76 109.67 109.39
30 110.65 110.16 109.35
31 110.48 110.42 109.30
32 111.88 110.71 109.38
33 112.47 111.05 109.51
34 112.70 111.64 109.64
35 112.41 111.99 109.81
36 112.44 112.38 110.00
37 113.66 112.74 110.21
38 111.55 112.55 110.39
39 112.49 112.51 110.63
40 112.63 112.55 110.81
41 112.71 112.61 110.99
42 111.26 112.13 111.07
43 111.71 112.16 111.23
44 111.79 112.02 111.46
45 112.17 111.93 111.66
46 113.13 112.01 111.86
47 112.57 112.27 111.96
48 112.48 112.43 112.05
49 113.09 112.69 112.21
50 113.50 112.95 112.36
51 113.47 113.02 112.51
52 113.76 113.26 112.60
53 113.15 113.39 112.63
54 113.47 113.47 112.67
55 113.39 113.45 112.72
56 113.17 113.39 112.76
57 112.10 113.06 112.68
58 113.24 113.07 112.76
59 112.81 112.94 112.78
60 113.45 112.95 112.82
61 114.93 113.31 112.93
62 115.16 113.92 113.13
63 114.90 114.25 113.29
64 115.11 114.71 113.45
65 115.24 115.07 113.61
66 114.56 114.99 113.68
67 114.35 114.83 113.77
68 114.48 114.75 113.87
69 113.27 114.38 113.88
70 110.29 113.39 113.72
71 113.98 113.27 113.74
72 115.25 113.45 113.82
73 114.81 113.52 113.90
74 114.22 113.71 113.94
75 114.87 114.63 114.01
76 114.55 114.74 114.08
77 115.03 114.70 114.22
78 116.31 115.00 114.38
79 117.53 115.66 114.61
80 118.26 116.34 114.85
81 119.78 117.38 115.10
82 119.84 118.34 115.33
83 121.30 119.34 115.65
84 122.34 120.30 116.01
85 121.88 121.03 116.34
86 122.81 121.63 116.76
87 121.52 121.97 117.12
88 121.60 122.03 117.47
89 120.76 121.71 117.85
90 121.26 121.59 118.40
91 119.59 120.95 118.68
92 117.72 120.19 118.80
93 119.01 119.67 119.01
94 119.89 119.49 119.29
95 119.16 119.07 119.51
96 119.93 119.14 119.78
97 118.52 119.30 119.95
98 119.63 119.43 120.12
99 121.75 119.80 120.33
100 120.43 120.05 120.44
101 117.16 119.50 120.31
102 116.05 119.00 120.12
103 115.08 118.09 119.80
104 116.56 117.06 119.52
105 115.41 116.05 119.19
106 115.18 115.66 118.81
107 113.86 115.22 118.43
108 114.67 115.14 118.08
109 115.99 115.02 117.84
110 116.66 115.27 117.61
111 116.93 115.62 117.48
112 115.59 115.97 117.37
113 115.00 116.03 117.17
114 115.56 115.95 116.96
115 115.93 115.80 116.79
116 114.92 115.40 116.54
117 115.57 115.40 116.40
118 116.17 115.63 116.22
119 117.39 116.00 116.01
120 116.34 116.08 115.80
121 117.26 116.55 115.81
122 117.63 116.96 115.88
123 117.00 117.12 115.98
124 117.62 117.17 116.03
125 116.94 117.29 116.11
126 116.81 117.20 116.19
127 115.48 116.77 116.27
128 115.39 116.45 116.31
129 116.23 116.17 116.32
130 114.80 115.74 116.23
131 114.59 115.30 116.11
132 114.43 115.09 116.05
133 115.04 115.02 116.05
134 115.38 114.85 116.05
135 115.21 114.93 116.01
136 114.88 114.99 116.01
137 114.04 114.91 115.93
138 115.39 114.98 115.89
139 116.30 115.16 115.84
140 116.79 115.48 115.86
141 116.98 115.90 115.85
142 117.50 116.59 115.84
143 117.44 117.00 115.86
144 116.91 117.12 115.83
145 116.00 116.97 115.78
146 116.70 116.91 115.77
147 114.49 116.31 115.72
148 112.51 115.32 115.58
149 111.35 114.21 115.34
150 112.10 113.43 115.20
151 112.11 112.51 115.08
152 111.69 111.95 114.94
153 112.23 111.90 114.80
154 112.39 112.10 114.65
155 113.21 112.33 114.55
156 112.76 112.46 114.44
157 112.64 112.65 114.37
158 113.18 112.84 114.26
159 112.08 112.77 114.05
160 111.40 112.41 113.78
161 112.09 112.28 113.54
162 110.52 111.85 113.19
163 109.68 111.15 112.80
164 110.78 110.89 112.50
165 111.44 110.90 112.27
166 111.87 110.86 112.03
167 109.82 110.72 111.79
168 110.70 110.92 111.70
169 109.39 110.64 111.60
170 109.28 110.21 111.46
171 110.14 109.87 111.36
172 111.02 110.11 111.33
173 110.37 110.04 111.24
174 110.49 110.26 111.14
175 110.20 110.44 110.99
176 110.26 110.47 110.87
177 110.33 110.33 110.75
178 110.82 110.42 110.63
179 110.92 110.51 110.58
180 111.54 110.77 110.58
181 111.08 110.94 110.53
182 111.63 111.20 110.59
183 110.68 111.17 110.64
184 110.56 111.10 110.63
185 109.91 110.77 110.55
186 108.65 110.29 110.39
187 108.27 109.61 110.31
188 108.60 109.20 110.21
189 108.83 108.85 110.18
190 107.95 108.46 110.11
191 105.41 107.81 109.88
192 105.21 107.20 109.59
193 105.40 106.56 109.34
194 105.39 105.87 109.08
195 106.38 105.56 108.89
196 104.53 105.38 108.60
197 104.52 105.24 108.31
198 104.08 104.98 107.98
199 102.94 104.49 107.58
200 102.88 103.79 107.15
201 103.79 103.64 106.78
202 103.48 103.43 106.37
203 104.04 103.43 106.04
204 102.99 103.44 105.66
205 101.22 103.10 105.23
206 101.90 102.73 104.89
207 102.47 102.52 104.60
208 102.83 102.28 104.31
209 104.59 102.60 104.10
210 104.38 103.23 103.92
211 106.44 104.14 103.97
212 105.67 104.78 104.00
213 107.11 105.64 104.08
214 105.80 105.88 104.10
215 105.57 106.12 104.06
216 105.78 105.99 104.12
217 105.79 106.01 104.19
218 105.73 105.73 104.27
219 106.04 105.78 104.42
220 105.93 105.85 104.58
221 106.05 105.91 104.69
222 107.72 106.29 104.90
223 107.17 106.58 105.06
224 108.49 107.07 105.33
225 107.09 107.30 105.63
226 107.78 107.65 105.92
227 107.70 107.65 106.18
228 107.37 107.69 106.41
229 107.46 107.48 106.55
230 105.32 107.13 106.60
231 105.44 106.66 106.55
232 106.29 106.38 106.58
233 105.14 105.93 106.48
234 104.14 105.27 106.40
235 103.50 104.90 106.30
236 103.64 104.54 106.19
237 104.09 104.10 106.10
238 103.90 103.85 106.01
239 102.97 103.62 105.86
240 103.02 103.52 105.71
241 103.19 103.43 105.57
242 103.97 103.41 105.38
243 104.15 103.46 105.23
244 104.36 103.74 105.03
245 104.79 104.09 104.91
246 104.70 104.39 104.76
247 104.24 104.45 104.58
248 104.16 104.45 104.42
249 104.09 104.40 104.26
250 103.77 104.19 104.18
251 103.75 104.00 104.09
252 102.76 103.71 103.92
253 101.71 103.22 103.75
254 101.40 102.68 103.61
255 101.48 102.22 103.51
256 101.43 101.76 103.40
257 101.45 101.49 103.26
258 102.10 101.57 103.17
259 101.87 101.67 103.12
260 101.72 101.71 103.05
261 101.90 101.81 102.99
262 101.75 101.87 102.88
263 100.53 101.55 102.70
264 100.68 101.32 102.51
265 100.00 100.97 102.27
266 99.29 100.45 102.00
267 98.74 99.85 101.73
268 98.13 99.37 101.43
269 98.04 98.84 101.13
270 97.77 98.39 100.83
271 98.45 98.23 100.56
272 97.16 97.91 100.28
273 97.50 97.78 100.07
274 97.93 97.76 99.90
275 98.71 97.95 99.76
276 100.00 98.26 99.69
277 99.32 98.69 99.58
278 100.26 99.24 99.49
279 101.37 99.93 99.46
280 101.84 100.56 99.47
281 101.23 100.80 99.44
282 101.29 101.20 99.41
283 100.45 101.24 99.41
284 99.58 100.88 99.35
285 100.39 100.59 99.37
286 100.15 100.37 99.42
287 100.29 100.17 99.49
288 100.44 100.17 99.61
289 101.95 100.64 99.80
290 102.03 100.97 100.02
291 103.19 101.58 100.25
292 102.65 102.05 100.53
293 102.09 102.38 100.76
294 103.02 102.60 101.01
295 102.27 102.64 101.19
296 103.63 102.73 101.37
297 105.21 103.24 101.67
298 105.42 103.91 101.92
299 105.67 104.44 102.14
300 106.36 105.26 102.37
301 107.02 105.94 102.66
302 109.37 106.77 103.06
303 107.65 107.21 103.42
304 108.65 107.81 103.87
305 108.31 108.20 104.27
306 108.29 108.45 104.68
307 107.73 108.13 105.05
308 107.83 108.16 105.42
309 105.91 107.61 105.62
310 106.78 107.31 105.85
311 108.28 107.31 106.11
312 107.86 107.33 106.37
313 108.42 107.45 106.68
314 108.71 108.01 106.97
315 109.38 108.53 107.32
316 109.30 108.73 107.61
317 110.00 109.16 107.85
318 110.95 109.67 108.12
319 110.33 109.99 108.36
320 109.18 109.95 108.50
321 109.76 110.04 108.63
322 110.76 110.20 108.70
323 110.64 110.13 108.85
324 110.26 110.12 108.93
325 109.71 110.23 109.00
326 111.00 110.47 109.14
327 109.10 110.14 109.21
328 109.63 109.94 109.30
329 108.31 109.55 109.42
330 107.54 109.12 109.46
331 106.51 108.22 109.37
332 107.30 107.86 109.34
333 105.57 107.05 109.20
334 106.24 106.63 109.07
335 106.80 106.48 108.94
336 105.41 106.26 108.75
337 105.66 105.94 108.53
338 106.50 106.12 108.31
339 106.82 106.24 108.13
340 107.42 106.36 108.05
341 107.51 106.78 107.93
342 106.74 107.00 107.73
343 107.49 107.20 107.58
344 107.57 107.35 107.44
345 107.23 107.31 107.32
346 105.69 106.94 107.05
347 106.11 106.82 106.90
348 103.67 106.05 106.60
349 104.32 105.40 106.41
350 103.78 104.71 106.22
351 103.19 104.21 106.05
352 103.43 103.68 105.86
353 103.38 103.62 105.75
354 102.56 103.27 105.56
355 102.33 102.98 105.34
356 102.28 102.80 105.18
357 100.86 102.28 104.94
358 101.31 101.87 104.68
359 101.62 101.68 104.42
360 101.19 101.45 104.11
361 99.89 100.97 103.73
362 99.94 100.79 103.39
363 99.81 100.49 103.01
364 99.64 100.09 102.61
365 99.13 99.68 102.21
366 97.60 99.22 101.80
367 97.10 98.66 101.35
368 96.81 98.06 101.01
369 98.13 97.75 100.70
370 98.00 97.53 100.41
371 99.63 97.93 100.23
372 99.89 98.49 100.05
373 100.62 99.25 99.92
374 98.89 99.41 99.73
375 99.43 99.69 99.59
376 99.73 99.71 99.46
377 100.27 99.79 99.43
378 100.76 99.82 99.40
379 99.60 99.96 99.30
380 100.01 100.07 99.24
381 100.66 100.26 99.28
382 100.64 100.33 99.32
383 100.79 100.34 99.37
384 99.68 100.36 99.37
385 99.21 100.20 99.37
386 99.33 99.93 99.46
387 98.73 99.55 99.54
388 100.78 99.55 99.74
389 100.09 99.63 99.84
390 100.37 99.86 99.96
391 100.14 100.02 99.98
392 99.05 100.09 99.94
393 97.66 99.46 99.79
394 97.81 99.01 99.74
395 97.12 98.36 99.62
396 97.42 97.81 99.51
397 96.80 97.36 99.33
398 96.91 97.21 99.14
399 97.29 97.11 99.02
400 96.71 97.03 98.86
401 96.47 96.84 98.65
402 95.07 96.49 98.37
403 94.97 96.10 98.08
404 94.23 95.49 97.81
405 94.75 95.10 97.58
406 96.18 95.04 97.43
407 96.47 95.32 97.31
408 95.84 95.49 97.07
409 95.98 95.84 96.86
410 95.93 96.08 96.64
411 95.07 95.86 96.39
412 97.50 96.06 96.31
413 96.87 96.27 96.27
414 97.37 96.55 96.25
415 97.05 96.77 96.24
416 96.64 97.09 96.21
417 96.02 96.79 96.17
418 96.79 96.77 96.16
419 97.21 96.74 96.16
420 97.31 96.79 96.19
421 98.03 97.07 96.26
422 98.11 97.49 96.42
423 98.03 97.74 96.57
424 98.86 98.07 96.80
425 98.44 98.29 96.98
426 98.64 98.42 97.11
427 98.59 98.51 97.21
428 98.28 98.56 97.34
429 98.71 98.53 97.47
430 98.57 98.56 97.60
431 98.32 98.49 97.77
432 98.29 98.43 97.81
433 98.66 98.51 97.90
434 98.38 98.44 97.95
435 98.87 98.50 98.04
436 99.64 98.77 98.19
437 100.03 99.12 98.39
438 99.89 99.36 98.54
439 100.12 99.71 98.69
440 100.44 100.02 98.84
441 100.86 100.27 98.99
442 102.95 100.85 99.23
443 102.63 101.40 99.46
444 102.33 101.84 99.63
445 101.67 102.09 99.79
446 101.42 102.20 99.93
447 100.74 101.76 100.04
448 100.38 101.31 100.15
449 99.99 100.84 100.21
450 100.22 100.55 100.29
451 99.86 100.24 100.37
452 100.63 100.22 100.49
453 101.08 100.36 100.61
454 101.42 100.64 100.76
455 102.27 101.05 100.93
456 101.64 101.41 101.03
457 100.72 101.43 101.06
458 100.38 101.29 101.09
459 101.57 101.32 101.16
460 101.06 101.07 101.19
461 102.14 101.17 101.26
462 103.12 101.65 101.26
463 103.72 102.32 101.32
464 103.79 102.77 101.39
465 103.37 103.23 101.48
466 104.41 103.68 101.63
467 103.66 103.79 101.77
468 103.64 103.77 101.93
469 103.86 103.79 102.13
470 102.91 103.70 102.26
471 103.13 103.44 102.43
472 103.26 103.36 102.56
473 103.55 103.34 102.68
474 103.79 103.33 102.80
475 103.27 103.40 102.85
476 102.59 103.29 102.90
477 102.57 103.15 102.99
478 101.98 102.84 103.07
479 101.31 102.34 103.06
480 101.16 101.92 103.06
481 101.12 101.63 103.01
482 101.07 101.33 102.91
483 102.07 101.35 102.83
484 103.67 101.82 102.82
485 103.90 102.37 102.85
486 104.02 102.95 102.83
487 104.88 103.71 102.89
488 105.99 104.49 103.00
489 107.13 105.18 103.17
490 106.52 105.71 103.35
491 106.34 106.17 103.51
492 106.17 106.43 103.65
493 106.52 106.54 103.80
494 107.08 106.53 103.97
495 107.15 106.65 104.16
496 107.33 106.85 104.40
497 107.60 107.14 104.65
498 106.97 107.23 104.90
499 106.57 107.12 105.16
500 106.67 107.03 105.44
501 107.36 107.03 105.75
502 108.94 107.30 106.14
503 109.38 107.78 106.51
504 110.58 108.59 106.85
505 110.48 109.35 107.18
506 111.68 110.21 107.57
507 111.37 110.70 107.89
508 111.66 111.15 108.17
509 111.59 111.36 108.40
510 112.48 111.76 108.70
511 113.40 112.10 109.05
512 114.69 112.76 109.47
513 114.15 113.26 109.86
514 114.92 113.93 110.25
515 114.85 114.40 110.63
516 113.92 114.51 110.96
517 115.09 114.59 111.34
518 118.38 115.43 111.91
519 119.87 116.42 112.57
520 117.76 117.00 113.13
521 117.94 117.81 113.66
522 120.29 118.85 114.22
523 119.54 119.08 114.73
524 119.45 119.00 115.18
525 118.15 119.07 115.56
526 117.88 119.06 115.87
527 121.07 119.22 116.35
528 122.51 119.81 116.90
529 121.71 120.26 117.40
530 122.50 121.13 117.90
531 123.66 122.29 118.42
532 124.93 123.06 118.93
533 126.46 123.85 119.54
534 124.53 124.42 120.02
535 127.23 125.36 120.64
536 126.41 125.91 121.27
537 125.48 126.02 121.79
538 126.39 126.01 122.19
539 125.51 126.20 122.47
540 125.48 125.85 122.86
541 124.15 125.40 123.17
542 125.13 125.33 123.41
543 125.18 125.09 123.69
544 125.65 125.12 124.00
545 124.72 124.97 124.33
546 123.01 124.74 124.59
547 124.06 124.52 124.74
548 121.22 123.73 124.67
549 120.27 122.66 124.60
550 121.62 122.04 124.55
551 121.09 121.65 124.43
552 121.80 121.20 124.27
553 121.67 121.29 124.03
554 121.69 121.57 123.89
555 122.13 121.68 123.63
556 124.40 122.34 123.53
557 124.86 122.95 123.50
558 125.70 123.76 123.47
559 125.13 124.44 123.45
560 124.41 124.90 123.39
561 125.05 125.03 123.44
562 122.55 124.57 123.31
563 123.82 124.19 123.24
564 124.08 123.98 123.16
565 122.71 123.64 123.06
566 123.66 123.36 123.10
567 120.99 123.05 122.94
568 121.70 122.63 122.97
569 120.52 121.92 122.98
570 120.65 121.50 122.93
571 120.71 120.91 122.91
572 119.83 120.68 122.81
573 119.95 120.33 122.73
574 119.27 120.08 122.61
575 125.37 121.03 122.77
576 127.99 122.48 122.95
577 129.74 124.46 123.19
578 129.76 126.43 123.39
579 130.00 128.57 123.64
580 130.59 129.62 123.95
581 129.23 129.86 124.16
582 126.35 129.19 124.35
583 129.17 129.07 124.61
584 127.56 128.58 124.79
585 128.30 128.12 125.07
586 130.35 128.35 125.40
587 129.63 129.00 125.83
588 129.57 129.08 126.23
589 129.72 129.51 126.69
590 128.96 129.65 127.10
591 128.18 129.21 127.48
592 128.07 128.90 127.89
593 128.08 128.60 128.29
594 129.68 128.59 128.81
595 129.26 128.65 129.01
596 130.14 129.05 129.12
597 131.53 129.74 129.21
598 132.11 130.54 129.32
599 132.09 131.03 129.43
600 132.17 131.61 129.51
601 131.54 131.89 129.62
602 131.76 131.93 129.89
603 131.87 131.89 130.03
604 131.90 131.85 130.25
605 132.69 131.95 130.47
606 132.78 132.20 130.59
607 132.20 132.29 130.72
608 130.42 132.00 130.76
609 131.06 131.83 130.82
610 131.38 131.57 130.95
611 130.90 131.19 131.08
612 131.88 131.13 131.27
613 130.65 131.17 131.40
614 130.05 130.97 131.42
615 131.04 130.90 131.51
616 129.86 130.70 131.49
617 128.97 130.11 131.37
618 129.24 129.83 131.22
619 130.97 130.02 131.17
620 128.39 129.49 130.98
621 127.31 128.98 130.77
622 126.50 128.48 130.50
623 126.21 127.88 130.22
624 126.73 127.03 129.96
625 128.02 126.95 129.73
626 128.18 127.13 129.50
627 128.46 127.52 129.31
628 128.93 128.06 129.24
629 128.28 128.37 129.10
630 128.39 128.45 128.95
631 127.18 128.25 128.76
632 128.56 128.27 128.60
633 129.43 128.37 128.54
634 130.10 128.73 128.54
635 130.62 129.18 128.52
636 129.92 129.73 128.52
637 129.41 129.90 128.54
638 130.00 130.01 128.58
639 129.85 129.96 128.52
640 129.24 129.68 128.57
641 130.39 129.78 128.72
642 129.76 129.85 128.88
643 130.65 129.98 129.10
644 130.56 130.12 129.30
645 130.79 130.43 129.44
646 132.08 130.77 129.63
647 131.67 131.15 129.79
648 131.20 131.26 129.90
649 131.56 131.46 130.07
650 132.37 131.78 130.27
651 131.85 131.73 130.50
652 130.19 131.43 130.58
653 129.97 131.19 130.61
654 130.06 130.89 130.61
655 130.16 130.45 130.58
656 131.43 130.36 130.66
657 131.56 130.64 130.77
658 130.00 130.64 130.77
659 129.58 130.55 130.75
660 129.01 130.32 130.74
661 129.61 129.95 130.70
662 128.24 129.29 130.63
663 129.47 129.18 130.57
664 130.33 129.33 130.56
665 129.95 129.52 130.51
666 129.85 129.57 130.40
667 130.17 129.95 130.33
668 130.35 130.13 130.29
669 130.92 130.25 130.25
670 130.60 130.38 130.16
671 132.10 130.83 130.18
672 132.15 131.22 130.28
673 131.29 131.41 130.34
674 130.08 131.24 130.34
675 130.42 131.21 130.36
676 130.22 130.83 130.30
677 130.02 130.41 130.22
678 131.46 130.44 130.29
679 131.16 130.66 130.37
680 131.63 130.90 130.50
681 131.18 131.09 130.58
682 131.36 131.36 130.74
683 132.16 131.50 130.87
684 133.15 131.90 131.01
685 132.77 132.12 131.15
686 132.57 132.40 131.29
687 132.16 132.56 131.39
688 132.47 132.62 131.49
689 132.85 132.56 131.59
690 134.74 132.96 131.80
691 133.29 133.10 131.86
692 133.05 133.28 131.90
693 132.96 133.38 131.98
694 133.47 133.50 132.15
695 131.90 132.93 132.23
696 133.03 132.88 132.37
697 132.45 132.76 132.49
698 132.25 132.62 132.53
699 132.58 132.44 132.60
700 131.92 132.45 132.62
701 131.40 132.12 132.63
702 131.92 132.01 132.65
703 131.87 131.94 132.64
704 132.94 132.01 132.63
705 133.55 132.34 132.67
706 133.04 132.66 132.69
707 133.78 133.04 132.77
708 134.09 133.48 132.85
709 134.13 133.72 132.92
710 134.24 133.86 132.89
711 135.12 134.27 132.98
712 134.35 134.39 133.05
713 134.08 134.38 133.11
714 134.79 134.52 133.17
715 134.36 134.54 133.29
716 134.93 134.50 133.39
717 135.20 134.67 133.53
718 133.24 134.50 133.58
719 133.24 134.19 133.61
720 132.78 133.88 133.65
721 133.30 133.55 133.75
722 131.78 132.87 133.74
723 132.23 132.67 133.76
724 133.09 132.64 133.77
725 133.89 132.86 133.78
726 133.90 132.98 133.83
727 134.85 133.59 133.88
728 135.18 134.18 133.93
729 134.93 134.55 133.97
730 135.77 134.93 134.05
731 134.85 135.12 134.04
732 136.38 135.42 134.14
733 137.46 135.88 134.31
734 137.27 136.35 134.43
735 137.47 136.69 134.59
736 138.30 137.38 134.76
737 139.42 137.98 134.97
738 139.30 138.35 135.27
739 139.33 138.76 135.57
740 139.44 139.16 135.91
741 139.14 139.33 136.20
742 139.35 139.31 136.58
743 141.37 139.73 137.03
744 142.01 140.26 137.48
745 141.61 140.70 137.87
746 141.44 141.16 138.24
747 142.43 141.77 138.62
748 141.91 141.88 138.96
749 141.83 141.84 139.30
750 141.59 141.84 139.59
751 142.52 142.06 139.98
752 142.36 142.04 140.28
753 142.69 142.20 140.54
754 142.56 142.34 140.80
755 143.31 142.69 141.10
756 143.89 142.96 141.38
757 145.04 143.50 141.66
758 142.33 143.43 141.81
759 142.28 143.37 141.95
760 142.57 143.22 142.11
761 142.35 142.91 142.27
762 142.84 142.47 142.45
763 141.17 142.24 142.44
764 142.39 142.26 142.46
765 142.54 142.26 142.50
766 142.13 142.21 142.54
767 140.54 141.75 142.44
768 141.49 141.82 142.42
769 141.50 141.64 142.40
770 141.81 141.49 142.42
771 141.68 141.40 142.37
772 139.98 141.29 142.25
773 140.35 141.06 142.14
774 140.79 140.92 142.05
775 139.55 140.47 141.86
776 139.42 140.02 141.64
777 137.97 139.62 141.28
778 136.92 138.93 141.01
779 137.34 138.24 140.77
780 137.50 137.83 140.51
781 138.66 137.68 140.33
782 139.66 138.02 140.17
783 139.76 138.58 140.10
784 139.37 138.99 139.95
785 139.91 139.47 139.82
786 139.02 139.54 139.66
787 139.99 139.61 139.63
788 140.86 139.83 139.60
789 140.46 140.05 139.55
790 140.67 140.20 139.49
791 140.98 140.59 139.46
792 140.82 140.76 139.50
793 140.46 140.68 139.51
794 140.09 140.60 139.47
795 139.67 140.40 139.48
796 139.54 140.12 139.48
797 139.48 139.85 139.56
798 140.50 139.86 139.74
799 140.65 139.97 139.90
800 142.90 140.61 140.17
801 143.36 141.38 140.41
802 143.31 142.14 140.59
803 142.67 142.58 140.74
804 142.87 143.02 140.91
805 141.18 142.68 140.97
806 141.01 142.21 141.07
807 141.95 141.94 141.17
808 141.30 141.66 141.19
809 141.48 141.38 141.24
810 141.16 141.38 141.27
811 141.37 141.45 141.29
812 141.47 141.36 141.32
813 140.49 141.19 141.32
814 140.26 140.95 141.33
815 141.61 141.04 141.43
816 142.15 141.20 141.56
817 143.10 141.52 141.74
818 142.95 142.01 141.86
819 142.56 142.47 141.96
820 141.47 142.45 141.89
821 141.50 142.32 141.79
822 140.59 141.81 141.66
823 141.57 141.54 141.60
824 141.03 141.23 141.51
825 140.48 141.03 141.47
826 140.79 140.89 141.46
827 141.05 140.98 141.42
828 141.36 140.94 141.42
829 141.61 141.06 141.43
830 141.72 141.31 141.46
831 141.57 141.46 141.47
832 141.64 141.58 141.47
833 141.60 141.63 141.53
834 141.58 141.62 141.60
835 141.10 141.50 141.57
836 141.68 141.52 141.55
837 141.80 141.55 141.48
838 141.90 141.61 141.43
839 141.61 141.62 141.38
840 141.77 141.75 141.40
841 140.69 141.55 141.36
842 140.30 141.25 141.34
843 140.66 141.01 141.30
844 140.01 140.69 141.25
845 139.70 140.27 141.21
846 139.33 140.00 141.13
847 139.17 139.77 141.04
848 139.10 139.46 140.93
849 138.87 139.23 140.79
850 138.75 139.04 140.64
851 138.95 138.97 140.51
852 138.89 138.91 140.37
853 139.28 138.95 140.26
854 139.01 138.98 140.13
855 138.36 138.90 139.99
856 138.27 138.76 139.82
857 138.94 138.77 139.68
858 139.30 138.78 139.55
859 139.76 138.93 139.46
860 139.62 139.18 139.35
861 139.84 139.49 139.31
862 139.94 139.69 139.29
863 139.28 139.69 139.22
864 138.50 139.44 139.14
865 138.16 139.14 139.07
866 137.97 138.77 139.00
867 138.08 138.40 138.94
868 138.44 138.23 138.91
869 138.44 138.22 138.89
870 138.58 138.30 138.88
871 138.73 138.45 138.87
872 138.72 138.58 138.86
873 138.49 138.59 138.82
874 138.69 138.64 138.81
875 138.64 138.65 138.82
876 138.25 138.56 138.82
877 138.21 138.46 138.78
878 138.91 138.54 138.76
879 138.95 138.59 138.72
880 139.07 138.68 138.69
881 138.97 138.82 138.65
882 138.81 138.94 138.59
883 138.42 138.84 138.55
884 138.28 138.71 138.54
885 138.55 138.61 138.56
886 137.85 138.38 138.55
887 137.88 138.20 138.54
888 138.42 138.20 138.54
889 137.99 138.14 138.52
890 137.52 137.93 138.47
891 136.92 137.75 138.38
892 137.24 137.62 138.30
893 136.70 137.27 138.21
894 136.63 137.00 138.11
895 137.08 136.91 138.03
896 136.70 136.87 137.95
897 136.85 136.79 137.89
898 136.94 136.84 137.79
899 137.78 137.07 137.73
900 137.70 137.19 137.66
901 137.72 137.40 137.60
902 137.71 137.57 137.54
903 137.13 137.61 137.48
904 136.72 137.40 137.40
905 136.35 137.13 137.29
906 136.90 136.96 137.24
907 136.85 136.79 137.19
908 136.68 136.70 137.11
909 136.96 136.75 137.05
910 136.95 136.87 137.03
911 137.08 136.90 137.03
912 137.05 136.94 137.02
913 137.15 137.04 137.05
914 137.62 137.17 137.10
915 138.01 137.38 137.14
916 137.50 137.47 137.18
917 137.28 137.51 137.20
918 136.98 137.48 137.21
919 136.90 137.33 137.16
920 136.73 137.08 137.11
921 136.68 136.91 137.06
922 137.10 136.88 137.03
923 138.15 137.11 137.08
924 137.93 137.32 137.14
925 136.50 137.27 137.15
926 136.13 137.16 137.11
927 136.76 137.09 137.11
928 137.37 136.94 137.14
929 138.03 136.96 137.19
930 138.50 137.36 137.27
931 138.72 137.88 137.35
932 138.96 138.32 137.45
933 139.48 138.74 137.57
934 140.53 139.24 137.71
935 140.00 139.54 137.81
936 139.65 139.72 137.92
937 139.57 139.85 138.03
938 138.47 139.64 138.11
939 138.72 139.28 138.20
940 138.85 139.05 138.30
941 138.52 138.83 138.40
942 137.67 138.45 138.43
943 137.65 138.28 138.40
944 137.29 138.00 138.37
945 137.59 137.74 138.42
946 136.95 137.43 138.46
947 137.84 137.46 138.52
948 136.85 137.30 138.49
949 136.26 137.10 138.40
950 135.55 136.69 138.26
951 135.93 136.49 138.12
952 136.22 136.16 137.98
953 136.61 136.11 137.84
954 136.68 136.20 137.64
955 136.09 136.31 137.45
956 135.45 136.21 137.24
957 136.72 136.31 137.10
958 136.97 136.38 137.02
959 137.20 136.49 136.94
960 137.71 136.81 136.89
961 137.58 137.24 136.84
962 137.78 137.45 136.85
963 142.19 138.49 137.07
964 142.75 139.60 137.35
965 143.05 140.67 137.62
966 142.53 141.66 137.90
967 142.47 142.60 138.13
968 142.62 142.68 138.42
969 144.29 142.99 138.82
970 143.74 143.13 139.23
971 144.76 143.58 139.67
972 145.91 144.26 140.15
973 145.27 144.79 140.59
974 146.62 145.26 141.08
975 148.18 146.15 141.69
976 148.14 146.82 142.32
977 146.73 146.99 142.82
978 146.95 147.32 143.32
979 146.95 147.39 143.81
980 147.15 147.18 144.28
981 147.90 147.14 144.80
982 147.63 147.32 145.29
983 147.81 147.49 145.57
984 147.60 147.62 145.81
985 148.45 147.88 146.08
986 149.43 148.18 146.43
987 148.85 148.43 146.75
988 148.03 148.47 147.02
989 146.94 148.34 147.15
990 147.46 148.14 147.34
991 147.74 147.80 147.49
992 146.54 147.34 147.52
993 146.23 146.98 147.57
994 146.54 146.90 147.56
995 146.11 146.63 147.46
996 146.10 146.30 147.36
997 146.91 146.38 147.37
998 146.60 146.45 147.35
999 146.91 146.53 147.35
1000 146.85 146.67 147.33
1001 146.54 146.76 147.26
1002 143.97 146.17 147.08
1003 142.50 145.35 146.81
1004 141.02 144.18 146.49
1005 141.43 143.09 146.13
1006 141.36 142.06 145.73
1007 139.74 141.21 145.28
1008 138.51 140.41 144.80
1009 138.59 139.93 144.38
1010 135.28 138.70 143.77
1011 135.71 137.57 143.17
1012 136.65 136.95 142.68
1013 137.05 136.66 142.22
1014 136.98 136.33 141.74
1015 134.66 136.21 141.17
1016 131.38 135.34 140.43
1017 133.22 134.66 139.75
1018 133.71 133.99 139.10
1019 132.88 133.17 138.40
1020 133.85 133.01 137.75
1021 132.82 133.30 137.07
1022 133.12 133.28 136.52
1023 135.01 133.54 136.15
1024 132.94 133.55 135.74
1025 134.76 133.73 135.41
1026 134.53 134.07 135.07
1027 134.33 134.31 134.80
1028 135.93 134.50 134.67
1029 135.68 135.05 134.52
1030 135.28 135.15 134.52
1031 134.07 135.06 134.44
1032 135.97 135.39 134.41
1033 135.45 135.29 134.33
1034 135.32 135.22 134.25
1035 135.45 135.25 134.29
1036 134.81 135.40 134.46
1037 134.80 135.17 134.54
1038 135.27 135.13 134.61
1039 133.71 134.81 134.65
1040 133.88 134.49 134.66
1041 134.28 134.39 134.73
1042 133.69 134.17 134.76
1043 132.75 133.66 134.65
1044 132.28 133.38 134.61
1045 131.00 132.80 134.42
1046 131.58 132.26 134.28
1047 129.70 131.46 134.04
1048 128.22 130.56 133.66
1049 128.86 129.87 133.32
1050 127.40 129.15 132.92
1051 128.24 128.48 132.63
1052 128.67 128.28 132.27
1053 130.54 128.74 132.02
1054 128.74 128.72 131.69
1055 129.69 129.18 131.41
1056 131.06 129.74 131.22
1057 130.82 130.17 131.02
1058 130.99 130.26 130.81
1059 129.80 130.47 130.61
1060 129.72 130.48 130.40
1061 130.41 130.35 130.21
1062 128.84 129.95 129.97
1063 128.68 129.49 129.76
1064 130.07 129.54 129.65
1065 130.81 129.76 129.64
1066 130.72 129.82 129.60
1067 130.25 130.11 129.63
1068 129.45 130.26 129.69
1069 128.58 129.96 129.67
1070 127.55 129.31 129.68
1071 126.86 128.54 129.61
1072 127.17 127.92 129.54
1073 127.70 127.57 129.40
1074 128.26 127.51 129.37
1075 128.54 127.71 129.31
1076 128.16 127.97 129.17
1077 128.32 128.20 129.04
1078 128.51 128.36 128.92
1079 129.37 128.58 128.90
1080 129.24 128.72 128.87
1081 129.60 129.01 128.83
1082 132.20 129.78 129.00
1083 134.14 130.91 129.27
1084 135.19 132.07 129.53
1085 134.83 133.19 129.73
1086 133.83 134.04 129.89
1087 133.79 134.36 130.06
1088 134.50 134.43 130.32
1089 135.25 134.44 130.65
1090 136.09 134.69 131.08
1091 136.66 135.26 131.57
1092 135.63 135.63 131.99
1093 134.53 135.63 132.33
1094 134.59 135.50 132.65
1095 134.55 135.19 132.95
1096 133.60 134.58 133.22
1097 133.21 134.10 133.47
1098 133.79 133.95 133.73
1099 134.93 134.02 134.01
1100 135.61 134.23 134.33
1101 136.01 134.71 134.65
1102 136.39 135.35 134.86
1103 138.35 136.26 135.07
1104 140.08 137.29 135.31
1105 139.61 138.09 135.55
1106 139.20 138.73 135.82
1107 140.52 139.55 136.16
1108 140.65 140.01 136.46
1109 139.02 139.80 136.65
1110 138.94 139.67 136.79
1111 138.52 139.53 136.89
1112 139.16 139.26 137.06
1113 138.75 138.88 137.27
1114 140.29 139.13 137.56
1115 139.94 139.33 137.83
1116 139.50 139.53 138.12
1117 139.99 139.69 138.46
1118 138.34 139.61 138.69
1119 138.82 139.32 138.88
1120 138.15 138.96 139.01
1121 135.45 138.15 138.98
1122 137.20 137.59 139.02
1123 136.50 137.22 138.93
1124 136.26 136.71 138.74
1125 136.37 136.36 138.58
1126 135.01 136.27 138.37
1127 135.57 135.94 138.12
1128 134.63 135.57 137.82
1129 133.64 135.04 137.55
1130 134.63 134.70 137.34
1131 136.39 134.97 137.23
1132 135.77 135.01 137.06
1133 135.65 135.22 136.91
1134 135.48 135.58 136.66
1135 135.16 135.69 136.43
1136 134.64 135.34 136.18
1137 135.50 135.29 135.96
1138 135.67 135.29 135.82
1139 136.30 135.45 135.70
1140 135.84 135.59 135.58
1141 136.66 135.99 135.64
1142 136.77 136.25 135.62
1143 136.13 136.34 135.60
1144 135.67 136.21 135.57
1145 136.19 136.28 135.56
1146 135.61 136.07 135.60
1147 135.20 135.76 135.58
1148 136.24 135.78 135.66
1149 136.33 135.91 135.79
1150 136.26 135.93 135.87
1151 137.43 136.29 135.93
1152 138.19 136.89 136.05
1153 138.66 137.37 136.20
1154 138.83 137.87 136.36
1155 138.08 138.24 136.51
1156 137.80 138.31 136.67
1157 137.24 138.12 136.76
1158 137.86 137.96 136.86
1159 138.77 137.95 136.99
1160 138.48 138.03 137.12
1161 137.65 138.00 137.17
1162 137.18 137.99 137.19
1163 136.11 137.64 137.19
1164 136.04 137.09 137.21
1165 135.96 136.59 137.20
1166 136.06 136.27 137.22
1167 135.57 135.95 137.24
1168 135.33 135.79 137.19
1169 133.47 135.28 137.05
1170 132.98 134.68 136.88
1171 133.32 134.13 136.68
1172 134.63 133.95 136.50
1173 135.02 133.88 136.32
1174 136.32 134.45 136.19
1175 136.94 135.25 136.14
1176 136.32 135.85 136.06
1177 135.68 136.06 135.98
1178 136.18 136.29 135.90
1179 136.59 136.34 135.79
1180 134.41 135.84 135.59
1181 134.43 135.46 135.43
1182 134.84 135.29 135.31
1183 134.66 134.99 135.24
1184 134.94 134.66 135.18
1185 133.94 134.56 135.08
1186 134.13 134.50 134.99
1187 134.70 134.47 134.94
1188 134.87 134.52 134.92
1189 135.56 134.64 135.02
1190 134.89 134.83 135.12
1191 135.37 135.08 135.22
1192 136.10 135.36 135.29
1193 136.21 135.63 135.35
1194 136.47 135.81 135.36
1195 135.34 135.90 135.28
1196 135.74 135.97 135.25
1197 135.44 135.84 135.24
1198 136.28 135.85 135.25
1199 135.87 135.73 135.21
1200 134.15 135.50 135.20
1201 133.47 135.04 135.15
1202 133.44 134.64 135.08
1203 132.79 133.94 134.98
1204 131.62 133.09 134.82
1205 132.78 132.82 134.76
1206 132.94 132.71 134.70
1207 132.76 132.58 134.60
1208 131.99 132.42 134.46
1209 132.48 132.59 134.31
1210 132.37 132.51 134.18
1211 132.48 132.42 134.04
1212 132.06 132.28 133.83
1213 132.23 132.32 133.64
1214 132.38 132.30 133.43
1215 131.36 132.10 133.23
1216 131.81 131.97 133.03
1217 131.32 131.82 132.83
1218 131.93 131.76 132.61
1219 131.74 131.63 132.41
1220 130.68 131.50 132.23
1221 130.44 131.22 132.08
1222 130.25 131.01 131.92
1223 130.12 130.65 131.79
1224 129.87 130.27 131.70
1225 130.09 130.15 131.57
1226 130.53 130.17 131.44
1227 130.78 130.28 131.35
1228 134.06 131.07 131.45
1229 133.95 131.88 131.52
1230 133.58 132.58 131.58
1231 133.84 133.24 131.65
1232 133.96 133.88 131.75
1233 133.36 133.74 131.80
1234 132.66 133.48 131.82
1235 133.32 133.43 131.91
1236 133.16 133.29 131.98
1237 133.17 133.13 132.07
1238 132.78 133.02 132.12
1239 131.83 132.85 132.12
1240 132.26 132.64 132.20
1241 131.96 132.40 132.28
1242 131.67 132.10 132.35
1243 132.21 131.99 132.45
1244 132.14 132.05 132.57
1245 131.67 131.93 132.64
