20 87.55 86.61 86.14
21 86.56 86.69 86.25
22 86.23 86.64 86.31
23 86.37 86.61 86.43
24 85.60 86.46 86.48
25 85.51 86.05 86.49
26 85.89 85.92 86.52
27 85.88 85.85 86.54
28 85.97 85.77 86.53
29 85.74 85.80 86.45
30 85.69 85.83 86.38
31 85.85 85.83 86.31
32 85.85 85.82 86.27
33 86.20 85.87 86.24
34 87.03 86.12 86.21
35 87.23 86.43 86.23
36 86.99 86.66 86.27
37 87.53 87.00 86.33
38 87.21 87.20 86.36
39 87.01 87.19 86.39
40 87.08 87.16 86.37
41 86.78 87.12 86.38
42 86.35 86.89 86.39
43 86.22 86.69 86.38
44 86.13 86.51 86.41
45 85.37 86.17 86.40
46 86.03 86.02 86.41
47 85.52 85.85 86.39
48 85.92 85.79 86.39
49 86.65 85.90 86.43
50 87.15 86.25 86.50
51 87.73 86.59 86.60
52 87.91 87.07 86.70
53 87.62 87.41 86.77
54 88.35 87.75 86.84
55 88.59 88.04 86.91
56 88.60 88.21 86.99
57 88.01 88.23 87.01
58 88.19 88.35 87.06
59 88.29 88.34 87.12
60 88.60 88.34 87.20
61 88.37 88.29 87.28
62 88.97 88.48 87.41
63 88.82 88.61 87.54
64 88.64 88.68 87.67
65 89.10 88.78 87.85
66 88.98 88.90 88.00
67 88.30 88.77 88.14
68 88.54 88.71 88.27
69 88.30 88.64 88.35
70 87.73 88.37 88.38
71 89.66 88.51 88.48
72 89.61 88.77 88.56
73 89.68 89.00 88.67
74 89.21 89.18 88.71
75 89.22 89.48 88.74
76 88.62 89.27 88.74
77 89.14 89.17 88.80
78 89.57 89.15 88.87
79 90.58 89.43 88.98
80 90.83 89.75 89.09
81 90.93 90.21 89.22
82 91.33 90.65 89.34
83 92.10 91.15 89.50
84 93.05 91.65 89.72
85 93.02 92.09 89.92
86 93.43 92.59 90.14
87 93.05 92.93 90.38
88 93.55 93.22 90.63
89 93.23 93.26 90.88
90 93.71 93.39 91.18
91 93.00 93.31 91.34
92 92.32 93.16 91.48
93 92.09 92.87 91.60
94 92.70 92.76 91.77
95 92.34 92.49 91.93
96 92.96 92.48 92.15
97 92.46 92.51 92.31
98 93.50 92.79 92.51
99 94.13 93.08 92.69
100 93.94 93.40 92.84
101 92.55 93.32 92.92
102 92.06 93.24 92.96
103 92.05 92.95 92.96
104 91.94 92.51 92.90
105 91.65 92.05 92.83
106 91.49 91.84 92.74
107 90.58 91.54 92.61
108 91.57 91.45 92.51
109 92.45 91.55 92.47
110 92.78 91.77 92.43
111 92.68 92.01 92.41
112 93.19 92.53 92.46
113 92.55 92.73 92.48
114 93.24 92.89 92.51
115 94.05 93.14 92.59
116 93.82 93.37 92.63
117 94.97 93.73 92.76
118 95.37 94.29 92.85
119 95.60 94.76 92.93
120 96.12 95.18 93.04
121 95.95 95.60 93.21
122 96.35 95.88 93.42
123 96.06 96.02 93.62
124 95.73 96.04 93.81
125 95.72 95.96 94.01
126 95.55 95.88 94.22
127 95.57 95.73 94.47
128 95.81 95.68 94.68
129 95.33 95.60 94.82
130 94.90 95.43 94.93
131 94.89 95.30 95.04
132 94.30 95.05 95.09
133 95.03 94.89 95.22
134 95.27 94.88 95.32
135 95.56 95.01 95.39
136 96.10 95.25 95.51
137 96.49 95.69 95.58
138 96.70 96.02 95.65
139 97.36 96.44 95.74
140 96.93 96.72 95.78
141 95.92 96.68 95.78
142 95.29 96.44 95.73
143 95.25 96.15 95.69
144 96.37 95.95 95.72
145 96.51 95.87 95.76
146 96.27 95.94 95.79
147 96.27 96.13 95.83
148 96.02 96.29 95.84
149 95.71 96.16 95.86
150 96.96 96.25 95.96
151 97.18 96.43 96.07
152 96.89 96.55 96.20
153 96.08 96.56 96.26
154 95.90 96.60 96.29
155 96.14 96.44 96.32
156 96.39 96.28 96.33
157 97.15 96.33 96.36
158 97.19 96.55 96.39
159 97.35 96.84 96.39
160 97.07 97.03 96.40
161 98.12 97.38 96.51
162 98.88 97.72 96.69
163 100.76 98.44 96.96
164 100.18 99.00 97.15
165 103.44 100.28 97.50
166 102.49 101.15 97.81
167 102.77 101.93 98.13
168 106.62 103.10 98.66
169 106.16 104.30 99.19
170 100.89 103.79 99.38
171 97.75 102.84 99.41
172 97.92 101.87 99.46
173 96.66 99.88 99.49
174 96.98 98.04 99.55
175 96.77 97.22 99.58
176 97.51 97.17 99.63
177 97.29 97.04 99.64
178 96.85 97.08 99.62
179 96.79 97.04 99.59
180 97.59 97.21 99.62
181 94.85 96.67 99.46
182 94.01 96.02 99.21
183 93.72 95.39 98.86
184 95.50 95.13 98.63
185 96.88 94.99 98.30
186 97.18 95.46 98.03
187 98.03 96.26 97.80
188 90.02 95.52 96.97
189 90.10 94.44 96.16
190 88.94 92.85 95.57
191 87.42 90.90 95.05
192 87.35 88.77 94.52
193 87.52 88.27 94.06
194 87.52 87.75 93.59
195 88.17 87.60 93.16
196 86.66 87.44 92.62
197 85.97 87.17 92.05
198 85.16 86.70 91.47
199 84.30 86.05 90.84
200 84.51 85.32 90.19
201 85.13 85.01 89.70
202 84.88 84.80 89.25
203 85.36 84.84 88.83
204 84.83 84.94 88.30
205 83.41 84.72 87.62
206 83.41 84.38 86.93
207 83.17 84.04 86.19
208 83.29 83.62 85.85
209 84.80 83.62 85.59
210 84.29 83.79 85.36
211 86.14 84.34 85.29
212 85.50 84.80 85.20
213 86.56 85.46 85.15
214 85.73 85.64 85.06
215 85.43 85.87 84.93
216 85.13 85.67 84.85
217 85.93 85.76 84.85
218 86.47 85.74 84.91
219 86.58 85.91 85.03
220 86.71 86.16 85.14
221 86.58 86.45 85.21
222 88.23 86.91 85.38
223 87.86 87.19 85.50
224 89.13 87.70 85.72
225 88.17 87.99 85.96
226 88.78 88.43 86.22
227 87.84 88.36 86.46
228 86.33 88.05 86.61
229 86.90 87.60 86.71
230 85.50 87.07 86.78
231 85.53 86.42 86.74
232 85.77 86.01 86.76
233 84.87 85.71 86.67
234 83.98 85.13 86.59
235 83.54 84.74 86.49
236 83.57 84.35 86.41
237 83.83 83.96 86.31
238 83.98 83.78 86.18
239 83.86 83.76 86.05
240 83.96 83.84 85.91
241 83.62 83.85 85.76
242 84.62 84.01 85.58
243 84.90 84.19 85.43
244 84.94 84.41 85.22
245 84.94 84.60 85.06
246 84.78 84.84 84.86
247 84.49 84.81 84.70
248 83.95 84.62 84.58
249 83.97 84.43 84.43
250 84.03 84.24 84.36
251 83.89 84.07 84.27
252 83.16 83.80 84.14
253 82.56 83.52 84.03
254 81.90 83.11 83.92
255 82.85 82.87 83.89
256 83.08 82.71 83.87
257 83.31 82.74 83.84
258 83.71 82.97 83.83
259 83.46 83.28 83.81
260 83.24 83.36 83.77
261 83.34 83.41 83.76
262 83.33 83.42 83.69
263 82.55 83.18 83.57
264 82.67 83.03 83.46
265 82.23 82.82 83.33
266 81.51 82.46 83.16
267 81.07 82.01 82.99
268 81.02 81.70 82.84
269 80.87 81.34 82.69
270 80.66 81.03 82.52
271 81.37 81.00 82.39
272 80.49 80.88 82.26
273 80.57 80.79 82.16
274 80.98 80.81 82.12
275 81.70 81.02 82.06
276 82.72 81.29 82.04
277 82.20 81.63 81.98
278 83.11 82.14 81.95
279 83.85 82.72 81.97
280 84.31 83.24 82.03
281 83.92 83.48 82.06
282 84.00 83.84 82.09
283 83.37 83.89 82.13
284 82.75 83.67 82.14
285 83.37 83.48 82.19
286 83.05 83.31 82.27
287 83.17 83.14 82.37
288 83.30 83.13 82.49
289 84.31 83.44 82.66
290 84.31 83.63 82.84
291 85.21 84.06 83.03
292 84.84 84.39 83.25
293 84.47 84.63 83.45
294 85.33 84.83 83.66
295 84.78 84.93 83.82
296 85.90 85.06 83.98
297 86.99 85.49 84.22
298 87.36 86.07 84.43
299 87.51 86.51 84.61
300 88.18 87.19 84.81
301 88.79 87.77 85.05
302 90.76 88.52 85.39
303 89.39 88.93 85.69
304 90.21 89.47 86.06
305 89.86 89.80 86.39
306 89.78 90.00 86.72
307 89.30 89.71 87.03
308 89.45 89.72 87.34
309 87.90 89.26 87.52
310 88.61 89.01 87.73
311 89.81 89.01 87.96
312 89.43 89.04 88.19
313 89.97 89.14 88.47
314 89.98 89.56 88.70
315 90.18 89.87 88.97
316 90.46 90.00 89.20
317 91.13 90.34 89.40
318 91.99 90.75 89.63
319 91.51 91.05 89.83
320 90.57 91.13 89.95
321 91.05 91.25 90.07
322 91.83 91.39 90.12
323 91.76 91.34 90.24
324 91.47 91.34 90.30
325 91.00 91.42 90.36
326 92.17 91.65 90.48
327 90.66 91.41 90.55
328 91.04 91.27 90.63
329 90.03 90.98 90.73
330 89.51 90.68 90.78
331 88.63 89.97 90.72
332 89.29 89.70 90.71
333 87.85 89.06 90.61
334 88.35 88.73 90.52
335 88.91 88.61 90.46
336 87.67 88.41 90.32
337 87.93 88.14 90.16
338 88.66 88.30 89.99
339 88.84 88.40 89.86
340 89.31 88.48 89.80
341 89.50 88.85 89.72
342 88.83 89.03 89.57
343 89.48 89.19 89.46
344 89.54 89.33 89.36
345 89.24 89.32 89.27
346 88.01 89.02 89.06
347 88.31 88.92 88.95
348 86.31 88.28 88.71
349 86.86 87.75 88.55
350 86.42 87.18 88.40
351 85.92 86.76 88.26
352 86.16 86.33 88.10
353 86.05 86.28 88.02
354 85.40 85.99 87.87
355 85.20 85.75 87.68
356 85.18 85.60 87.56
357 83.99 85.16 87.36
358 84.34 84.82 87.14
359 84.60 84.66 86.93
360 84.25 84.47 86.68
361 83.19 84.07 86.36
362 83.14 83.90 86.08
363 83.04 83.64 85.76
364 82.91 83.31 85.43
365 82.55 82.97 85.09
366 81.29 82.59 84.76
367 80.87 82.13 84.38
368 80.61 81.65 84.10
369 81.69 81.40 83.84
370 81.59 81.21 83.60
371 82.94 81.54 83.45
372 83.16 82.00 83.30
373 83.76 82.63 83.19
374 82.35 82.76 83.03
375 82.79 83.00 82.91
376 83.02 83.02 82.80
377 83.49 83.08 82.78
378 83.87 83.10 82.76
379 82.92 83.22 82.67
380 83.29 83.32 82.62
381 83.80 83.47 82.65
382 83.79 83.53 82.69
383 83.91 83.54 82.73
384 83.01 83.56 82.73
385 82.57 83.42 82.74
386 82.71 83.20 82.81
387 82.20 82.88 82.87
388 83.88 82.87 83.04
389 83.32 82.94 83.12
390 83.54 83.13 83.22
391 83.38 83.26 83.24
392 82.48 83.32 83.20
393 81.33 82.81 83.08
394 81.43 82.43 83.04
395 80.88 81.90 82.94
396 81.13 81.45 82.85
397 80.59 81.07 82.70
398 80.70 80.95 82.54
399 80.97 80.85 82.45
400 80.54 80.79 82.31
401 80.33 80.63 82.13
402 79.18 80.34 81.90
403 79.09 80.02 81.66
404 78.47 79.52 81.44
405 78.88 79.19 81.25
406 80.08 79.14 81.12
407 80.32 79.37 81.03
408 79.81 79.51 80.82
409 79.92 79.80 80.65
410 79.87 80.00 80.47
411 79.16 79.82 80.26
412 81.12 79.98 80.19
413 80.64 80.14 80.16
414 81.06 80.37 80.14
415 80.79 80.55 80.13
416 80.46 80.81 80.10
417 79.97 80.58 80.07
418 80.59 80.57 80.06
419 80.93 80.55 80.06
420 81.01 80.59 80.08
421 81.63 80.83 80.15
422 81.68 81.17 80.27
423 81.62 81.37 80.40
424 82.30 81.65 80.59
425 81.97 81.84 80.75
426 82.14 81.94 80.85
427 82.10 82.03 80.94
428 81.83 82.07 81.04
429 82.19 82.05 81.15
430 82.07 82.07 81.26
431 81.87 82.01 81.40
432 81.85 81.96 81.44
433 82.18 82.03 81.51
434 81.90 81.97 81.55
435 82.11 81.98 81.62
436 82.70 82.15 81.73
437 82.73 82.32 81.87
438 82.72 82.43 81.98
439 82.94 82.64 82.08
440 83.05 82.83 82.18
441 83.05 82.90 82.25
442 84.75 83.30 82.40
443 84.72 83.70 82.56
444 84.54 84.02 82.67
445 84.03 84.22 82.77
446 83.73 84.35 82.85
447 83.25 84.05 82.91
448 82.99 83.71 82.97
449 82.69 83.34 82.99
450 82.82 83.10 83.03
451 82.67 82.88 83.07
452 83.18 82.87 83.14
453 83.57 82.99 83.21
454 83.77 83.20 83.30
455 84.43 83.52 83.42
456 83.74 83.74 83.47
457 83.17 83.74 83.49
458 83.09 83.64 83.51
459 83.97 83.68 83.56
460 83.66 83.53 83.59
461 84.53 83.68 83.67
462 85.24 84.10 83.69
463 85.75 84.63 83.74
464 85.90 85.02 83.81
465 85.51 85.39 83.88
466 86.26 85.73 84.01
467 85.60 85.80 84.13
468 85.70 85.79 84.26
469 85.86 85.79 84.42
470 85.13 85.71 84.54
471 85.36 85.53 84.67
472 85.47 85.50 84.79
473 85.74 85.51 84.89
474 86.08 85.56 85.01
475 85.63 85.66 85.07
476 84.99 85.58 85.13
477 84.92 85.47 85.22
478 84.54 85.23 85.29
479 84.04 84.82 85.30
480 83.90 84.48 85.31
481 83.92 84.26 85.28
482 83.98 84.08 85.21
483 84.84 84.14 85.17
484 86.11 84.55 85.18
485 86.19 85.01 85.21
486 86.42 85.51 85.22
487 87.06 86.12 85.29
488 87.97 86.75 85.41
489 88.96 87.32 85.56
490 88.45 87.77 85.73
491 88.31 88.15 85.88
492 88.23 88.38 86.01
493 88.52 88.49 86.15
494 88.84 88.47 86.29
495 88.67 88.51 86.44
496 88.41 88.53 86.61
497 88.91 88.67 86.81
498 88.51 88.67 87.01
499 88.27 88.55 87.22
500 88.32 88.48 87.44
501 88.55 88.51 87.68
502 89.99 88.73 87.98
503 90.59 89.14 88.26
504 91.44 89.78 88.53
505 91.42 90.40 88.79
506 92.42 91.17 89.09
507 92.24 91.62 89.35
508 92.49 92.00 89.58
509 92.39 92.19 89.75
510 93.22 92.55 89.99
511 93.89 92.85 90.27
512 94.92 93.38 90.60
513 94.41 93.77 90.89
514 95.08 94.30 91.21
515 95.02 94.66 91.52
516 94.27 94.74 91.82
517 95.23 94.80 92.13
518 97.54 95.43 92.58
519 97.21 95.85 93.03
520 95.01 95.85 93.37
521 95.23 96.04 93.70
522 96.12 96.22 94.01
523 96.21 95.96 94.29
524 96.08 95.73 94.52
525 95.44 95.82 94.72
526 95.26 95.82 94.86
527 97.43 96.08 95.12
528 98.15 96.47 95.41
529 97.71 96.80 95.67
530 98.50 97.41 95.94
531 100.11 98.38 96.25
532 100.92 99.08 96.55
533 102.06 99.86 96.93
534 101.42 100.60 97.25
535 103.21 101.54 97.66
536 102.81 102.08 98.08
537 102.01 102.30 98.42
538 102.43 102.38 98.67
539 101.78 102.45 98.89
540 101.68 102.14 99.23
541 100.86 101.75 99.51
542 101.59 101.67 99.78
543 101.58 101.50 100.05
544 101.70 101.48 100.33
545 101.19 101.38 100.62
546 100.20 101.25 100.87
547 100.99 101.13 101.05
548 99.46 100.71 101.11
549 98.80 100.13 101.17
550 99.61 99.81 101.22
551 98.96 99.56 101.16
552 99.36 99.24 101.09
553 99.27 99.20 100.95
554 99.06 99.25 100.83
555 99.22 99.17 100.63
556 100.67 99.52 100.52
557 100.93 99.83 100.47
558 101.70 100.32 100.43
559 101.44 100.79 100.41
560 100.80 101.11 100.37
561 101.52 101.28 100.40
562 100.53 101.20 100.35
563 100.99 101.06 100.32
564 101.52 101.07 100.31
565 100.50 101.01 100.28
566 100.99 100.91 100.32
567 99.19 100.64 100.23
568 99.82 100.40 100.24
569 98.96 99.89 100.25
570 99.15 99.62 100.23
571 99.16 99.26 100.24
572 98.52 99.12 100.20
573 98.66 98.89 100.17
574 98.28 98.75 100.13
575 103.13 99.55 100.32
576 105.46 100.81 100.56
577 106.54 102.41 100.84
578 106.40 103.96 101.08
579 106.71 105.65 101.34
580 107.09 106.44 101.66
581 106.23 106.59 101.89
582 104.07 106.10 102.07
583 106.26 106.07 102.33
584 104.90 105.71 102.50
585 105.38 105.37 102.75
586 106.93 105.51 103.04
587 106.17 105.93 103.39
588 105.45 105.77 103.67
589 105.11 105.81 103.98
590 104.95 105.72 104.27
591 104.48 105.23 104.54
592 104.60 104.92 104.84
593 104.84 104.80 105.15
594 105.62 104.90 105.52
595 105.06 104.92 105.61
596 105.78 105.18 105.63
597 106.22 105.50 105.61
598 106.27 105.79 105.61
599 106.47 105.96 105.59
600 105.86 106.12 105.53
601 105.78 106.12 105.51
602 105.97 106.07 105.61
603 105.90 106.00 105.59
604 105.72 105.85 105.63
605 105.84 105.84 105.65
606 105.43 105.77 105.58
607 105.44 105.67 105.54
608 104.91 105.47 105.51
609 105.17 105.36 105.52
610 104.87 105.16 105.51
611 105.08 105.09 105.54
612 106.06 105.22 105.61
613 105.07 105.25 105.63
614 105.02 105.22 105.60
615 105.73 105.39 105.63
616 105.26 105.43 105.60
617 104.81 105.18 105.53
618 104.60 105.08 105.45
619 105.82 105.24 105.42
620 104.24 104.95 105.34
621 103.79 104.65 105.24
622 102.68 104.23 105.07
623 102.51 103.81 104.90
624 102.76 103.20 104.75
625 103.84 103.12 104.65
626 104.16 103.19 104.59
627 104.83 103.62 104.56
628 104.98 104.11 104.56
629 104.73 104.51 104.54
630 104.57 104.65 104.53
631 103.72 104.57 104.46
632 104.33 104.47 104.37
633 105.33 104.54 104.39
634 105.41 104.67 104.40
635 105.78 104.91 104.41
636 105.48 105.27 104.42
637 104.84 105.37 104.42
638 105.05 105.31 104.44
639 104.70 105.17 104.39
640 103.86 104.79 104.37
641 104.92 104.67 104.42
642 104.64 104.63 104.52
643 105.47 104.72 104.67
644 105.56 104.89 104.81
645 105.92 105.30 104.91
646 106.69 105.66 105.04
647 106.55 106.04 105.13
648 106.27 106.20 105.19
649 106.46 106.38 105.28
650 106.95 106.58 105.40
651 106.76 106.60 105.55
652 105.68 106.42 105.62
653 105.31 106.23 105.61
654 105.56 106.05 105.62
655 105.65 105.79 105.62
656 106.16 105.67 105.65
657 106.67 105.87 105.74
658 105.86 105.98 105.78
659 105.28 105.92 105.81
660 104.88 105.77 105.86
661 105.27 105.59 105.88
662 104.29 105.12 105.86
663 105.11 104.97 105.84
664 105.36 104.98 105.83
665 104.87 104.98 105.78
666 105.06 104.94 105.70
667 105.32 105.14 105.64
668 105.72 105.27 105.61
669 106.24 105.44 105.60
670 105.99 105.67 105.55
671 107.09 106.07 105.57
672 107.18 106.44 105.64
673 106.53 106.61 105.70
674 105.89 106.54 105.72
675 105.99 106.54 105.74
676 105.73 106.26 105.72
677 105.63 105.95 105.66
678 106.62 105.97 105.70
679 106.39 106.07 105.76
680 106.53 106.18 105.84
681 105.87 106.21 105.87
682 106.28 106.34 105.97
683 106.90 106.39 106.06
684 107.34 106.58 106.16
685 107.22 106.72 106.28
686 107.10 106.97 106.38
687 106.96 107.10 106.46
688 107.08 107.14 106.53
689 107.65 107.20 106.60
690 109.32 107.62 106.77
691 108.45 107.89 106.83
692 108.10 108.12 106.88
693 108.15 108.33 106.96
694 108.69 108.54 107.10
695 107.96 108.27 107.20
696 108.63 108.31 107.34
697 108.04 108.29 107.46
698 107.95 108.25 107.53
699 108.23 108.16 107.62
700 107.41 108.05 107.67
701 107.15 107.76 107.73
702 107.47 107.64 107.79
703 107.09 107.47 107.80
704 107.95 107.41 107.83
705 108.11 107.55 107.87
706 107.69 107.66 107.90
707 108.25 107.82 107.97
708 108.60 108.12 108.04
709 108.57 108.24 108.09
710 108.77 108.38 108.06
711 109.57 108.75 108.12
712 109.21 108.94 108.17
713 108.95 109.01 108.21
714 109.31 109.16 108.25
715 108.85 109.18 108.29
716 109.13 109.09 108.32
717 109.50 109.15 108.39
718 108.27 109.01 108.40
719 108.34 108.82 108.41
720 107.89 108.63 108.43
721 108.19 108.44 108.49
722 107.18 107.97 108.47
723 107.37 107.79 108.48
724 107.94 107.71 108.48
725 108.60 107.86 108.51
726 108.61 107.94 108.55
727 109.26 108.36 108.61
728 109.49 108.78 108.65
729 109.46 109.08 108.69
730 110.09 109.38 108.76
731 109.47 109.55 108.76
732 110.77 109.86 108.83
733 111.78 110.31 108.97
734 111.37 110.70 109.08
735 111.72 111.02 109.22
736 112.22 111.57 109.38
737 113.15 112.05 109.56
738 113.12 112.32 109.80
739 113.22 112.69 110.04
740 113.45 113.03 110.32
741 113.47 113.28 110.59
742 113.70 113.39 110.91
743 115.58 113.88 111.32
744 116.06 114.45 111.73
745 115.94 114.95 112.10
746 115.75 115.41 112.45
747 116.37 115.94 112.81
748 116.00 116.02 113.13
749 116.11 116.03 113.47
750 116.18 116.08 113.77
751 116.50 116.23 114.12
752 116.13 116.18 114.39
753 116.63 116.31 114.63
754 116.42 116.37 114.89
755 117.02 116.54 115.15
756 117.30 116.70 115.41
757 118.32 117.14 115.66
758 115.65 116.94 115.79
759 115.40 116.74 115.90
760 115.13 116.36 115.98
761 115.00 115.90 116.06
762 115.70 115.38 116.16
763 114.85 115.22 116.12
764 115.33 115.20 116.09
765 115.28 115.23 116.05
766 115.35 115.30 116.03
767 113.96 114.95 115.91
768 114.63 114.91 115.84
769 114.61 114.77 115.77
770 114.70 114.65 115.70
771 115.22 114.62 115.63
772 114.35 114.70 115.54
773 114.46 114.67 115.43
774 114.65 114.68 115.35
775 114.23 114.58 115.21
776 113.98 114.33 115.04
777 112.77 114.02 114.76
778 112.28 113.58 114.59
779 112.42 113.14 114.44
780 112.38 112.77 114.31
781 113.29 112.63 114.22
782 113.99 112.87 114.14
783 114.08 113.23 114.10
784 113.85 113.52 114.02
785 114.45 113.93 113.98
786 113.76 114.03 113.90
787 114.53 114.13 113.93
788 115.31 114.38 113.97
789 115.07 114.62 113.99
790 115.25 114.78 114.02
791 115.67 115.17 114.04
792 115.35 115.33 114.09
793 115.22 115.31 114.13
794 114.94 115.29 114.14
795 114.71 115.18 114.17
796 115.15 115.07 114.22
797 114.94 114.99 114.33
798 115.26 115.00 114.48
799 115.41 115.09 114.63
800 117.17 115.59 114.87
801 117.63 116.08 115.09
802 117.59 116.61 115.27
803 117.34 117.03 115.43
804 117.49 117.44 115.61
805 116.32 117.27 115.71
806 116.20 116.99 115.83
807 116.66 116.80 115.93
808 116.12 116.56 115.97
809 116.13 116.29 116.03
810 115.92 116.21 116.06
811 116.02 116.17 116.08
812 115.91 116.02 116.11
813 115.11 115.82 116.10
814 115.11 115.61 116.11
815 116.14 115.66 116.18
816 116.72 115.80 116.26
817 117.38 116.09 116.38
818 117.09 116.49 116.47
819 116.56 116.78 116.53
820 115.82 116.71 116.46
821 116.03 116.58 116.38
822 115.31 116.16 116.27
823 116.18 115.98 116.21
824 115.87 115.84 116.13
825 115.63 115.80 116.10
826 115.79 115.76 116.07
827 116.02 115.90 116.04
828 115.98 115.86 116.04
829 116.05 115.89 116.03
830 116.18 116.00 116.04
831 115.93 116.03 116.04
832 115.98 116.02 116.04
833 116.00 116.03 116.09
834 116.13 116.04 116.14
835 115.69 115.95 116.12
836 116.14 115.99 116.09
837 116.20 116.03 116.03
838 116.38 116.11 115.99
839 116.32 116.15 115.98
840 116.30 116.27 116.01
841 115.45 116.13 115.98
842 114.94 115.88 115.96
843 115.19 115.64 115.91
844 114.86 115.35 115.86
845 114.49 114.99 115.80
846 114.06 114.71 115.71
847 113.90 114.50 115.61
848 113.76 114.21 115.50
849 113.61 113.96 115.38
850 113.51 113.77 115.24
851 113.79 113.71 115.14
852 113.77 113.69 115.02
853 114.02 113.74 114.93
854 113.65 113.75 114.80
855 113.31 113.71 114.68
856 113.25 113.60 114.54
857 113.82 113.61 114.42
858 113.95 113.60 114.30
859 114.39 113.74 114.20
860 114.34 113.95 114.10
861 114.79 114.26 114.07
862 114.81 114.46 114.06
863 114.22 114.51 114.01
864 113.71 114.37 113.96
865 113.45 114.20 113.91
866 113.33 113.90 113.87
867 113.31 113.60 113.84
868 113.63 113.49 113.83
869 113.62 113.47 113.83
870 113.80 113.54 113.85
871 113.99 113.67 113.86
872 113.98 113.80 113.87
873 113.84 113.85 113.86
874 114.05 113.93 113.88
875 113.91 113.95 113.91
876 113.65 113.89 113.93
877 113.69 113.83 113.92
878 114.39 113.94 113.95
879 114.44 114.02 113.95
880 114.56 114.15 113.96
881 114.32 114.28 113.93
882 114.15 114.37 113.90
883 113.91 114.28 113.89
884 113.74 114.14 113.89
885 114.00 114.02 113.92
886 113.49 113.86 113.92
887 113.58 113.74 113.94
888 113.97 113.76 113.95
889 113.54 113.72 113.95
890 113.19 113.55 113.92
891 112.80 113.42 113.86
892 112.96 113.29 113.81
893 112.50 113.00 113.74
894 112.50 112.79 113.66
895 112.81 112.71 113.61
896 112.50 112.65 113.55
897 112.65 112.59 113.50
898 112.59 112.61 113.41
899 113.22 112.75 113.35
900 113.17 112.83 113.28
901 113.22 112.97 113.22
902 113.18 113.08 113.18
903 112.81 113.12 113.12
904 112.58 112.99 113.06
905 112.30 112.82 112.98
906 112.76 112.73 112.94
907 112.75 112.64 112.90
908 112.66 112.61 112.83
909 112.91 112.68 112.80
910 113.06 112.83 112.80
911 113.30 112.94 112.82
912 113.12 113.01 112.83
913 113.29 113.14 112.87
914 113.61 113.28 112.92
915 114.00 113.46 112.98
916 113.72 113.55 113.05
917 113.67 113.66 113.10
918 113.38 113.68 113.14
919 113.45 113.64 113.15
920 113.34 113.51 113.16
921 113.29 113.43 113.16
922 113.58 113.41 113.18
923 114.49 113.63 113.26
924 114.30 113.80 113.35
925 113.18 113.77 113.39
926 112.90 113.69 113.40
927 113.36 113.65 113.43
928 113.81 113.51 113.49
929 114.05 113.46 113.55
930 114.53 113.73 113.62
931 114.64 114.08 113.69
932 114.99 114.40 113.78
933 115.20 114.68 113.87
934 116.48 115.17 114.02
935 115.96 115.45 114.12
936 115.69 115.66 114.21
937 115.49 115.76 114.31
938 114.75 115.67 114.37
939 114.97 115.37 114.45
940 115.07 115.19 114.54
941 114.92 115.04 114.62
942 114.09 114.76 114.64
943 113.91 114.59 114.61
944 113.39 114.28 114.57
945 113.47 113.96 114.58
946 112.98 113.57 114.59
947 113.69 113.49 114.60
948 112.95 113.30 114.56
949 112.74 113.17 114.50
950 112.30 112.93 114.38
951 112.59 112.85 114.28
952 112.80 112.68 114.17
953 113.18 112.72 114.07
954 113.31 112.84 113.91
955 112.74 112.92 113.75
956 112.28 112.86 113.58
957 113.30 112.96 113.47
958 113.53 113.03 113.41
959 113.77 113.12 113.35
960 114.18 113.41 113.31
961 114.06 113.77 113.26
962 114.31 113.97 113.27
963 117.95 114.85 113.48
964 118.57 115.81 113.73
965 118.85 116.75 114.00
966 118.35 117.61 114.27
967 118.49 118.44 114.51
968 118.57 118.57 114.79
969 119.89 118.83 115.15
970 119.57 118.97 115.51
971 120.43 119.39 115.91
972 121.48 119.99 116.34
973 120.95 120.46 116.73
974 122.05 120.90 117.17
975 123.37 121.66 117.70
976 123.27 122.22 118.25
977 122.05 122.34 118.68
978 122.19 122.59 119.12
979 122.19 122.61 119.54
980 122.44 122.43 119.95
981 122.88 122.35 120.39
982 122.75 122.49 120.81
983 122.73 122.60 121.05
984 122.70 122.70 121.26
985 123.48 122.91 121.49
986 124.26 123.18 121.79
987 123.80 123.39 122.05
988 123.10 123.47 122.28
989 122.09 123.35 122.39
990 122.72 123.19 122.55
991 123.00 122.94 122.67
992 122.01 122.58 122.70
993 121.74 122.31 122.74
994 122.03 122.30 122.74
995 121.35 122.03 122.64
996 121.40 121.71 122.55
997 122.14 121.73 122.55
998 122.03 121.79 122.54
999 122.14 121.81 122.54
1000 122.10 121.96 122.52
1001 121.78 122.04 122.47
1002 119.85 121.58 122.32
1003 118.61 120.90 122.12
1004 117.41 119.95 121.85
1005 117.76 119.08 121.57
1006 117.74 118.27 121.24
1007 116.36 117.58 120.87
1008 115.34 116.92 120.48
1009 115.42 116.52 120.15
1010 136.35 120.24 120.83
1011 135.96 123.89 121.48
1012 133.92 127.40 122.07
1013 135.87 131.50 122.78
1014 136.89 135.80 123.52
1015 135.85 135.70 124.25
1016 134.10 135.33 124.88
1017 131.49 134.84 125.35
1018 131.08 133.88 125.80
1019 129.72 132.45 126.18
1020 128.31 130.94 126.49
1021 127.42 129.60 126.77
1022 126.58 128.62 127.11
1023 127.43 127.89 127.55
1024 126.70 127.29 128.01
1025 127.33 127.09 128.49
1026 128.53 127.31 129.03
1027 128.34 127.67 129.63
1028 129.33 128.05 130.33
1029 128.05 128.32 130.96
1030 127.46 128.34 130.52
1031 126.98 128.03 130.07
1032 127.47 127.86 129.75
1033 126.12 127.22 129.26
1034 125.55 126.72 128.69
1035 126.64 126.55 128.23
1036 125.02 126.16 127.78
1037 125.21 125.71 127.46
1038 125.40 125.56 127.18
1039 125.12 125.48 126.95
1040 125.53 125.26 126.81
1041 125.46 125.34 126.71
1042 124.55 125.21 126.61
1043 124.28 124.99 126.45
1044 123.34 124.63 126.29
1045 122.45 124.02 126.04
1046 123.08 123.54 125.77
1047 121.47 122.92 125.43
1048 120.59 122.19 124.99
1049 121.05 121.73 124.64
1050 120.83 121.40 124.31
1051 120.43 120.87 123.98
1052 120.72 120.72 123.64
1053 122.32 121.07 123.45
1054 122.04 121.27 123.28
1055 122.56 121.61 123.07
1056 123.88 122.30 123.02
1057 125.05 123.17 123.01
1058 124.44 123.59 122.96
1059 123.82 123.95 122.89
1060 124.05 124.25 122.82
1061 124.57 124.39 122.78
1062 123.50 124.08 122.72
1063 123.76 123.94 122.70
1064 124.64 124.10 122.76
1065 124.93 124.28 122.89
1066 124.82 124.33 122.97
1067 124.64 124.56 123.13
1068 124.22 124.65 123.31
1069 123.35 124.39 123.43
1070 122.87 123.98 123.53
1071 122.65 123.55 123.64
1072 122.86 123.19 123.75
1073 123.75 123.10 123.82
1074 124.66 123.36 123.95
1075 124.99 123.78 124.07
1076 124.85 124.22 124.12
1077 125.24 124.70 124.13
1078 123.59 124.67 124.09
1079 125.26 124.79 124.16
1080 124.72 124.73 124.19
1081 124.71 124.70 124.20
1082 126.71 125.00 124.36
1083 128.21 125.92 124.58
1084 130.23 126.92 124.86
1085 129.93 127.96 125.11
1086 128.58 128.73 125.30
1087 128.38 129.07 125.49
1088 129.06 129.24 125.73
1089 129.94 129.18 126.06
1090 130.68 129.33 126.45
1091 130.37 129.69 126.84
1092 129.41 129.89 127.16
1093 128.96 129.87 127.42
1094 129.52 129.79 127.67
1095 129.22 129.50 127.88
1096 128.89 129.20 128.08
1097 128.57 129.03 128.25
1098 129.15 129.07 128.53
1099 130.30 129.23 128.78
1100 131.29 129.64 129.11
1101 131.93 130.25 129.47
1102 132.07 130.95 129.73
1103 132.98 131.71 129.97
1104 133.12 132.28 130.12
1105 133.15 132.65 130.28
1106 133.31 132.93 130.52
1107 134.28 133.37 130.81
1108 133.85 133.54 131.05
1109 131.94 133.31 131.15
1110 132.27 133.13 131.23
1111 132.55 132.98 131.34
1112 132.65 132.65 131.50
1113 132.40 132.36 131.67
1114 134.09 132.79 131.90
1115 133.56 133.05 132.12
1116 133.70 133.28 132.36
1117 133.93 133.54 132.63
1118 132.62 133.58 132.80
1119 132.70 133.30 132.92
1120 131.97 132.98 132.95
1121 131.21 132.49 132.92
1122 132.30 132.16 132.93
1123 131.20 131.88 132.84
1124 130.12 131.36 132.69
1125 130.42 131.05 132.55
1126 129.94 130.80 132.39
1127 130.12 130.36 132.18
1128 129.35 129.99 131.95
1129 127.74 129.51 131.74
1130 128.42 129.11 131.55
1131 130.42 129.21 131.44
1132 129.86 129.16 131.30
1133 130.46 129.38 131.21
1134 130.07 129.85 131.01
1135 129.82 130.13 130.82
1136 129.14 129.87 130.59
1137 129.29 129.76 130.36
1138 129.28 129.52 130.19
1139 129.34 129.37 130.02
1140 128.68 129.15 129.86
1141 128.22 128.96 129.71
1142 128.53 128.81 129.52
1143 128.19 128.59 129.37
1144 128.19 128.36 129.27
1145 128.42 128.31 129.17
1146 127.88 128.24 129.07
1147 127.19 127.97 128.92
1148 127.57 127.85 128.84
1149 127.26 127.66 128.81
1150 126.42 127.26 128.71
1151 126.90 127.07 128.54
1152 126.73 126.98 128.38
1153 127.48 126.96 128.23
1154 127.57 127.02 128.11
1155 127.32 127.20 127.98
1156 127.21 127.26 127.88
1157 127.27 127.37 127.78
1158 128.35 127.54 127.74
1159 128.76 127.78 127.71
1160 128.60 128.04 127.70
1161 127.51 128.10 127.67
1162 126.64 127.97 127.57
1163 126.18 127.54 127.47
1164 125.37 126.86 127.33
1165 126.26 126.39 127.22
1166 125.60 126.01 127.11
1167 125.15 125.71 127.01
1168 124.47 125.37 126.85
1169 123.21 124.94 126.65
1170 122.63 124.21 126.46
1171 122.51 123.59 126.24
1172 122.84 123.13 126.05
1173 123.46 122.93 125.85
1174 124.29 123.15 125.68
1175 124.65 123.55 125.55
1176 124.55 123.96 125.42
1177 123.47 124.08 125.23
1178 124.29 124.25 125.02
1179 124.73 124.34 124.82
1180 122.69 123.95 124.53
1181 123.00 123.64 124.30
1182 123.06 123.55 124.12
1183 123.07 123.31 123.96
1184 123.57 123.08 123.88
1185 123.04 123.15 123.71
1186 122.77 123.10 123.57
1187 123.59 123.21 123.49
1188 123.51 123.30 123.45
1189 124.43 123.47 123.51
1190 123.33 123.53 123.54
1191 124.15 123.80 123.62
1192 124.39 123.96 123.70
1193 124.81 124.22 123.77
1194 125.36 124.41 123.82
1195 125.16 124.77 123.85
1196 125.28 125.00 123.88
1197 125.05 125.13 123.96
1198 125.50 125.27 124.02
1199 124.94 125.19 124.03
1200 124.23 125.00 124.11
1201 123.76 124.70 124.15
1202 122.88 124.26 124.14
1203 122.04 123.57 124.09
1204 121.27 122.84 123.97
1205 122.29 122.45 123.94
1206 122.12 122.12 123.90
1207 122.27 122.00 123.84
1208 122.37 122.06 123.78
1209 122.29 122.27 123.67
1210 122.59 122.33 123.64
1211 122.98 122.50 123.58
1212 122.36 122.52 123.48
1213 122.42 122.53 123.36
1214 122.43 122.56 123.21
1215 121.64 122.37 123.04
1216 122.16 122.20 122.88
1217 121.66 122.06 122.71
1218 121.33 121.84 122.50
1219 121.17 121.59 122.31
1220 120.68 121.40 122.14
1221 120.51 121.07 121.97
1222 119.97 120.73 121.83
1223 119.86 120.44 121.72
1224 119.17 120.04 121.61
1225 119.63 119.83 121.48
1226 119.69 119.66 121.36
1227 121.02 119.87 121.30
1228 123.49 120.60 121.35
1229 123.57 121.48 121.42
1230 123.21 122.20 121.45
1231 123.76 123.01 121.49
1232 123.55 123.52 121.55
1233 123.36 123.49 121.59
1234 122.83 123.34 121.61
1235 123.06 123.31 121.68
1236 122.92 123.14 121.72
1237 123.37 123.11 121.81
1238 123.15 123.07 121.90
1239 122.27 122.95 121.95
1240 122.15 122.77 122.03
1241 122.21 122.63 122.11
1242 121.72 122.30 122.20
1243 122.16 122.10 122.31
1244 121.95 122.04 122.45
1245 121.45 121.90 122.54
